[curriculum] MiniGrid obs=980 | stages=[5, 6, 8, 10, 12, 14, 16] | advance@solve_ema>=0.8

========================================================================
  STAGE 1: MiniGrid-DoorKey-5x5-v0  (max_steps=80, envs=8, rollout=256)
========================================================================
  [5x5] upd   1 | ret   0.19 | solve 0.12 ema 0.03 | len  80.7 | ep  24 | H 1.94 |     2s
  [5x5] upd   2 | ret   0.13 | solve 0.00 ema 0.02 | len  76.3 | ep  24 | H 1.93 |     3s
  [5x5] upd   3 | ret   0.21 | solve 0.04 ema 0.02 | len  71.3 | ep  24 | H 1.90 |     5s
  [5x5] upd   4 | ret   0.16 | solve 0.08 ema 0.04 | len  67.0 | ep  24 | H 1.90 |     6s
  [5x5] upd   5 | ret   0.18 | solve 0.20 ema 0.07 | len  63.4 | ep  25 | H 1.91 |     8s
  [5x5] upd   6 | ret   0.33 | solve 0.31 ema 0.12 | len  60.7 | ep  26 | H 1.90 |    10s
  [5x5] upd   7 | ret   0.24 | solve 0.21 ema 0.13 | len  63.2 | ep  29 | H 1.88 |    12s
  [5x5] upd   8 | ret   0.49 | solve 0.46 ema 0.20 | len  68.6 | ep  26 | H 1.86 |    13s
  [5x5] upd   9 | ret   0.49 | solve 0.52 ema 0.26 | len  67.4 | ep  27 | H 1.82 |    15s
  [5x5] upd  10 | ret   0.89 | solve 0.80 ema 0.37 | len  59.1 | ep  30 | H 1.77 |    17s
  [5x5] upd  11 | ret   1.08 | solve 0.86 ema 0.47 | len  49.6 | ep  36 | H 1.71 |    19s
  [5x5] upd  12 | ret   1.18 | solve 0.91 ema 0.56 | len  43.5 | ep  43 | H 1.61 |    20s
  [5x5] upd  13 | ret   1.41 | solve 1.00 ema 0.65 | len  34.6 | ep  55 | H 1.56 |    21s
  [5x5] upd  14 | ret   1.46 | solve 1.00 ema 0.72 | len  27.1 | ep  71 | H 1.43 |    23s
  [5x5] upd  15 | ret   1.46 | solve 1.00 ema 0.77 | len  26.3 | ep  72 | H 1.26 |    24s
  [5x5] upd  16 | ret   1.48 | solve 0.99 ema 0.82 | len  21.6 | ep  90 | H 1.20 |    26s
  -> cleared MiniGrid-DoorKey-5x5-v0 (ema_solve 0.82) after 16 updates

========================================================================
  STAGE 2: MiniGrid-DoorKey-6x6-v0  (max_steps=80, envs=8, rollout=256)
========================================================================
  [6x6] upd   1 | ret   0.93 | solve 0.78 ema 0.16 | len  60.4 | ep  32 | H 1.38 |    27s
  [6x6] upd   2 | ret   0.95 | solve 0.81 ema 0.29 | len  53.1 | ep  32 | H 1.34 |    28s
  [6x6] upd   3 | ret   0.93 | solve 0.81 ema 0.39 | len  49.5 | ep  36 | H 1.36 |    30s
  [6x6] upd   4 | ret   1.07 | solve 0.77 ema 0.47 | len  47.1 | ep  35 | H 1.35 |    31s
  [6x6] upd   5 | ret   0.96 | solve 0.68 ema 0.51 | len  45.5 | ep  40 | H 1.29 |    33s
  [6x6] upd   6 | ret   1.29 | solve 0.91 ema 0.59 | len  37.9 | ep  47 | H 1.27 |    34s
  [6x6] upd   7 | ret   1.44 | solve 1.00 ema 0.67 | len  32.0 | ep  56 | H 1.23 |    35s
  [6x6] upd   8 | ret   1.41 | solve 0.95 ema 0.73 | len  30.9 | ep  64 | H 1.15 |    36s
  [6x6] upd   9 | ret   1.47 | solve 0.98 ema 0.78 | len  31.1 | ep  60 | H 1.18 |    37s
  [6x6] upd  10 | ret   1.46 | solve 1.00 ema 0.82 | len  32.9 | ep  57 | H 1.19 |    39s
  -> cleared MiniGrid-DoorKey-6x6-v0 (ema_solve 0.82) after 10 updates

========================================================================
  STAGE 3: MiniGrid-DoorKey-8x8-v0  (max_steps=96, envs=8, rollout=256)
========================================================================
  [8x8] upd   1 | ret   0.94 | solve 0.77 ema 0.15 | len  75.3 | ep  22 | H 1.27 |    40s
  [8x8] upd   2 | ret   0.75 | solve 0.65 ema 0.25 | len  67.3 | ep  26 | H 1.31 |    42s
  [8x8] upd   3 | ret   0.87 | solve 0.73 ema 0.35 | len  65.0 | ep  26 | H 1.27 |    43s
  [8x8] upd   4 | ret   0.86 | solve 0.73 ema 0.43 | len  64.2 | ep  26 | H 1.33 |    46s
  [8x8] upd   5 | ret   0.87 | solve 0.64 ema 0.47 | len  61.5 | ep  28 | H 1.27 |    48s
  [8x8] upd   6 | ret   0.69 | solve 0.65 ema 0.51 | len  68.9 | ep  23 | H 1.34 |    50s
  [8x8] upd   7 | ret   0.57 | solve 0.52 ema 0.51 | len  67.2 | ep  25 | H 1.32 |    51s
  [8x8] upd   8 | ret   1.10 | solve 0.78 ema 0.56 | len  52.1 | ep  32 | H 1.23 |    52s
  [8x8] upd   9 | ret   0.88 | solve 0.69 ema 0.59 | len  62.0 | ep  29 | H 1.27 |    54s
  [8x8] upd  10 | ret   0.90 | solve 0.68 ema 0.61 | len  64.1 | ep  28 | H 1.23 |    55s
  [8x8] upd  11 | ret   0.93 | solve 0.68 ema 0.62 | len  61.5 | ep  28 | H 1.22 |    56s
  [8x8] upd  12 | ret   0.99 | solve 0.74 ema 0.65 | len  57.3 | ep  31 | H 1.13 |    57s
  [8x8] upd  13 | ret   1.09 | solve 0.80 ema 0.68 | len  55.8 | ep  30 | H 0.99 |    58s
  [8x8] upd  14 | ret   1.03 | solve 0.73 ema 0.69 | len  56.2 | ep  33 | H 1.05 |    59s
  [8x8] upd  15 | ret   1.16 | solve 0.82 ema 0.71 | len  54.8 | ep  33 | H 1.19 |    61s
  [8x8] upd  16 | ret   1.01 | solve 0.77 ema 0.72 | len  59.4 | ep  30 | H 1.23 |    62s
  [8x8] upd  17 | ret   1.11 | solve 0.93 ema 0.77 | len  58.4 | ep  29 | H 1.20 |    63s
  [8x8] upd  18 | ret   1.10 | solve 0.76 ema 0.76 | len  54.9 | ep  33 | H 1.17 |    64s
  [8x8] upd  19 | ret   1.30 | solve 0.87 ema 0.79 | len  46.2 | ep  39 | H 1.07 |    66s
  [8x8] upd  20 | ret   1.27 | solve 0.94 ema 0.82 | len  50.2 | ep  36 | H 1.11 |    67s
  -> cleared MiniGrid-DoorKey-8x8-v0 (ema_solve 0.82) after 20 updates

========================================================================
  STAGE 4: MiniGrid-DoorKey-10x10-v0  (max_steps=120, envs=8, rollout=256)
========================================================================
  [10x10] upd   1 | ret   1.01 | solve 0.95 ema 0.19 | len  90.1 | ep  19 | H 1.26 |    69s
  [10x10] upd   2 | ret   0.96 | solve 0.76 ema 0.30 | len  71.2 | ep  21 | H 1.32 |    70s
  [10x10] upd   3 | ret   0.90 | solve 0.73 ema 0.39 | len  75.8 | ep  22 | H 1.27 |    71s
  [10x10] upd   4 | ret   0.74 | solve 0.55 ema 0.42 | len  81.4 | ep  20 | H 1.24 |    72s
  [10x10] upd   5 | ret   0.92 | solve 0.73 ema 0.48 | len  74.6 | ep  22 | H 1.24 |    74s
  [10x10] upd   6 | ret   0.86 | solve 0.64 ema 0.51 | len  73.0 | ep  22 | H 1.27 |    75s
  [10x10] upd   7 | ret   1.06 | solve 0.82 ema 0.57 | len  65.2 | ep  28 | H 1.17 |    77s
  [10x10] upd   8 | ret   1.37 | solve 0.96 ema 0.65 | len  65.1 | ep  25 | H 1.18 |    78s
  [10x10] upd   9 | ret   1.17 | solve 0.85 ema 0.69 | len  71.0 | ep  26 | H 1.19 |    79s
  [10x10] upd  10 | ret   1.28 | solve 0.96 ema 0.74 | len  72.0 | ep  25 | H 1.12 |    81s
  [10x10] upd  11 | ret   1.31 | solve 0.94 ema 0.78 | len  55.7 | ep  31 | H 1.15 |    82s
  [10x10] upd  12 | ret   1.14 | solve 0.86 ema 0.80 | len  58.5 | ep  28 | H 1.17 |    83s
  [10x10] upd  13 | ret   1.04 | solve 0.79 ema 0.80 | len  57.5 | ep  24 | H 1.18 |    85s
  [10x10] upd  14 | ret   1.09 | solve 0.77 ema 0.79 | len  56.3 | ep  31 | H 1.10 |    86s
  [10x10] upd  15 | ret   1.31 | solve 0.90 ema 0.81 | len  53.4 | ep  30 | H 1.02 |    88s
  -> cleared MiniGrid-DoorKey-10x10-v0 (ema_solve 0.81) after 15 updates

========================================================================
  STAGE 5: MiniGrid-DoorKey-12x12-v0  (max_steps=144, envs=8, rollout=256)
========================================================================
  [12x12] upd   1 | ret   1.37 | solve 0.88 ema 0.18 | len  94.2 | ep  17 | H 1.05 |    89s
  [12x12] upd   2 | ret   1.23 | solve 0.91 ema 0.32 | len  79.3 | ep  22 | H 0.99 |    91s
  [12x12] upd   3 | ret   1.36 | solve 0.96 ema 0.45 | len  63.0 | ep  25 | H 1.01 |    92s
  [12x12] upd   4 | ret   0.92 | solve 0.71 ema 0.50 | len  91.6 | ep  17 | H 1.06 |    94s
  [12x12] upd   5 | ret   1.15 | solve 0.86 ema 0.57 | len  72.8 | ep  21 | H 1.08 |    95s
  [12x12] upd   6 | ret   1.14 | solve 0.82 ema 0.62 | len  76.4 | ep  22 | H 1.20 |    97s
  [12x12] upd   7 | ret   0.97 | solve 0.80 ema 0.66 | len  81.3 | ep  20 | H 1.14 |    98s
  [12x12] upd   8 | ret   0.91 | solve 0.75 ema 0.68 | len  83.7 | ep  20 | H 1.27 |    99s
  [12x12] upd   9 | ret   1.25 | solve 0.89 ema 0.72 | len  78.1 | ep  18 | H 1.18 |   101s
  [12x12] upd  10 | ret   1.15 | solve 0.82 ema 0.74 | len  66.5 | ep  22 | H 1.16 |   102s
  [12x12] upd  11 | ret   1.14 | solve 0.87 ema 0.76 | len  73.7 | ep  23 | H 1.09 |   104s
  [12x12] upd  12 | ret   1.27 | solve 0.92 ema 0.80 | len  74.9 | ep  24 | H 1.04 |   105s
  [12x12] upd  13 | ret   1.22 | solve 0.95 ema 0.83 | len  81.5 | ep  22 | H 1.00 |   107s
  -> cleared MiniGrid-DoorKey-12x12-v0 (ema_solve 0.83) after 13 updates

========================================================================
  STAGE 6: MiniGrid-DoorKey-14x14-v0  (max_steps=168, envs=8, rollout=256)
========================================================================
  [14x14] upd   1 | ret   1.41 | solve 0.89 ema 0.18 | len  88.5 | ep  19 | H 0.92 |   108s
  [14x14] upd   2 | ret   1.20 | solve 0.82 ema 0.31 | len  91.9 | ep  17 | H 0.98 |   110s
  [14x14] upd   3 | ret   0.94 | solve 0.78 ema 0.40 | len  92.0 | ep  18 | H 0.89 |   111s
  [14x14] upd   4 | ret   0.99 | solve 0.87 ema 0.49 | len 100.9 | ep  15 | H 0.86 |   113s
  [14x14] upd   5 | ret   1.07 | solve 0.75 ema 0.55 | len  83.7 | ep  20 | H 0.95 |   114s
  [14x14] upd   6 | ret   1.02 | solve 0.75 ema 0.59 | len  97.0 | ep  16 | H 1.00 |   116s
  [14x14] upd   7 | ret   0.92 | solve 0.73 ema 0.62 | len  87.2 | ep  15 | H 1.08 |   118s
  [14x14] upd   8 | ret   0.95 | solve 0.88 ema 0.67 | len  82.0 | ep  17 | H 1.08 |   119s
  [14x14] upd   9 | ret   1.17 | solve 0.82 ema 0.70 | len  75.8 | ep  22 | H 0.96 |   121s
  [14x14] upd  10 | ret   1.04 | solve 0.80 ema 0.72 | len  83.2 | ep  15 | H 0.91 |   122s
  [14x14] upd  11 | ret   1.04 | solve 0.75 ema 0.73 | len  60.2 | ep  20 | H 0.84 |   123s
  [14x14] upd  12 | ret   0.99 | solve 0.76 ema 0.73 | len  83.5 | ep  21 | H 0.94 |   125s
  [14x14] upd  13 | ret   1.22 | solve 0.88 ema 0.76 | len  88.8 | ep  17 | H 1.07 |   126s
  [14x14] upd  14 | ret   1.30 | solve 0.86 ema 0.78 | len  78.5 | ep  21 | H 0.97 |   128s
  [14x14] upd  15 | ret   1.19 | solve 0.87 ema 0.80 | len  89.3 | ep  15 | H 1.09 |   129s
  [14x14] upd  16 | ret   0.88 | solve 0.65 ema 0.77 | len  83.2 | ep  17 | H 1.16 |   130s
  [14x14] upd  17 | ret   0.79 | solve 0.59 ema 0.73 | len  93.5 | ep  17 | H 1.17 |   132s
  [14x14] upd  18 | ret   1.05 | solve 0.72 ema 0.73 | len  90.6 | ep  18 | H 1.11 |   133s
  [14x14] upd  19 | ret   1.38 | solve 0.95 ema 0.77 | len  68.9 | ep  21 | H 0.99 |   135s
  [14x14] upd  20 | ret   1.11 | solve 0.74 ema 0.77 | len  80.3 | ep  19 | H 1.00 |   137s
  [14x14] upd  21 | ret   0.68 | solve 0.53 ema 0.72 | len 101.3 | ep  15 | H 1.06 |   138s
  [14x14] upd  22 | ret   1.23 | solve 0.84 ema 0.74 | len  62.1 | ep  19 | H 0.96 |   139s
  [14x14] upd  23 | ret   1.19 | solve 0.76 ema 0.75 | len  60.8 | ep  25 | H 0.86 |   141s
  [14x14] upd  24 | ret   1.29 | solve 0.88 ema 0.78 | len  60.0 | ep  26 | H 0.78 |   142s
  [14x14] upd  25 | ret   1.39 | solve 0.92 ema 0.80 | len  72.7 | ep  24 | H 0.73 |   144s
  -> cleared MiniGrid-DoorKey-14x14-v0 (ema_solve 0.80) after 25 updates

========================================================================
  STAGE 7: MiniGrid-DoorKey-16x16-v0  (max_steps=192, envs=8, rollout=256)
========================================================================
  [16x16] upd   1 | ret   1.46 | solve 0.94 ema 0.19 | len  89.2 | ep  16 | H 0.84 |   146s
  [16x16] upd   2 | ret   0.97 | solve 0.86 ema 0.32 | len  87.9 | ep  14 | H 1.01 |   147s
  [16x16] upd   3 | ret   0.97 | solve 0.65 ema 0.39 | len  79.1 | ep  17 | H 0.90 |   149s
  [16x16] upd   4 | ret   0.96 | solve 0.75 ema 0.46 | len  93.9 | ep  16 | H 0.94 |   151s
  [16x16] upd   5 | ret   1.29 | solve 0.89 ema 0.55 | len  89.4 | ep  18 | H 0.89 |   153s
  [16x16] upd   6 | ret   1.37 | solve 0.91 ema 0.62 | len  78.0 | ep  22 | H 0.87 |   155s
  [16x16] upd   7 | ret   1.28 | solve 0.88 ema 0.67 | len  75.6 | ep  16 | H 0.95 |   156s
  [16x16] upd   8 | ret   1.32 | solve 0.92 ema 0.72 | len  68.6 | ep  25 | H 0.80 |   158s
  [16x16] upd   9 | ret   1.14 | solve 0.86 ema 0.75 | len 110.9 | ep  14 | H 0.98 |   160s
  [16x16] upd  10 | ret   1.36 | solve 0.95 ema 0.79 | len  78.6 | ep  20 | H 0.81 |   161s
  [16x16] upd  11 | ret   1.39 | solve 0.95 ema 0.82 | len  72.7 | ep  19 | H 0.96 |   163s
  -> cleared MiniGrid-DoorKey-16x16-v0 (ema_solve 0.82) after 11 updates

[done] final weights -> checkpoints_curriculum\latest.pt
