========================================================================
  generalModel-v1 — PARALLEL TRAINING (headless)
  MiniGrid: gymnasium.vector.SyncVectorEnv
  Dino:     multiprocess workers (SDL_VIDEODRIVER=dummy)
========================================================================
[generalModel-v1] MiniGrid obs=980 actions=7 | Dino obs=48 actions=3
[parallel] headless | minigrid_envs=8 | dino_envs=4 (multiprocess)
[rollout] minigrid=128×8=1024 | dino=512×4=2048 (×4 game frames/step)
[resume] loading checkpoints_dino_bc/bc_init.pt
[dino-bc] anchor on: 150000 demos, coef=0.5, class_weights=[0.35, 7.5, 35.59]
upd    1 | mg ret   1.53 pi +0.007 v 0.022 H 0.703 | dino ret  46.32 score 185.0 pi -0.012 v 3.112 |      4s
upd    2 | mg ret   1.44 pi +0.045 v 0.013 H 0.382 | dino ret  36.24 score 295.2 pi -0.013 v 6.912 |      6s
upd    3 | mg ret   1.41 pi +0.024 v 0.013 H 0.488 | dino ret  44.65 score 316.2 pi -0.009 v 5.673 |      9s
upd    4 | mg ret   1.43 pi +0.023 v 0.008 H 0.429 | dino ret  17.49 score 171.4 pi +0.002 v 6.010 |     11s
upd    5 | mg ret   1.45 pi +0.003 v 0.014 H 0.371 | dino ret  29.39 score 257.2 pi +0.072 v 10.540 |     15s
upd    6 | mg ret   1.43 pi -0.002 v 0.013 H 0.415 | dino ret  37.55 score 272.3 pi -0.054 v 6.198 |     18s
upd    7 | mg ret   1.46 pi +0.058 v 0.014 H 0.477 | dino ret  36.87 score 278.0 pi +0.016 v 7.751 |     20s
upd    8 | mg ret   1.13 pi +0.052 v 0.061 H 0.518 | dino ret  33.33 score 360.5 pi -0.055 v 3.144 |     23s
upd    9 | mg ret   1.34 pi +0.081 v 0.108 H 0.649 | dino ret  61.18 score 457.5 pi -0.034 v 6.021 |     27s
upd   10 | mg ret   1.19 pi -0.009 v 0.147 H 0.520 | dino ret  18.24 score 131.9 pi +0.016 v 15.834 |     29s
upd   11 | mg ret   1.03 pi +0.006 v 0.128 H 0.522 | dino ret  11.90 score  98.3 pi -0.002 v 19.201 |     31s
upd   12 | mg ret   1.44 pi +0.006 v 0.174 H 0.469 | dino ret   3.60 score  57.7 pi +0.076 v 24.389 |     32s
upd   13 | mg ret   1.39 pi -0.026 v 0.304 H 0.437 | dino ret  -4.38 score  22.9 pi -0.048 v 18.013 |     35s
upd   14 | mg ret   1.21 pi -0.011 v 0.078 H 0.465 | dino ret  -5.48 score  19.4 pi -0.013 v 6.807 |     38s
upd   15 | mg ret   1.38 pi -0.047 v 0.065 H 0.392 | dino ret  -4.30 score  23.0 pi -0.046 v 8.641 |     41s
upd   16 | mg ret   1.31 pi +0.090 v 0.040 H 0.392 | dino ret  -2.50 score  30.8 pi +0.066 v 7.529 |     43s
upd   17 | mg ret   1.41 pi -0.067 v 0.035 H 0.320 | dino ret   2.40 score  47.9 pi -0.037 v 9.976 |     45s
upd   18 | mg ret   1.41 pi +0.023 v 0.025 H 0.292 | dino ret   8.85 score  79.8 pi -0.071 v 8.761 |     46s
upd   19 | mg ret   1.43 pi -0.003 v 0.022 H 0.284 | dino ret  12.96 score 104.8 pi -0.034 v 7.334 |     48s
upd   20 | mg ret   1.43 pi +0.001 v 0.013 H 0.298 | dino ret  12.02 score 196.6 pi -0.035 v 5.325 |     50s
upd   21 | mg ret   1.46 pi +0.021 v 0.020 H 0.344 | dino ret  23.50 score 268.8 pi -0.004 v 6.466 |     52s
upd   22 | mg ret   1.29 pi -0.087 v 0.019 H 0.229 | dino ret  18.72 score 198.5 pi -0.035 v 6.270 |     53s
upd   23 | mg ret   1.35 pi -0.005 v 0.014 H 0.179 | dino ret  43.91 score 288.6 pi +0.006 v 11.452 |     56s
upd   24 | mg ret   1.33 pi +0.014 v 0.023 H 0.191 | dino ret  44.19 score 209.0 pi -0.010 v 6.505 |     59s
upd   25 | mg ret   1.40 pi +0.021 v 0.021 H 0.248 | dino ret  17.96 score 482.5 pi -0.011 v 3.557 |     62s
upd   26 | mg ret   1.43 pi +0.035 v 0.017 H 0.275 | dino ret  24.67 score 286.8 pi +0.035 v 12.287 |     66s
upd   27 | mg ret   1.38 pi -0.037 v 0.082 H 0.263 | dino ret  31.31 score 258.0 pi +0.028 v 8.321 |     69s
upd   28 | mg ret   1.37 pi +0.038 v 0.060 H 0.253 | dino ret  41.08 score 271.0 pi +0.016 v 10.426 |     73s
upd   29 | mg ret   1.46 pi -0.003 v 0.041 H 0.206 | dino ret  27.87 score 164.8 pi -0.003 v 8.103 |     78s
upd   30 | mg ret   1.49 pi +0.021 v 0.029 H 0.217 | dino ret  25.07 score 193.2 pi -0.013 v 11.705 |     82s
upd   31 | mg ret   1.42 pi -0.035 v 0.015 H 0.205 | dino ret  28.13 score 150.2 pi -0.012 v 8.996 |     86s
upd   32 | mg ret   1.48 pi -0.068 v 0.020 H 0.232 | dino ret  21.91 score 193.5 pi -0.008 v 7.380 |     89s
upd   33 | mg ret   1.42 pi +0.080 v 0.016 H 0.353 | dino ret  27.46 score 199.0 pi +0.011 v 10.380 |     93s
upd   34 | mg ret   1.32 pi -0.034 v 0.028 H 0.404 | dino ret  28.05 score 163.9 pi -0.020 v 14.676 |     96s
upd   35 | mg ret   1.34 pi -0.026 v 0.019 H 0.366 | dino ret  33.09 score 174.8 pi +0.021 v 6.549 |    100s
upd   36 | mg ret   1.35 pi +0.008 v 0.015 H 0.247 | dino ret  20.80 score 203.3 pi +0.060 v 6.936 |    103s
upd   37 | mg ret   1.35 pi +0.043 v 0.013 H 0.255 | dino ret  22.87 score 189.3 pi -0.001 v 8.357 |    105s
upd   38 | mg ret   1.40 pi +0.001 v 0.014 H 0.327 | dino ret  16.01 score 267.5 pi -0.012 v 6.440 |    108s
upd   39 | mg ret   1.49 pi -0.011 v 0.008 H 0.260 | dino ret  21.06 score 232.4 pi -0.057 v 9.022 |    110s
upd   40 | mg ret   1.48 pi -0.005 v 0.008 H 0.253 | dino ret  43.05 score 241.5 pi +0.018 v 9.508 |    113s
upd   41 | mg ret   1.44 pi -0.060 v 0.009 H 0.319 | dino ret  27.52 score 199.6 pi -0.036 v 9.465 |    117s
upd   42 | mg ret   1.45 pi -0.138 v 0.013 H 0.423 | dino ret  41.77 score 230.0 pi +0.024 v 8.415 |    121s
upd   43 | mg ret   1.35 pi +0.066 v 0.016 H 0.482 | dino ret  42.32 score 226.0 pi -0.015 v 9.033 |    125s
upd   44 | mg ret   1.19 pi -0.016 v 0.015 H 0.513 | dino ret  23.21 score 204.2 pi -0.006 v 9.621 |    128s
upd   45 | mg ret   1.33 pi -0.020 v 0.036 H 0.535 | dino ret  31.53 score 239.5 pi -0.017 v 8.964 |    131s
upd   46 | mg ret   1.14 pi +0.117 v 0.018 H 0.481 | dino ret  19.49 score 274.8 pi -0.046 v 4.669 |    134s
upd   47 | mg ret   1.26 pi +0.006 v 0.034 H 0.449 | dino ret  39.31 score 355.0 pi -0.027 v 6.225 |    137s
upd   48 | mg ret   1.37 pi -0.111 v 0.024 H 0.416 | dino ret  38.07 score 259.8 pi +0.012 v 6.818 |    139s
upd   49 | mg ret   1.36 pi -0.017 v 0.015 H 0.389 | dino ret  18.02 score 390.5 pi -0.005 v 5.732 |    141s
upd   50 | mg ret   1.19 pi -0.037 v 0.028 H 0.398 | dino ret  17.37 score 212.0 pi +0.004 v 15.920 |    143s
upd   51 | mg ret   1.10 pi -0.073 v 0.028 H 0.434 | dino ret  48.17 score 282.0 pi +0.160 v 9.951 |    145s
upd   52 | mg ret   1.41 pi +0.009 v 0.017 H 0.327 | dino ret  31.37 score 264.2 pi +0.016 v 7.767 |    147s
upd   53 | mg ret   1.37 pi +0.037 v 0.015 H 0.333 | dino ret  38.55 score 254.8 pi +0.054 v 7.538 |    149s
upd   54 | mg ret   1.46 pi +0.036 v 0.013 H 0.388 | dino ret  24.35 score 222.0 pi -0.003 v 8.399 |    151s
upd   55 | mg ret   1.40 pi +0.185 v 0.013 H 0.278 | dino ret  44.16 score 281.8 pi +0.028 v 9.802 |    153s
upd   56 | mg ret   1.48 pi +0.001 v 0.010 H 0.235 | dino ret  25.88 score 193.1 pi -0.002 v 8.526 |    155s
upd   57 | mg ret   1.43 pi +0.006 v 0.008 H 0.236 | dino ret  13.93 score 126.9 pi -0.010 v 9.067 |    158s
upd   58 | mg ret   1.42 pi +0.076 v 0.011 H 0.309 | dino ret  35.12 score 267.2 pi -0.037 v 6.006 |    160s
upd   59 | mg ret   1.50 pi +0.026 v 0.008 H 0.335 | dino ret  16.13 score 177.0 pi +0.002 v 9.514 |    162s
upd   60 | mg ret   1.39 pi -0.050 v 0.023 H 0.547 | dino ret  45.74 score 360.0 pi -0.015 v 8.084 |    164s
upd   61 | mg ret   1.27 pi -0.046 v 0.139 H 0.462 | dino ret  39.36 score 277.3 pi +0.053 v 5.536 |    167s
upd   62 | mg ret   1.40 pi +0.044 v 0.041 H 0.544 | dino ret  28.78 score 256.7 pi +0.000 v 7.610 |    171s
upd   63 | mg ret   1.51 pi -0.024 v 0.040 H 0.354 | dino ret  52.22 score 303.3 pi +0.008 v 7.226 |    174s
upd   64 | mg ret   1.44 pi +0.115 v 0.050 H 0.292 | dino ret  30.37 score 246.0 pi +0.026 v 8.596 |    177s
upd   65 | mg ret   1.41 pi +0.001 v 0.026 H 0.182 | dino ret  27.96 score 186.5 pi -0.007 v 8.302 |    180s
upd   66 | mg ret   1.41 pi +0.034 v 0.017 H 0.236 | dino ret  58.54 score 332.5 pi +0.013 v 6.253 |    185s
upd   67 | mg ret   1.50 pi +0.023 v 0.018 H 0.244 | dino ret   7.10 score 430.0 pi -0.002 v 3.722 |    189s
upd   68 | mg ret   1.40 pi +0.007 v 0.021 H 0.227 | dino ret  38.98 score 395.2 pi -0.006 v 7.835 |    193s
upd   69 | mg ret   1.44 pi +0.122 v 0.035 H 0.313 | dino ret  38.74 score 334.5 pi -0.004 v 5.351 |    197s
upd   70 | mg ret   1.27 pi -0.088 v 0.044 H 0.238 | dino ret  28.37 score 350.2 pi -0.008 v 5.705 |    200s
upd   71 | mg ret   1.44 pi -0.008 v 0.017 H 0.189 | dino ret   3.27 score 199.8 pi -0.041 v 6.013 |    203s
upd   72 | mg ret   1.41 pi -0.033 v 0.018 H 0.201 | dino ret  41.77 score 371.6 pi -0.014 v 7.279 |    207s
upd   73 | mg ret   1.48 pi -0.018 v 0.011 H 0.192 | dino ret  28.22 score 246.0 pi +0.011 v 6.190 |    210s
upd   74 | mg ret   1.37 pi +0.017 v 0.014 H 0.260 | dino ret  49.83 score 383.8 pi +0.059 v 6.963 |    213s
upd   75 | mg ret   1.50 pi -0.006 v 0.016 H 0.202 | dino ret  18.43 score 166.8 pi +0.001 v 9.669 |    216s
upd   76 | mg ret   1.38 pi -0.047 v 0.012 H 0.192 | dino ret  28.41 score 231.6 pi +0.002 v 9.114 |    219s
upd   77 | mg ret   1.49 pi +0.042 v 0.010 H 0.194 | dino ret  30.51 score 174.6 pi +0.048 v 10.122 |    222s
upd   78 | mg ret   1.45 pi -0.115 v 0.017 H 0.169 | dino ret  24.47 score 214.3 pi +0.003 v 8.570 |    225s
upd   79 | mg ret   1.52 pi +0.014 v 0.008 H 0.161 | dino ret  42.09 score 287.0 pi -0.019 v 6.050 |    228s
upd   80 | mg ret   1.44 pi -0.008 v 0.009 H 0.218 | dino ret  23.71 score 240.2 pi -0.016 v 6.553 |    231s
upd   81 | mg ret   1.41 pi -0.024 v 0.011 H 0.217 | dino ret  46.46 score 287.8 pi -0.003 v 7.023 |    235s
upd   82 | mg ret   1.40 pi -0.008 v 0.008 H 0.166 | dino ret   8.39 score 235.7 pi +0.004 v 6.125 |    239s
upd   83 | mg ret   1.42 pi +0.015 v 0.011 H 0.186 | dino ret  22.10 score 299.8 pi +0.012 v 7.730 |    242s
upd   84 | mg ret   1.44 pi -0.007 v 0.009 H 0.173 | dino ret  61.44 score 384.0 pi +0.006 v 7.010 |    245s
upd   85 | mg ret   1.47 pi -0.005 v 0.009 H 0.182 | dino ret  46.53 score 222.0 pi -0.008 v 4.282 |    248s
upd   86 | mg ret   1.47 pi -0.009 v 0.011 H 0.166 | dino ret   0.12 score 425.5 pi -0.001 v 2.135 |    251s
upd   87 | mg ret   1.44 pi +0.008 v 0.005 H 0.172 | dino ret  40.24 score 414.8 pi +0.025 v 7.530 |    254s
upd   88 | mg ret   1.38 pi -0.083 v 0.007 H 0.240 | dino ret  26.33 score 180.2 pi +0.014 v 11.919 |    257s
upd   89 | mg ret   1.34 pi -0.025 v 0.010 H 0.362 | dino ret  15.75 score 215.6 pi +0.010 v 9.730 |    260s
upd   90 | mg ret   1.38 pi +0.002 v 0.009 H 0.216 | dino ret  30.57 score 319.5 pi -0.007 v 5.727 |    263s
upd   91 | mg ret   1.38 pi -0.042 v 0.016 H 0.302 | dino ret  42.88 score 275.3 pi -0.005 v 13.152 |    266s
upd   92 | mg ret   1.25 pi -0.009 v 0.080 H 0.196 | dino ret  24.86 score 175.0 pi +0.022 v 5.429 |    270s
upd   93 | mg ret   1.31 pi +0.029 v 0.031 H 0.221 | dino ret  17.80 score 182.7 pi -0.009 v 12.169 |    273s
upd   94 | mg ret   1.34 pi +0.049 v 0.016 H 0.212 | dino ret  52.34 score 262.4 pi +0.019 v 8.684 |    278s
upd   95 | mg ret   1.41 pi -0.011 v 0.014 H 0.220 | dino ret  46.20 score 221.3 pi +0.012 v 5.898 |    282s
upd   96 | mg ret   1.46 pi -0.001 v 0.017 H 0.200 | dino ret  37.37 score 318.0 pi +0.002 v 8.198 |    287s
upd   97 | mg ret   1.39 pi -0.007 v 0.013 H 0.224 | dino ret  38.05 score 310.3 pi +0.027 v 5.977 |    290s
upd   98 | mg ret   1.36 pi +0.025 v 0.010 H 0.222 | dino ret  41.05 score 363.8 pi +0.002 v 4.919 |    293s
upd   99 | mg ret   1.44 pi +0.004 v 0.009 H 0.235 | dino ret  43.69 score 302.8 pi -0.047 v 4.758 |    296s
upd  100 | mg ret   1.48 pi -0.014 v 0.010 H 0.224 | dino ret  49.05 score 325.7 pi -0.004 v 5.092 |    300s
upd  101 | mg ret   1.45 pi -0.014 v 0.009 H 0.210 | dino ret  17.41 score 204.7 pi -0.025 v 6.459 |    303s
upd  102 | mg ret   1.47 pi +0.011 v 0.006 H 0.156 | dino ret  33.53 score 296.5 pi -0.018 v 4.525 |    306s
upd  103 | mg ret   1.43 pi -0.003 v 0.005 H 0.151 | dino ret  53.32 score 348.5 pi +0.000 v 6.168 |    310s
upd  104 | mg ret   1.40 pi +0.021 v 0.005 H 0.231 | dino ret  34.94 score 234.5 pi -0.021 v 9.481 |    313s
upd  105 | mg ret   1.47 pi -0.006 v 0.007 H 0.191 | dino ret  46.14 score 360.0 pi -0.012 v 3.717 |    316s
upd  106 | mg ret   1.41 pi -0.007 v 0.008 H 0.240 | dino ret  29.10 score 262.2 pi +0.043 v 9.387 |    318s
upd  107 | mg ret   1.46 pi -0.003 v 0.005 H 0.197 | dino ret  40.99 score 295.7 pi +0.039 v 4.939 |    323s
upd  108 | mg ret   1.48 pi -0.028 v 0.007 H 0.170 | dino ret  33.99 score 321.8 pi +0.055 v 8.304 |    327s
upd  109 | mg ret   1.47 pi +0.001 v 0.010 H 0.168 | dino ret  33.79 score 281.8 pi -0.003 v 6.484 |    332s
upd  110 | mg ret   1.37 pi -0.021 v 0.018 H 0.220 | dino ret  24.84 score 203.4 pi -0.038 v 6.949 |    335s
upd  111 | mg ret   1.42 pi -0.111 v 0.007 H 0.163 | dino ret  22.01 score 207.6 pi +0.013 v 6.550 |    338s
upd  112 | mg ret   1.43 pi +0.002 v 0.008 H 0.162 | dino ret  27.06 score 321.3 pi +0.025 v 6.416 |    341s
upd  113 | mg ret   1.39 pi -0.004 v 0.010 H 0.166 | dino ret  14.37 score 218.3 pi +0.007 v 9.128 |    344s
upd  114 | mg ret   1.39 pi +0.014 v 0.012 H 0.228 | dino ret  25.28 score 230.6 pi +0.003 v 7.538 |    347s
upd  115 | mg ret   1.45 pi -0.024 v 0.008 H 0.182 | dino ret  29.63 score 207.5 pi -0.010 v 10.264 |    350s
upd  116 | mg ret   1.42 pi -0.004 v 0.007 H 0.156 | dino ret  36.68 score 379.2 pi -0.008 v 5.056 |    353s
upd  117 | mg ret   1.49 pi +0.002 v 0.009 H 0.220 | dino ret  30.80 score 231.0 pi +0.014 v 8.809 |    355s
upd  118 | mg ret   1.45 pi +0.005 v 0.007 H 0.220 | dino ret  23.57 score 255.0 pi +0.027 v 5.188 |    358s
upd  119 | mg ret   1.44 pi +0.014 v 0.006 H 0.172 | dino ret  41.91 score 309.0 pi +0.013 v 7.649 |    361s
upd  120 | mg ret   1.46 pi +0.051 v 0.013 H 0.182 | dino ret  48.84 score 261.0 pi -0.002 v 6.253 |    364s
upd  121 | mg ret   1.38 pi +0.017 v 0.008 H 0.230 | dino ret  30.62 score 216.0 pi +0.007 v 6.157 |    368s
upd  122 | mg ret   1.46 pi +0.007 v 0.009 H 0.254 | dino ret  26.02 score 292.5 pi -0.013 v 3.694 |    374s
upd  123 | mg ret   1.42 pi -0.009 v 0.008 H 0.252 | dino ret  55.86 score 433.5 pi -0.000 v 5.281 |    378s
upd  124 | mg ret   1.33 pi +0.006 v 0.018 H 0.340 | dino ret  54.12 score 288.0 pi +0.018 v 5.768 |    380s
upd  125 | mg ret   1.39 pi +0.050 v 0.014 H 0.320 | dino ret  11.45 score 350.0 pi +0.036 v 6.127 |    383s
upd  126 | mg ret   1.41 pi -0.064 v 0.016 H 0.323 | dino ret  23.69 score 337.8 pi +0.037 v 5.826 |    386s
upd  127 | mg ret   1.57 pi -0.012 v 0.013 H 0.241 | dino ret   4.82 score 288.0 pi -0.011 v 4.773 |    389s
upd  128 | mg ret   1.46 pi +0.005 v 0.010 H 0.191 | dino ret  20.05 score 467.8 pi -0.007 v 3.178 |    392s
upd  129 | mg ret   1.46 pi +0.032 v 0.010 H 0.177 | dino ret  39.16 score 310.8 pi -0.021 v 9.544 |    396s
upd  130 | mg ret   1.43 pi +0.022 v 0.008 H 0.168 | dino ret  47.61 score 286.0 pi +0.001 v 7.753 |    401s
upd  131 | mg ret   1.45 pi +0.002 v 0.005 H 0.129 | dino ret  48.65 score 291.0 pi -0.009 v 5.373 |    405s
upd  132 | mg ret   1.46 pi +0.000 v 0.005 H 0.132 | dino ret  72.97 score 375.0 pi +0.000 v 4.220 |    409s
upd  133 | mg ret   1.44 pi +0.002 v 0.008 H 0.144 | dino ret   6.47 score 206.0 pi +0.087 v 10.712 |    413s
upd  134 | mg ret   1.44 pi +0.002 v 0.008 H 0.117 | dino ret  22.86 score 310.0 pi -0.006 v 11.559 |    417s
upd  135 | mg ret   1.44 pi -0.053 v 0.076 H 0.155 | dino ret  29.68 score 236.8 pi +0.019 v 9.950 |    423s
upd  136 | mg ret   1.38 pi +0.022 v 0.014 H 0.127 | dino ret  15.78 score 136.6 pi +0.017 v 14.140 |    428s
upd  137 | mg ret   1.41 pi -0.054 v 0.016 H 0.131 | dino ret  48.31 score 302.3 pi -0.036 v 5.384 |    432s
upd  138 | mg ret   1.46 pi +0.002 v 0.010 H 0.111 | dino ret  23.66 score 293.8 pi +0.001 v 5.924 |    435s
upd  139 | mg ret   1.26 pi +0.031 v 0.058 H 0.153 | dino ret  53.21 score 382.7 pi +0.007 v 4.368 |    439s
upd  140 | mg ret   1.50 pi +0.025 v 0.013 H 0.122 | dino ret  53.66 score 430.0 pi -0.018 v 3.910 |    443s
upd  141 | mg ret   1.43 pi -0.051 v 0.007 H 0.139 | dino ret  52.70 score 325.0 pi -0.012 v 6.590 |    447s
upd  142 | mg ret   1.50 pi +0.025 v 0.006 H 0.124 | dino ret  41.14 score 366.5 pi +0.005 v 3.618 |    452s
upd  143 | mg ret   1.26 pi -0.055 v 0.039 H 0.135 | dino ret  32.44 score 365.5 pi -0.021 v 5.612 |    456s
upd  144 | mg ret   1.45 pi -0.006 v 0.008 H 0.103 | dino ret  26.58 score 220.2 pi -0.008 v 8.242 |    461s
upd  145 | mg ret   1.35 pi -0.044 v 0.069 H 0.146 | dino ret  17.67 score 245.0 pi -0.004 v 8.943 |    465s
upd  146 | mg ret   1.43 pi +0.005 v 0.017 H 0.108 | dino ret  37.12 score 270.4 pi -0.029 v 8.211 |    469s
upd  147 | mg ret   1.44 pi -0.013 v 0.012 H 0.129 | dino ret  43.98 score 301.3 pi -0.021 v 3.839 |    474s
upd  148 | mg ret   1.51 pi -0.016 v 0.025 H 0.171 | dino ret  25.81 score 231.2 pi -0.048 v 7.661 |    478s
upd  149 | mg ret   1.30 pi +0.005 v 0.044 H 0.160 | dino ret  29.77 score 206.0 pi -0.009 v 9.996 |    480s
upd  150 | mg ret   1.51 pi -0.009 v 0.009 H 0.117 | dino ret  42.52 score 234.2 pi +0.004 v 8.372 |    484s
upd  151 | mg ret   1.44 pi +0.035 v 0.013 H 0.154 | dino ret  42.77 score 240.0 pi +0.010 v 4.535 |    487s
upd  152 | mg ret   1.54 pi -0.002 v 0.009 H 0.125 | dino ret  22.57 score 234.5 pi -0.024 v 10.627 |    489s
upd  153 | mg ret   1.43 pi -0.009 v 0.005 H 0.109 | dino ret  43.39 score 290.6 pi -0.001 v 6.504 |    492s
upd  154 | mg ret   1.37 pi -0.026 v 0.010 H 0.166 | dino ret  53.32 score 270.3 pi +0.007 v 5.574 |    494s
upd  155 | mg ret   1.46 pi -0.029 v 0.010 H 0.124 | dino ret  48.06 score 336.2 pi +0.008 v 5.742 |    498s
upd  156 | mg ret   1.46 pi +0.035 v 0.008 H 0.212 | dino ret  27.10 score 193.6 pi -0.004 v 10.767 |    501s
upd  157 | mg ret   1.45 pi +0.033 v 0.005 H 0.191 | dino ret  28.02 score 168.6 pi -0.001 v 11.349 |    503s
upd  158 | mg ret   1.47 pi -0.011 v 0.006 H 0.159 | dino ret  44.31 score 230.8 pi +0.024 v 10.411 |    505s
upd  159 | mg ret   1.47 pi -0.049 v 0.006 H 0.171 | dino ret  48.56 score 288.3 pi +0.032 v 4.226 |    507s
upd  160 | mg ret   1.39 pi -0.006 v 0.007 H 0.156 | dino ret  20.40 score 294.0 pi +0.007 v 4.406 |    510s
upd  161 | mg ret   1.30 pi +0.009 v 0.017 H 0.205 | dino ret  39.96 score 379.5 pi +0.020 v 4.226 |    512s
upd  162 | mg ret   1.50 pi +0.048 v 0.011 H 0.179 | dino ret  55.81 score 342.2 pi -0.002 v 5.067 |    514s
upd  163 | mg ret   1.47 pi +0.044 v 0.008 H 0.108 | dino ret  64.77 score 320.0 pi -0.016 v 6.111 |    519s
upd  164 | mg ret   1.51 pi -0.006 v 0.008 H 0.095 | dino ret  14.71 score 150.1 pi +0.013 v 13.793 |    523s
upd  165 | mg ret   1.38 pi -0.007 v 0.011 H 0.122 | dino ret  17.52 score 185.4 pi -0.004 v 11.410 |    526s
upd  166 | mg ret   1.50 pi -0.013 v 0.009 H 0.134 | dino ret  40.64 score 279.0 pi +0.026 v 7.967 |    529s
upd  167 | mg ret   1.43 pi -0.058 v 0.005 H 0.201 | dino ret  28.56 score 311.7 pi +0.007 v 4.173 |    532s
upd  168 | mg ret   1.16 pi -0.037 v 0.042 H 0.277 | dino ret  28.26 score 239.4 pi -0.020 v 8.266 |    537s
upd  169 | mg ret   1.29 pi +0.012 v 0.042 H 0.234 | dino ret  53.35 score 290.0 pi +0.011 v 3.752 |    542s
upd  170 | mg ret   1.46 pi -0.010 v 0.013 H 0.132 | dino ret  26.16 score 291.0 pi +0.000 v 5.443 |    545s
upd  171 | mg ret   1.50 pi +0.005 v 0.006 H 0.100 | dino ret  70.74 score 418.3 pi +0.012 v 3.787 |    548s
upd  172 | mg ret   1.50 pi -0.046 v 0.007 H 0.108 | dino ret  33.41 score 241.0 pi -0.039 v 6.841 |    551s
upd  173 | mg ret   1.45 pi -0.005 v 0.006 H 0.122 | dino ret  47.48 score 259.2 pi -0.037 v 9.472 |    555s
upd  174 | mg ret   1.42 pi -0.002 v 0.010 H 0.178 | dino ret    nan score   nan pi +0.008 v 1.198 |    558s
upd  175 | mg ret   1.37 pi -0.011 v 0.080 H 0.235 | dino ret  24.29 score 358.0 pi +0.026 v 8.797 |    562s
upd  176 | mg ret   1.34 pi +0.015 v 0.009 H 0.203 | dino ret  30.19 score 230.8 pi +0.024 v 8.561 |    568s
upd  177 | mg ret   1.38 pi -0.006 v 0.009 H 0.161 | dino ret  36.32 score 303.2 pi -0.008 v 7.210 |    573s
upd  178 | mg ret   1.37 pi -0.007 v 0.008 H 0.193 | dino ret  43.46 score 290.8 pi +0.007 v 7.760 |    578s
upd  179 | mg ret   1.47 pi +0.001 v 0.043 H 0.184 | dino ret  32.08 score 220.3 pi +0.009 v 6.778 |    583s
upd  180 | mg ret   1.48 pi +0.019 v 0.016 H 0.163 | dino ret  42.83 score 329.6 pi -0.002 v 7.170 |    586s
upd  181 | mg ret   1.45 pi -0.005 v 0.016 H 0.153 | dino ret  38.76 score 225.4 pi -0.029 v 6.933 |    589s
upd  182 | mg ret   1.44 pi +0.004 v 0.024 H 0.156 | dino ret  24.94 score 216.7 pi +0.017 v 7.345 |    592s
upd  183 | mg ret   1.49 pi -0.005 v 0.020 H 0.125 | dino ret  51.82 score 412.2 pi -0.002 v 5.162 |    596s
upd  184 | mg ret   1.37 pi +0.038 v 0.026 H 0.155 | dino ret  15.32 score 143.8 pi +0.018 v 9.937 |    598s
upd  185 | mg ret   1.08 pi -0.083 v 0.050 H 0.154 | dino ret  38.83 score 353.2 pi +0.008 v 6.540 |    601s
upd  186 | mg ret   1.33 pi +0.062 v 0.026 H 0.153 | dino ret  10.81 score 216.5 pi +0.007 v 3.999 |    604s
upd  187 | mg ret   1.46 pi -0.028 v 0.016 H 0.103 | dino ret  21.48 score 381.5 pi -0.010 v 5.207 |    607s
upd  188 | mg ret   1.42 pi +0.011 v 0.017 H 0.082 | dino ret  36.78 score 340.2 pi -0.001 v 7.683 |    612s
upd  189 | mg ret   1.45 pi -0.009 v 0.013 H 0.065 | dino ret  28.52 score 221.8 pi -0.012 v 7.058 |    616s
upd  190 | mg ret   1.48 pi +0.007 v 0.052 H 0.188 | dino ret  40.81 score 538.0 pi +0.006 v 3.365 |    619s
upd  191 | mg ret   1.40 pi -0.003 v 0.016 H 0.096 | dino ret  17.17 score 327.0 pi +0.008 v 6.089 |    625s
upd  192 | mg ret   1.47 pi +0.008 v 0.029 H 0.098 | dino ret  40.36 score 320.6 pi -0.095 v 4.427 |    631s
upd  193 | mg ret   1.47 pi -0.005 v 0.030 H 0.088 | dino ret  43.45 score 263.5 pi +0.034 v 8.892 |    638s
upd  194 | mg ret   1.37 pi -0.019 v 0.027 H 0.115 | dino ret  28.15 score 248.5 pi -0.038 v 5.214 |    644s
upd  195 | mg ret   1.48 pi +0.021 v 0.012 H 0.068 | dino ret  47.56 score 350.2 pi -0.009 v 4.467 |    650s
upd  196 | mg ret   1.45 pi +0.004 v 0.008 H 0.077 | dino ret  38.36 score 239.7 pi +0.004 v 4.995 |    654s
upd  197 | mg ret   1.50 pi +0.015 v 0.007 H 0.066 | dino ret  24.92 score 254.3 pi -0.030 v 7.946 |    658s
upd  198 | mg ret   1.44 pi +0.023 v 0.007 H 0.055 | dino ret  17.17 score 166.6 pi +0.002 v 13.164 |    663s
upd  199 | mg ret   1.46 pi -0.008 v 0.006 H 0.058 | dino ret  31.45 score 224.2 pi -0.025 v 7.955 |    666s
upd  200 | mg ret   1.50 pi -0.040 v 0.006 H 0.056 | dino ret  41.99 score 330.3 pi -0.025 v 4.563 |    669s
upd  201 | mg ret   1.49 pi +0.001 v 0.007 H 0.044 | dino ret  38.94 score 332.5 pi +0.001 v 5.663 |    672s
upd  202 | mg ret   1.49 pi +0.008 v 0.006 H 0.053 | dino ret  41.78 score 310.2 pi -0.017 v 6.852 |    676s
upd  203 | mg ret   1.45 pi -0.037 v 0.019 H 0.103 | dino ret  24.22 score 175.6 pi -0.003 v 8.679 |    680s
upd  204 | mg ret   1.42 pi +0.004 v 0.005 H 0.069 | dino ret  24.97 score 377.3 pi +0.020 v 3.751 |    682s
upd  205 | mg ret   1.37 pi -0.002 v 0.007 H 0.078 | dino ret  22.77 score 263.4 pi +0.015 v 7.321 |    686s
upd  206 | mg ret   1.47 pi +0.089 v 0.012 H 0.107 | dino ret  20.27 score 288.7 pi +0.008 v 5.133 |    690s
upd  207 | mg ret   1.46 pi -0.044 v 0.010 H 0.133 | dino ret  30.32 score 339.8 pi -0.017 v 4.872 |    693s
upd  208 | mg ret   1.44 pi +0.004 v 0.007 H 0.074 | dino ret  22.51 score 237.3 pi -0.005 v 8.073 |    696s
upd  209 | mg ret   1.40 pi +0.015 v 0.007 H 0.063 | dino ret  33.96 score 259.8 pi +0.036 v 8.285 |    699s
upd  210 | mg ret   1.41 pi -0.023 v 0.005 H 0.042 | dino ret  27.80 score 282.8 pi -0.070 v 5.591 |    702s
upd  211 | mg ret   1.45 pi -0.008 v 0.006 H 0.041 | dino ret  23.34 score 299.0 pi +0.067 v 6.808 |    705s
upd  212 | mg ret   1.48 pi +0.001 v 0.009 H 0.057 | dino ret  41.70 score 398.8 pi +0.001 v 5.894 |    708s
upd  213 | mg ret   1.48 pi -0.061 v 0.053 H 0.085 | dino ret  48.53 score 328.0 pi -0.002 v 5.988 |    711s
upd  214 | mg ret   1.48 pi -0.011 v 0.011 H 0.063 | dino ret  36.04 score 321.5 pi -0.045 v 5.365 |    714s
upd  215 | mg ret   1.39 pi +0.125 v 0.013 H 0.182 | dino ret  63.22 score 441.5 pi +0.062 v 3.695 |    717s
upd  216 | mg ret   1.08 pi +0.046 v 0.057 H 0.234 | dino ret  20.65 score 248.0 pi +0.005 v 12.501 |    720s
upd  217 | mg ret   1.24 pi +0.006 v 0.024 H 0.152 | dino ret  23.57 score 251.2 pi +0.001 v 7.096 |    724s
upd  218 | mg ret   1.22 pi +0.029 v 0.014 H 0.082 | dino ret  39.52 score 350.0 pi -0.004 v 6.064 |    727s
upd  219 | mg ret   1.43 pi -0.003 v 0.011 H 0.056 | dino ret  28.92 score 360.7 pi +0.045 v 6.730 |    730s
upd  220 | mg ret   1.51 pi -0.072 v 0.007 H 0.132 | dino ret  30.37 score 350.8 pi -0.011 v 4.206 |    733s
upd  221 | mg ret   1.51 pi +0.005 v 0.005 H 0.102 | dino ret  17.54 score 265.2 pi -0.015 v 5.755 |    735s
upd  222 | mg ret   1.43 pi +0.014 v 0.223 H 0.196 | dino ret  25.86 score 227.2 pi +0.041 v 11.019 |    738s
upd  223 | mg ret   1.49 pi +0.010 v 0.037 H 0.107 | dino ret  22.26 score 298.3 pi +0.023 v 4.461 |    741s
upd  224 | mg ret   1.32 pi -0.074 v 0.018 H 0.198 | dino ret  34.99 score 361.5 pi +0.020 v 6.395 |    744s
upd  225 | mg ret   1.18 pi -0.003 v 0.025 H 0.316 | dino ret  40.55 score 286.2 pi +0.020 v 6.613 |    747s
upd  226 | mg ret   1.22 pi -0.006 v 0.018 H 0.277 | dino ret  19.89 score 253.0 pi -0.002 v 6.871 |    750s
upd  227 | mg ret   1.14 pi -0.015 v 0.020 H 0.294 | dino ret  20.05 score 287.2 pi +0.012 v 6.322 |    754s
upd  228 | mg ret   1.23 pi -0.162 v 0.022 H 0.215 | dino ret  17.16 score 285.8 pi +0.034 v 6.815 |    757s
upd  229 | mg ret   1.41 pi -0.025 v 0.014 H 0.132 | dino ret  33.56 score 271.7 pi -0.051 v 10.442 |    760s
upd  230 | mg ret   1.38 pi -0.027 v 0.011 H 0.061 | dino ret  79.03 score 390.5 pi -0.008 v 5.039 |    764s
upd  231 | mg ret   1.45 pi +0.056 v 0.010 H 0.070 | dino ret  38.82 score 392.0 pi +0.053 v 3.697 |    766s
upd  232 | mg ret   1.45 pi -0.010 v 0.009 H 0.050 | dino ret  29.86 score 277.4 pi -0.052 v 4.558 |    769s
upd  233 | mg ret   1.50 pi -0.037 v 0.007 H 0.052 | dino ret  23.94 score 227.5 pi -0.011 v 6.037 |    772s
upd  234 | mg ret   1.42 pi +0.038 v 0.008 H 0.059 | dino ret  27.35 score 313.2 pi -0.013 v 5.125 |    775s
upd  235 | mg ret   1.44 pi +0.007 v 0.007 H 0.049 | dino ret  33.06 score 308.2 pi +0.002 v 4.910 |    778s
upd  236 | mg ret   1.43 pi +0.045 v 0.005 H 0.041 | dino ret  42.38 score 321.2 pi +0.002 v 4.648 |    781s
upd  237 | mg ret   1.43 pi -0.030 v 0.006 H 0.042 | dino ret  71.74 score 449.5 pi -0.054 v 3.030 |    784s
upd  238 | mg ret   1.43 pi +0.004 v 0.015 H 0.049 | dino ret  27.83 score 303.0 pi +0.078 v 6.005 |    787s
upd  239 | mg ret   1.37 pi +0.065 v 0.014 H 0.079 | dino ret  21.29 score 194.9 pi +0.024 v 12.878 |    790s
upd  240 | mg ret   1.41 pi -0.019 v 0.005 H 0.040 | dino ret  37.53 score 205.0 pi +0.021 v 10.924 |    793s
upd  241 | mg ret   1.48 pi +0.005 v 0.005 H 0.042 | dino ret  29.78 score 223.0 pi -0.015 v 6.419 |    796s
upd  242 | mg ret   1.43 pi -0.020 v 0.006 H 0.051 | dino ret  25.87 score 248.8 pi -0.037 v 6.221 |    801s
upd  243 | mg ret   1.39 pi +0.015 v 0.014 H 0.056 | dino ret  34.16 score 312.0 pi -0.025 v 5.476 |    804s
upd  244 | mg ret   1.41 pi +0.001 v 0.006 H 0.058 | dino ret  29.35 score 311.8 pi +0.009 v 7.417 |    808s
upd  245 | mg ret   1.43 pi -0.016 v 0.004 H 0.091 | dino ret  64.81 score 365.5 pi +0.002 v 4.879 |    813s
upd  246 | mg ret   1.47 pi -0.003 v 0.006 H 0.102 | dino ret  26.18 score 212.5 pi +0.005 v 4.265 |    817s
upd  247 | mg ret   1.45 pi -0.019 v 0.006 H 0.099 | dino ret  26.99 score 374.0 pi -0.013 v 5.107 |    820s
upd  248 | mg ret   1.44 pi +0.006 v 0.005 H 0.073 | dino ret  27.03 score 336.2 pi -0.020 v 5.446 |    824s
upd  249 | mg ret   1.50 pi -0.004 v 0.005 H 0.077 | dino ret  27.80 score 293.8 pi -0.095 v 4.315 |    827s
upd  250 | mg ret   1.30 pi -0.006 v 0.032 H 0.085 | dino ret  30.36 score 314.5 pi -0.019 v 4.064 |    831s
upd  251 | mg ret   1.37 pi -0.000 v 0.056 H 0.147 | dino ret  26.95 score 371.0 pi -0.044 v 5.136 |    834s
upd  252 | mg ret   1.51 pi -0.003 v 0.011 H 0.070 | dino ret  31.78 score 287.8 pi -0.031 v 8.390 |    837s
upd  253 | mg ret   1.51 pi -0.019 v 0.010 H 0.067 | dino ret  25.95 score 219.0 pi -0.027 v 8.117 |    840s
upd  254 | mg ret   1.40 pi -0.000 v 0.006 H 0.043 | dino ret  43.52 score 286.8 pi -0.018 v 5.195 |    844s
upd  255 | mg ret   1.46 pi +0.003 v 0.005 H 0.052 | dino ret  24.21 score 175.8 pi +0.000 v 6.956 |    847s
upd  256 | mg ret   1.45 pi -0.006 v 0.005 H 0.043 | dino ret  30.02 score 227.8 pi +0.033 v 10.198 |    851s
upd  257 | mg ret   1.45 pi -0.002 v 0.004 H 0.041 | dino ret  26.80 score 188.5 pi -0.031 v 8.034 |    854s
upd  258 | mg ret   1.53 pi -0.001 v 0.005 H 0.041 | dino ret  46.57 score 270.5 pi -0.040 v 6.272 |    857s
upd  259 | mg ret   1.40 pi -0.000 v 0.004 H 0.026 | dino ret  25.14 score 197.5 pi +0.025 v 10.650 |    860s
upd  260 | mg ret   1.46 pi +0.006 v 0.004 H 0.028 | dino ret  52.01 score 315.5 pi +0.007 v 6.067 |    864s
upd  261 | mg ret   1.46 pi +0.005 v 0.005 H 0.033 | dino ret  18.69 score 172.6 pi -0.005 v 8.161 |    869s
upd  262 | mg ret   1.49 pi -0.001 v 0.005 H 0.035 | dino ret  34.12 score 312.5 pi -0.005 v 6.903 |    872s
upd  263 | mg ret   1.39 pi -0.005 v 0.011 H 0.067 | dino ret  27.45 score 275.5 pi -0.010 v 4.647 |    875s
upd  264 | mg ret   1.48 pi -0.013 v 0.006 H 0.058 | dino ret  31.52 score 270.8 pi +0.013 v 7.547 |    879s
upd  265 | mg ret   1.44 pi +0.001 v 0.007 H 0.062 | dino ret  66.22 score 392.7 pi +0.041 v 6.872 |    882s
upd  266 | mg ret   1.37 pi +0.037 v 0.011 H 0.089 | dino ret  30.33 score 249.8 pi +0.001 v 7.021 |    885s
upd  267 | mg ret   1.19 pi -0.008 v 0.011 H 0.084 | dino ret  29.47 score 231.8 pi +0.030 v 10.499 |    887s
upd  268 | mg ret   1.32 pi -0.018 v 0.015 H 0.037 | dino ret  15.35 score 261.5 pi -0.027 v 4.247 |    889s
upd  269 | mg ret   1.44 pi -0.000 v 0.015 H 0.041 | dino ret  16.25 score 352.8 pi +0.028 v 4.842 |    891s
upd  270 | mg ret   1.38 pi -0.005 v 0.014 H 0.037 | dino ret  28.89 score 333.0 pi -0.000 v 4.256 |    893s
upd  271 | mg ret   1.45 pi -0.012 v 0.011 H 0.036 | dino ret  47.09 score 344.0 pi +0.011 v 4.983 |    895s
upd  272 | mg ret   1.46 pi +0.007 v 0.006 H 0.029 | dino ret  35.07 score 247.5 pi -0.002 v 6.389 |    898s
upd  273 | mg ret   1.45 pi +0.015 v 0.005 H 0.027 | dino ret  39.74 score 266.8 pi -0.022 v 6.985 |    902s
upd  274 | mg ret   1.51 pi -0.000 v 0.005 H 0.030 | dino ret  40.92 score 308.7 pi +0.005 v 4.861 |    906s
upd  275 | mg ret   1.46 pi +0.008 v 0.005 H 0.034 | dino ret  61.59 score 382.5 pi +0.017 v 6.218 |    910s
upd  276 | mg ret   1.42 pi -0.011 v 0.005 H 0.033 | dino ret   9.79 score 406.0 pi +0.039 v 2.416 |    915s
upd  277 | mg ret   1.47 pi +0.007 v 0.005 H 0.031 | dino ret  15.00 score 303.4 pi +0.030 v 5.624 |    918s
upd  278 | mg ret   1.43 pi -0.059 v 0.004 H 0.028 | dino ret  38.51 score 306.6 pi +0.017 v 6.437 |    921s
upd  279 | mg ret   1.46 pi -0.007 v 0.004 H 0.029 | dino ret  43.03 score 335.0 pi +0.009 v 3.149 |    924s
upd  280 | mg ret   1.51 pi +0.010 v 0.006 H 0.051 | dino ret  24.86 score 384.5 pi +0.069 v 6.326 |    927s
upd  281 | mg ret   1.37 pi +0.237 v 0.060 H 0.110 | dino ret  41.83 score 333.0 pi +0.003 v 7.163 |    930s
upd  282 | mg ret   1.43 pi -0.017 v 0.163 H 0.214 | dino ret  36.98 score 220.4 pi -0.002 v 8.320 |    932s
upd  283 | mg ret   1.50 pi -0.096 v 0.152 H 0.141 | dino ret  33.04 score 222.8 pi -0.010 v 7.876 |    935s
upd  284 | mg ret   1.44 pi +0.014 v 0.026 H 0.063 | dino ret  64.88 score 350.8 pi -0.022 v 5.290 |    938s
upd  285 | mg ret   1.42 pi +0.003 v 0.013 H 0.043 | dino ret  43.36 score 222.6 pi -0.004 v 4.319 |    942s
upd  286 | mg ret   1.39 pi -0.013 v 0.007 H 0.031 | dino ret  20.76 score 200.0 pi -0.002 v 6.489 |    945s
upd  287 | mg ret   1.45 pi +0.036 v 0.013 H 0.029 | dino ret  35.66 score 355.0 pi +0.054 v 5.866 |    948s
upd  288 | mg ret   1.41 pi -0.039 v 0.006 H 0.032 | dino ret  15.86 score 207.5 pi +0.035 v 11.008 |    951s
upd  289 | mg ret   1.42 pi -0.010 v 0.005 H 0.024 | dino ret  27.45 score 331.0 pi +0.007 v 6.639 |    954s
upd  290 | mg ret   1.46 pi +0.002 v 0.005 H 0.026 | dino ret  35.94 score 343.0 pi +0.015 v 5.547 |    957s
upd  291 | mg ret   1.44 pi -0.011 v 0.006 H 0.019 | dino ret  25.18 score 223.4 pi +0.011 v 10.920 |    960s
upd  292 | mg ret   1.45 pi -0.011 v 0.007 H 0.028 | dino ret  16.98 score 290.0 pi +0.023 v 4.293 |    963s
upd  293 | mg ret   1.47 pi -0.033 v 0.008 H 0.033 | dino ret  58.25 score 434.0 pi -0.003 v 5.627 |    966s
upd  294 | mg ret   1.55 pi -0.022 v 0.011 H 0.035 | dino ret  38.74 score 241.3 pi -0.040 v 5.164 |    969s
upd  295 | mg ret   1.47 pi +0.005 v 0.007 H 0.046 | dino ret  30.96 score 264.5 pi -0.008 v 9.025 |    971s
upd  296 | mg ret   1.48 pi -0.088 v 0.009 H 0.037 | dino ret  24.51 score 168.7 pi -0.014 v 9.393 |    974s
upd  297 | mg ret   1.44 pi +0.013 v 0.009 H 0.045 | dino ret  27.45 score 198.4 pi +0.004 v 8.194 |    977s
upd  298 | mg ret   1.48 pi +0.035 v 0.008 H 0.032 | dino ret  37.71 score 286.0 pi +0.067 v 8.165 |    980s
upd  299 | mg ret   1.36 pi -0.065 v 0.014 H 0.036 | dino ret  25.30 score 253.8 pi -0.034 v 5.596 |    983s
upd  300 | mg ret   1.45 pi -0.056 v 0.010 H 0.041 | dino ret  23.82 score 213.3 pi +0.021 v 11.872 |    986s
upd  301 | mg ret   1.44 pi +0.003 v 0.010 H 0.035 | dino ret  35.41 score 237.2 pi -0.011 v 5.998 |    989s
upd  302 | mg ret   1.42 pi -0.033 v 0.011 H 0.032 | dino ret  72.09 score 525.5 pi +0.039 v 6.234 |    992s
upd  303 | mg ret   1.36 pi -0.040 v 0.011 H 0.024 | dino ret  34.29 score 449.0 pi -0.013 v 3.154 |    995s
upd  304 | mg ret   1.30 pi -0.001 v 0.019 H 0.020 | dino ret  29.50 score 325.8 pi -0.045 v 4.785 |    999s
upd  305 | mg ret   1.45 pi -0.001 v 0.012 H 0.028 | dino ret  23.70 score 215.7 pi -0.026 v 6.089 |   1003s
upd  306 | mg ret   1.43 pi +0.179 v 0.418 H 0.276 | dino ret  27.07 score 292.8 pi -0.010 v 8.786 |   1006s
upd  307 | mg ret   1.06 pi -0.012 v 0.025 H 0.106 | dino ret  44.41 score 257.5 pi +0.024 v 8.633 |   1009s
upd  308 | mg ret   1.33 pi +0.006 v 0.018 H 0.095 | dino ret  19.19 score 262.3 pi -0.012 v 4.761 |   1012s
upd  309 | mg ret   1.21 pi -0.181 v 0.010 H 0.132 | dino ret  37.59 score 344.2 pi -0.016 v 6.601 |   1015s
upd  310 | mg ret   1.12 pi +0.137 v 0.180 H 0.176 | dino ret  45.53 score 264.0 pi -0.015 v 8.110 |   1018s
upd  311 | mg ret   1.15 pi -0.025 v 0.099 H 0.264 | dino ret  18.67 score 223.8 pi -0.021 v 5.409 |   1021s
upd  312 | mg ret   0.96 pi +0.006 v 0.018 H 0.190 | dino ret  31.62 score 289.6 pi +0.036 v 10.411 |   1024s
upd  313 | mg ret   0.93 pi +0.006 v 0.057 H 0.206 | dino ret  55.14 score 329.0 pi -0.036 v 6.316 |   1027s
upd  314 | mg ret   0.95 pi +0.024 v 0.014 H 0.188 | dino ret  28.72 score 298.8 pi +0.120 v 10.394 |   1030s
upd  315 | mg ret   0.93 pi +0.043 v 0.010 H 0.134 | dino ret  51.87 score 406.5 pi -0.013 v 4.624 |   1033s
upd  316 | mg ret   0.87 pi +0.020 v 0.006 H 0.160 | dino ret  10.33 score 275.2 pi -0.068 v 5.882 |   1035s
upd  317 | mg ret   0.00 pi +0.012 v 0.004 H 0.085 | dino ret  31.25 score 334.8 pi +0.027 v 6.389 |   1038s
upd  318 | mg ret   0.68 pi +0.025 v 0.004 H 0.046 | dino ret  51.80 score 327.8 pi -0.003 v 6.216 |   1041s
upd  319 | mg ret    nan pi -0.015 v 0.002 H 0.032 | dino ret  41.43 score 314.7 pi -0.020 v 4.027 |   1043s
upd  320 | mg ret   0.45 pi +0.014 v 0.006 H 0.042 | dino ret  24.20 score 293.0 pi +0.046 v 8.199 |   1046s
upd  321 | mg ret   0.00 pi +0.021 v 0.002 H 0.054 | dino ret  61.13 score 414.7 pi -0.001 v 4.901 |   1050s
upd  322 | mg ret   0.20 pi -0.220 v 0.010 H 0.076 | dino ret   4.61 score 227.3 pi +0.001 v 4.555 |   1053s
upd  323 | mg ret    nan pi +0.030 v 0.003 H 0.127 | dino ret  21.85 score 292.8 pi -0.001 v 7.167 |   1056s
upd  324 | mg ret   0.00 pi +0.020 v 0.002 H 0.074 | dino ret  42.31 score 344.7 pi +0.002 v 5.708 |   1060s
upd  325 | mg ret    nan pi -0.103 v 0.001 H 0.048 | dino ret  28.48 score 292.5 pi +0.072 v 11.903 |   1065s
upd  326 | mg ret    nan pi +0.008 v 0.001 H 0.074 | dino ret  40.39 score 289.4 pi +0.006 v 10.112 |   1072s
upd  327 | mg ret   0.00 pi -0.040 v 0.001 H 0.046 | dino ret  58.79 score 308.0 pi +0.007 v 5.796 |   1075s
upd  328 | mg ret  -0.55 pi -0.112 v 0.010 H 0.108 | dino ret  22.60 score 314.7 pi +0.016 v 3.845 |   1079s
upd  329 | mg ret   0.39 pi -0.108 v 0.009 H 0.038 | dino ret  28.42 score 279.0 pi -0.042 v 6.049 |   1083s
upd  330 | mg ret   0.00 pi +0.011 v 0.002 H 0.028 | dino ret  58.49 score 359.5 pi -0.002 v 5.181 |   1090s
upd  331 | mg ret    nan pi +0.039 v 0.001 H 0.016 | dino ret  44.46 score 293.3 pi -0.015 v 4.651 |   1096s
upd  332 | mg ret   1.27 pi -0.004 v 0.007 H 0.020 | dino ret  20.32 score 231.2 pi +0.019 v 7.341 |   1102s
upd  333 | mg ret   1.39 pi -0.094 v 0.008 H 0.046 | dino ret  27.80 score 341.5 pi -0.034 v 6.702 |   1105s
upd  334 | mg ret    nan pi -0.003 v 0.002 H 0.029 | dino ret  59.93 score 389.8 pi +0.003 v 5.173 |   1110s
upd  335 | mg ret   0.81 pi +0.040 v 0.012 H 0.076 | dino ret  40.21 score 192.0 pi +0.009 v 5.703 |   1115s
upd  336 | mg ret   0.23 pi -0.019 v 0.007 H 0.045 | dino ret  40.48 score 383.5 pi +0.026 v 4.338 |   1121s
upd  337 | mg ret   0.52 pi +0.035 v 0.009 H 0.020 | dino ret  31.57 score 261.2 pi -0.001 v 6.901 |   1126s
upd  338 | mg ret   0.52 pi -0.001 v 0.010 H 0.026 | dino ret  35.47 score 307.8 pi -0.009 v 5.022 |   1129s
upd  339 | mg ret    nan pi +0.001 v 0.001 H 0.017 | dino ret  27.51 score 248.8 pi -0.040 v 4.559 |   1133s
upd  340 | mg ret    nan pi -0.011 v 0.001 H 0.023 | dino ret  24.18 score 261.8 pi +0.002 v 5.955 |   1136s
upd  341 | mg ret   0.61 pi +0.030 v 0.004 H 0.066 | dino ret  40.21 score 282.0 pi -0.029 v 9.076 |   1139s
upd  342 | mg ret   1.15 pi -0.143 v 0.044 H 0.043 | dino ret  19.29 score 208.7 pi -0.003 v 5.559 |   1142s
upd  343 | mg ret   0.96 pi -0.037 v 0.033 H 0.065 | dino ret  51.24 score 368.6 pi -0.000 v 7.127 |   1148s
upd  344 | mg ret   0.43 pi -0.226 v 0.320 H 0.078 | dino ret  72.09 score 338.0 pi -0.065 v 2.303 |   1152s
upd  345 | mg ret   1.04 pi -0.007 v 0.654 H 0.116 | dino ret  40.25 score 271.7 pi +0.042 v 5.950 |   1157s
upd  346 | mg ret   1.28 pi -0.017 v 1.128 H 0.197 | dino ret  47.19 score 399.3 pi +0.016 v 3.174 |   1162s
upd  347 | mg ret    nan pi +0.088 v 1.045 H 0.200 | dino ret  22.62 score 326.7 pi -0.003 v 4.605 |   1167s
upd  348 | mg ret   1.25 pi +0.045 v 0.875 H 0.213 | dino ret  44.25 score 348.2 pi -0.014 v 5.168 |   1169s
upd  349 | mg ret  -0.02 pi -0.007 v 1.068 H 0.310 | dino ret  33.90 score 272.0 pi +0.013 v 3.131 |   1171s
upd  350 | mg ret  -2.23 pi +0.049 v 0.849 H 0.276 | dino ret  17.73 score 238.3 pi +0.012 v 8.066 |   1174s
upd  351 | mg ret   1.35 pi +0.022 v 1.303 H 0.252 | dino ret  26.63 score 255.8 pi -0.015 v 7.403 |   1176s
upd  352 | mg ret   0.60 pi -0.030 v 1.855 H 0.238 | dino ret  32.75 score 255.6 pi -0.028 v 6.070 |   1178s
upd  353 | mg ret  -0.57 pi -0.029 v 2.115 H 0.157 | dino ret  33.36 score 251.0 pi +0.041 v 8.007 |   1181s
upd  354 | mg ret   1.40 pi -0.020 v 0.948 H 0.110 | dino ret  35.67 score 267.8 pi +0.018 v 11.957 |   1185s
upd  355 | mg ret   1.36 pi +0.001 v 0.467 H 0.083 | dino ret  33.03 score 230.6 pi +0.008 v 6.642 |   1191s
upd  356 | mg ret  -8.30 pi +0.022 v 0.278 H 0.073 | dino ret  34.33 score 232.0 pi -0.001 v 3.939 |   1195s
upd  357 | mg ret    nan pi +0.022 v 0.071 H 0.224 | dino ret  18.01 score 384.2 pi -0.041 v 4.133 |   1199s
upd  358 | mg ret    nan pi -0.001 v 0.018 H 0.118 | dino ret  24.67 score 268.4 pi -0.001 v 6.966 |   1203s
upd  359 | mg ret   0.00 pi +0.013 v 0.012 H 0.082 | dino ret  26.40 score 245.8 pi -0.020 v 5.760 |   1208s
upd  360 | mg ret   1.24 pi -0.063 v 0.075 H 0.220 | dino ret  29.71 score 261.5 pi +0.011 v 8.138 |   1211s
upd  361 | mg ret  -0.26 pi -0.055 v 0.022 H 0.288 | dino ret  33.89 score 204.0 pi +0.020 v 9.979 |   1215s
upd  362 | mg ret   0.00 pi -0.056 v 0.028 H 0.192 | dino ret  47.95 score 216.2 pi -0.006 v 7.425 |   1218s
upd  363 | mg ret   0.66 pi -0.022 v 0.093 H 0.261 | dino ret  21.14 score 130.0 pi -0.024 v 11.322 |   1221s
upd  364 | mg ret    nan pi +0.014 v 0.016 H 0.348 | dino ret  17.05 score 427.0 pi -0.090 v 4.270 |   1225s
upd  365 | mg ret    nan pi +0.050 v 0.021 H 0.458 | dino ret  25.59 score 326.0 pi -0.029 v 6.176 |   1228s
upd  366 | mg ret   1.00 pi -0.012 v 0.048 H 0.430 | dino ret  33.17 score 258.0 pi +0.008 v 7.411 |   1232s
upd  367 | mg ret  -0.35 pi +0.137 v 0.014 H 0.296 | dino ret  49.39 score 322.3 pi +0.077 v 8.340 |   1235s
upd  368 | mg ret   0.00 pi -0.002 v 0.010 H 0.256 | dino ret  19.71 score 261.8 pi -0.019 v 5.813 |   1238s
upd  369 | mg ret   0.35 pi -0.022 v 0.006 H 0.108 | dino ret  23.63 score 247.2 pi -0.097 v 7.622 |   1240s
upd  370 | mg ret    nan pi -0.035 v 0.003 H 0.185 | dino ret  16.78 score 220.5 pi +0.010 v 12.600 |   1243s
upd  371 | mg ret  -0.01 pi -0.162 v 0.004 H 0.257 | dino ret  21.95 score 285.4 pi -0.016 v 8.457 |   1246s
upd  372 | mg ret   0.73 pi +0.031 v 0.080 H 0.182 | dino ret  41.98 score 292.7 pi -0.002 v 8.499 |   1249s
upd  373 | mg ret    nan pi +0.052 v 0.014 H 0.131 | dino ret  30.40 score 168.0 pi +0.020 v 6.090 |   1251s
upd  374 | mg ret   0.71 pi +0.044 v 0.023 H 0.147 | dino ret  25.21 score 314.4 pi -0.113 v 3.241 |   1254s
upd  375 | mg ret   0.56 pi -0.003 v 0.028 H 0.100 | dino ret  45.21 score 290.8 pi +0.021 v 9.455 |   1257s
upd  376 | mg ret    nan pi +0.004 v 0.004 H 0.073 | dino ret  20.92 score 154.2 pi -0.009 v 6.080 |   1262s
upd  377 | mg ret   0.00 pi +0.043 v 0.004 H 0.069 | dino ret  69.09 score 390.3 pi +0.012 v 6.034 |   1265s
upd  378 | mg ret   0.87 pi +0.033 v 0.015 H 0.060 | dino ret  37.44 score 306.3 pi +0.059 v 6.479 |   1268s
upd  379 | mg ret   0.00 pi -0.000 v 0.001 H 0.033 | dino ret  30.40 score 386.3 pi -0.002 v 5.391 |   1272s
upd  380 | mg ret    nan pi +0.010 v 0.000 H 0.045 | dino ret   0.43 score 236.0 pi -0.001 v 4.636 |   1276s
upd  381 | mg ret   0.96 pi +0.003 v 0.011 H 0.113 | dino ret  41.40 score 360.4 pi +0.006 v 6.533 |   1280s
upd  382 | mg ret   0.71 pi -0.104 v 0.011 H 0.165 | dino ret  25.76 score 193.0 pi +0.002 v 8.748 |   1283s
upd  383 | mg ret   0.00 pi -0.092 v 0.006 H 0.136 | dino ret  40.85 score 278.0 pi -0.008 v 10.394 |   1285s
upd  384 | mg ret   0.73 pi +0.006 v 0.007 H 0.089 | dino ret  16.90 score 129.0 pi -0.075 v 6.146 |   1288s
upd  385 | mg ret   0.00 pi +0.076 v 0.002 H 0.109 | dino ret  18.78 score 283.0 pi +0.029 v 8.232 |   1291s
upd  386 | mg ret   0.71 pi -0.004 v 0.028 H 0.071 | dino ret  41.56 score 293.0 pi +0.027 v 9.034 |   1294s
upd  387 | mg ret   1.29 pi -0.064 v 0.010 H 0.084 | dino ret  45.62 score 331.3 pi -0.066 v 5.918 |   1298s
upd  388 | mg ret    nan pi -0.004 v 0.004 H 0.052 | dino ret  32.63 score 325.8 pi -0.023 v 4.411 |   1301s
upd  389 | mg ret   0.44 pi +0.019 v 0.006 H 0.075 | dino ret  35.02 score 301.8 pi -0.044 v 4.946 |   1304s
upd  390 | mg ret   0.56 pi -0.045 v 0.007 H 0.070 | dino ret  49.00 score 354.0 pi +0.016 v 5.675 |   1307s
upd  391 | mg ret   0.40 pi +0.009 v 0.004 H 0.167 | dino ret  37.10 score 334.0 pi +0.006 v 7.712 |   1312s
upd  392 | mg ret    nan pi +0.117 v 0.002 H 0.291 | dino ret  38.37 score 317.8 pi -0.038 v 5.833 |   1316s
upd  393 | mg ret    nan pi +0.107 v 0.039 H 0.548 | dino ret  41.34 score 278.5 pi +0.051 v 7.222 |   1320s
upd  394 | mg ret  -2.04 pi -0.088 v 0.125 H 0.626 | dino ret  24.90 score 197.3 pi +0.006 v 8.745 |   1324s
upd  395 | mg ret  -1.07 pi -0.073 v 0.039 H 0.347 | dino ret  49.46 score 371.5 pi -0.026 v 5.277 |   1327s
upd  396 | mg ret    nan pi +0.053 v 0.004 H 0.328 | dino ret  25.65 score 366.0 pi -0.022 v 6.973 |   1330s
upd  397 | mg ret  -0.03 pi +0.002 v 0.003 H 0.390 | dino ret  29.59 score 290.8 pi -0.069 v 5.145 |   1332s
upd  398 | mg ret  -0.01 pi -0.024 v 0.017 H 0.425 | dino ret  19.35 score 172.6 pi +0.035 v 13.780 |   1335s
upd  399 | mg ret   0.45 pi -0.058 v 0.012 H 0.213 | dino ret  43.15 score 324.0 pi -0.024 v 4.352 |   1338s
upd  400 | mg ret    nan pi -0.037 v 0.003 H 0.108 | dino ret  17.35 score 312.8 pi +0.016 v 6.731 |   1340s
upd  401 | mg ret    nan pi -0.047 v 0.004 H 0.105 | dino ret  27.24 score 360.0 pi +0.040 v 5.618 |   1343s
upd  402 | mg ret    nan pi +0.022 v 0.002 H 0.089 | dino ret  31.52 score 310.6 pi -0.035 v 6.948 |   1346s
upd  403 | mg ret   0.00 pi -0.010 v 0.004 H 0.078 | dino ret  57.34 score 339.5 pi +0.053 v 5.920 |   1349s
upd  404 | mg ret   0.66 pi +0.033 v 0.008 H 0.066 | dino ret  24.46 score 169.5 pi +0.023 v 6.034 |   1352s
upd  405 | mg ret   0.00 pi +0.069 v 0.003 H 0.097 | dino ret  13.50 score 308.2 pi -0.023 v 4.619 |   1355s
upd  406 | mg ret   0.00 pi +0.032 v 0.005 H 0.101 | dino ret  19.71 score 295.3 pi -0.000 v 5.757 |   1358s
upd  407 | mg ret   0.00 pi -0.043 v 0.003 H 0.182 | dino ret  35.18 score 353.8 pi +0.025 v 7.539 |   1361s
upd  408 | mg ret    nan pi +0.040 v 0.001 H 0.148 | dino ret  38.64 score 246.0 pi +0.019 v 7.338 |   1364s
upd  409 | mg ret    nan pi +0.004 v 0.001 H 0.054 | dino ret  33.00 score 194.6 pi -0.049 v 9.570 |   1367s
upd  410 | mg ret  -0.02 pi -0.015 v 0.019 H 0.159 | dino ret  24.68 score 230.2 pi -0.015 v 7.163 |   1370s
upd  411 | mg ret   1.17 pi -0.022 v 0.012 H 0.245 | dino ret   5.82 score 241.5 pi +0.028 v 6.965 |   1373s
upd  412 | mg ret   0.24 pi -0.102 v 0.091 H 0.294 | dino ret  36.81 score 414.0 pi -0.059 v 7.327 |   1375s
upd  413 | mg ret   0.00 pi -0.000 v 0.159 H 0.302 | dino ret  19.46 score 334.8 pi +0.008 v 3.774 |   1378s
upd  414 | mg ret   0.94 pi +0.063 v 0.097 H 0.284 | dino ret  17.60 score 222.0 pi +0.000 v 9.168 |   1381s
upd  415 | mg ret   0.00 pi -0.022 v 0.054 H 0.300 | dino ret  32.50 score 261.6 pi +0.015 v 9.112 |   1384s
upd  416 | mg ret   0.91 pi -0.026 v 0.019 H 0.314 | dino ret  22.95 score 206.6 pi -0.000 v 9.149 |   1387s
upd  417 | mg ret   1.23 pi +0.036 v 0.067 H 0.303 | dino ret  53.42 score 354.7 pi +0.035 v 7.550 |   1390s
upd  418 | mg ret    nan pi +0.047 v 0.012 H 0.306 | dino ret  48.82 score 416.7 pi -0.008 v 3.631 |   1394s
upd  419 | mg ret    nan pi -0.005 v 0.011 H 0.305 | dino ret   9.70 score 278.0 pi +0.014 v 5.635 |   1397s
upd  420 | mg ret  -0.06 pi -0.091 v 0.025 H 0.299 | dino ret  41.03 score 348.5 pi +0.006 v 7.171 |   1400s
upd  421 | mg ret  -0.10 pi +0.076 v 0.006 H 0.209 | dino ret  11.92 score 260.8 pi -0.015 v 5.043 |   1402s
upd  422 | mg ret   0.24 pi +0.030 v 0.013 H 0.136 | dino ret  34.50 score 359.5 pi +0.026 v 6.832 |   1405s
upd  423 | mg ret    nan pi +0.001 v 0.001 H 0.166 | dino ret  27.19 score 238.2 pi +0.001 v 6.191 |   1408s
upd  424 | mg ret   1.26 pi -0.010 v 0.020 H 0.143 | dino ret  41.69 score 281.0 pi +0.042 v 9.543 |   1411s
upd  425 | mg ret   0.00 pi -0.073 v 0.011 H 0.078 | dino ret  35.14 score 227.2 pi +0.039 v 6.545 |   1415s
upd  426 | mg ret    nan pi +0.036 v 0.001 H 0.026 | dino ret  56.87 score 397.7 pi -0.029 v 4.963 |   1418s
upd  427 | mg ret   0.00 pi -0.001 v 0.001 H 0.022 | dino ret  24.40 score 276.7 pi -0.047 v 5.236 |   1423s
upd  428 | mg ret   0.00 pi -0.008 v 0.000 H 0.030 | dino ret  42.01 score 345.2 pi +0.003 v 5.330 |   1426s
upd  429 | mg ret   0.00 pi +0.096 v 0.046 H 0.189 | dino ret  21.22 score 168.6 pi +0.038 v 7.823 |   1428s
upd  430 | mg ret  -0.01 pi +0.039 v 0.005 H 0.081 | dino ret  25.25 score 247.8 pi -0.024 v 6.738 |   1430s
upd  431 | mg ret    nan pi +0.065 v 0.003 H 0.053 | dino ret  67.06 score 380.5 pi -0.009 v 5.907 |   1432s
upd  432 | mg ret   0.00 pi +0.001 v 0.001 H 0.033 | dino ret  36.27 score 199.0 pi -0.000 v 6.553 |   1436s
upd  433 | mg ret   0.00 pi -0.000 v 0.001 H 0.047 | dino ret  36.47 score 270.3 pi +0.002 v 5.606 |   1438s
upd  434 | mg ret    nan pi -0.001 v 0.000 H 0.043 | dino ret  23.31 score 299.0 pi +0.063 v 4.313 |   1441s
upd  435 | mg ret   1.14 pi +0.031 v 0.043 H 0.091 | dino ret  39.77 score 297.0 pi +0.034 v 6.560 |   1443s
upd  436 | mg ret  -0.06 pi +0.002 v 0.141 H 0.097 | dino ret  40.83 score 323.8 pi +0.006 v 5.278 |   1446s
upd  437 | mg ret   0.74 pi +0.012 v 0.032 H 0.067 | dino ret  38.82 score 301.5 pi +0.062 v 7.132 |   1449s
upd  438 | mg ret   1.57 pi -0.002 v 0.028 H 0.039 | dino ret  65.40 score 371.5 pi -0.021 v 4.390 |   1452s
upd  439 | mg ret   1.42 pi +0.013 v 0.025 H 0.090 | dino ret    nan score   nan pi -0.027 v 2.534 |   1454s
upd  440 | mg ret   1.27 pi -0.012 v 0.011 H 0.049 | dino ret  25.59 score 391.6 pi +0.018 v 6.728 |   1456s
upd  441 | mg ret   0.97 pi -0.002 v 0.021 H 0.049 | dino ret  48.57 score 334.8 pi -0.005 v 6.658 |   1458s
upd  442 | mg ret   1.29 pi -0.030 v 0.039 H 0.074 | dino ret  63.29 score 302.5 pi -0.008 v 4.445 |   1461s
upd  443 | mg ret   1.42 pi -0.013 v 0.056 H 0.106 | dino ret  11.08 score 493.0 pi -0.003 v 3.051 |   1464s
upd  444 | mg ret   0.97 pi -0.021 v 0.062 H 0.184 | dino ret  28.70 score 320.7 pi +0.001 v 5.037 |   1469s
upd  445 | mg ret   1.39 pi +0.012 v 0.030 H 0.095 | dino ret  46.37 score 310.7 pi -0.012 v 4.848 |   1472s
upd  446 | mg ret   1.36 pi +0.028 v 0.277 H 0.184 | dino ret  29.25 score 339.3 pi +0.056 v 5.801 |   1475s
upd  447 | mg ret   0.97 pi -0.090 v 0.490 H 0.251 | dino ret  45.49 score 319.2 pi -0.032 v 5.997 |   1478s
upd  448 | mg ret   1.08 pi +0.013 v 0.354 H 0.205 | dino ret   8.63 score 363.0 pi +0.028 v 4.568 |   1482s
upd  449 | mg ret   1.51 pi -0.000 v 0.252 H 0.203 | dino ret  19.57 score 379.2 pi -0.014 v 3.769 |   1485s
upd  450 | mg ret   1.39 pi +0.000 v 0.150 H 0.210 | dino ret  45.25 score 368.0 pi +0.008 v 5.984 |   1487s
