========================================================================
  generalModel-v1 — PARALLEL TRAINING (headless)
  MiniGrid: gymnasium.vector.SyncVectorEnv
  Dino:     multiprocess workers (SDL_VIDEODRIVER=dummy)
========================================================================
[generalModel-v1] MiniGrid obs=980 actions=7 | Dino obs=48 actions=3
[parallel] headless | minigrid_envs=8 | dino_envs=4 (multiprocess)
[rollout] minigrid=128×8=1024 | dino=512×4=2048 (×4 game frames/step)
[resume] loading checkpoints_dino_bc/bc_init.pt
upd    1 | mg ret   1.53 pi +0.007 v 0.022 H 0.703 | dino ret  41.00 score 168.3 pi -0.008 v 2.812 |      3s
upd    2 | mg ret   1.43 pi +0.023 v 0.021 H 0.377 | dino ret  47.84 score 355.3 pi -0.052 v 5.135 |      6s
upd    3 | mg ret   1.40 pi +0.010 v 0.010 H 0.339 | dino ret  38.98 score 362.7 pi -0.032 v 4.266 |      8s
upd    4 | mg ret   1.47 pi -0.018 v 0.014 H 0.436 | dino ret  26.73 score 284.6 pi +0.005 v 6.987 |     12s
upd    5 | mg ret   1.38 pi -0.065 v 0.017 H 0.467 | dino ret  27.01 score 249.0 pi -0.013 v 7.004 |     16s
upd    6 | mg ret   1.26 pi -0.037 v 0.012 H 0.433 | dino ret  19.28 score 255.8 pi -0.043 v 5.712 |     19s
upd    7 | mg ret   1.34 pi +0.085 v 0.013 H 0.507 | dino ret   9.85 score 257.2 pi +0.029 v 6.874 |     23s
upd    8 | mg ret   1.46 pi +0.017 v 0.014 H 0.403 | dino ret  16.25 score 231.9 pi +0.033 v 13.295 |     25s
upd    9 | mg ret   1.45 pi -0.007 v 0.010 H 0.323 | dino ret  39.63 score 333.3 pi -0.012 v 5.081 |     29s
upd   10 | mg ret   1.52 pi +0.013 v 0.013 H 0.350 | dino ret  16.42 score 169.0 pi +0.035 v 18.209 |     33s
upd   11 | mg ret   1.43 pi +0.006 v 0.013 H 0.364 | dino ret  20.12 score 143.2 pi +0.069 v 17.786 |     36s
upd   12 | mg ret   1.45 pi +0.011 v 0.012 H 0.407 | dino ret   6.55 score  75.7 pi -0.046 v 21.351 |     39s
upd   13 | mg ret   0.90 pi +0.024 v 0.081 H 0.476 | dino ret  14.93 score 118.1 pi -0.018 v 12.673 |     42s
upd   14 | mg ret   1.39 pi +0.072 v 0.077 H 0.416 | dino ret  22.62 score 129.9 pi +0.014 v 11.237 |     46s
upd   15 | mg ret   1.43 pi +0.038 v 0.033 H 0.395 | dino ret  44.84 score 189.8 pi -0.005 v 7.278 |     49s
upd   16 | mg ret   1.40 pi +0.037 v 0.019 H 0.357 | dino ret  16.73 score 103.6 pi +0.047 v 10.139 |     52s
upd   17 | mg ret   1.51 pi -0.066 v 0.024 H 0.357 | dino ret  17.92 score 148.4 pi +0.008 v 7.295 |     55s
upd   18 | mg ret   1.48 pi +0.027 v 0.015 H 0.364 | dino ret  26.09 score 238.7 pi -0.017 v 8.887 |     59s
upd   19 | mg ret   1.47 pi -0.015 v 0.016 H 0.341 | dino ret  33.35 score 201.0 pi +0.002 v 7.411 |     63s
upd   20 | mg ret   1.47 pi -0.067 v 0.019 H 0.369 | dino ret  20.90 score 143.0 pi -0.001 v 7.634 |     67s
upd   21 | mg ret   1.47 pi +0.067 v 0.019 H 0.310 | dino ret  33.10 score 207.4 pi +0.003 v 5.669 |     71s
upd   22 | mg ret   1.39 pi -0.002 v 0.011 H 0.319 | dino ret  20.32 score 157.6 pi +0.013 v 8.897 |     75s
upd   23 | mg ret   1.44 pi -0.019 v 0.011 H 0.303 | dino ret  21.51 score 166.8 pi +0.000 v 7.526 |     78s
upd   24 | mg ret   1.49 pi -0.006 v 0.011 H 0.256 | dino ret  33.83 score 230.0 pi +0.000 v 9.255 |     83s
upd   25 | mg ret   1.46 pi +0.005 v 0.008 H 0.257 | dino ret  35.48 score 224.8 pi +0.051 v 5.715 |     87s
upd   26 | mg ret   1.36 pi +0.031 v 0.009 H 0.264 | dino ret  26.77 score 218.5 pi -0.025 v 7.634 |     90s
upd   27 | mg ret   1.42 pi +0.029 v 0.010 H 0.237 | dino ret  27.11 score 212.2 pi -0.018 v 5.788 |     92s
upd   28 | mg ret   1.47 pi +0.003 v 0.007 H 0.232 | dino ret  16.79 score 150.1 pi -0.003 v 12.225 |     95s
upd   29 | mg ret   1.48 pi +0.001 v 0.012 H 0.204 | dino ret  13.28 score 124.5 pi -0.012 v 10.230 |     97s
upd   30 | mg ret   1.44 pi -0.007 v 0.012 H 0.222 | dino ret  15.88 score 144.6 pi +0.011 v 11.253 |     99s
upd   31 | mg ret   1.38 pi +0.030 v 0.010 H 0.193 | dino ret  36.47 score 218.6 pi -0.014 v 6.122 |    101s
upd   32 | mg ret   1.42 pi -0.006 v 0.086 H 0.248 | dino ret  12.21 score 112.8 pi +0.107 v 20.178 |    104s
upd   33 | mg ret   1.42 pi -0.032 v 0.021 H 0.327 | dino ret   8.84 score  79.7 pi +0.024 v 19.622 |    106s
upd   34 | mg ret   1.42 pi -0.084 v 0.062 H 0.309 | dino ret  18.70 score 134.1 pi -0.022 v 14.990 |    108s
upd   35 | mg ret   1.26 pi -0.000 v 0.038 H 0.280 | dino ret   6.32 score  92.3 pi -0.057 v 16.463 |    110s
upd   36 | mg ret   1.51 pi +0.004 v 0.013 H 0.240 | dino ret  12.06 score 107.9 pi +0.025 v 8.783 |    113s
upd   37 | mg ret   1.50 pi +0.004 v 0.010 H 0.214 | dino ret  26.95 score 204.9 pi +0.094 v 7.675 |    115s
upd   38 | mg ret   1.51 pi +0.006 v 0.009 H 0.193 | dino ret  16.54 score 124.2 pi -0.012 v 10.132 |    118s
upd   39 | mg ret   1.48 pi -0.029 v 0.007 H 0.252 | dino ret  15.23 score 122.2 pi -0.007 v 8.309 |    123s
upd   40 | mg ret   1.42 pi -0.012 v 0.015 H 0.288 | dino ret  20.03 score 139.4 pi -0.002 v 7.603 |    127s
upd   41 | mg ret   1.41 pi +0.026 v 0.012 H 0.211 | dino ret  21.64 score 163.7 pi +0.009 v 5.738 |    131s
upd   42 | mg ret   1.48 pi +0.040 v 0.008 H 0.245 | dino ret  11.65 score 122.7 pi +0.011 v 11.820 |    134s
upd   43 | mg ret   1.41 pi -0.088 v 0.012 H 0.258 | dino ret  22.25 score 150.9 pi -0.039 v 5.473 |    138s
upd   44 | mg ret   1.33 pi +0.267 v 0.022 H 0.331 | dino ret  19.49 score 132.3 pi +0.003 v 6.022 |    144s
upd   45 | mg ret   1.24 pi -0.011 v 0.115 H 0.331 | dino ret  25.31 score 156.6 pi +0.013 v 5.438 |    148s
upd   46 | mg ret   1.07 pi -0.034 v 0.084 H 0.381 | dino ret  28.79 score 186.3 pi +0.032 v 3.853 |    151s
upd   47 | mg ret   1.48 pi -0.073 v 0.265 H 0.266 | dino ret  17.29 score 132.0 pi -0.032 v 7.255 |    155s
upd   48 | mg ret   1.50 pi -0.006 v 0.239 H 0.276 | dino ret  25.48 score 148.5 pi -0.010 v 6.225 |    159s
upd   49 | mg ret   1.25 pi +0.032 v 0.334 H 0.226 | dino ret  17.50 score 119.9 pi -0.048 v 7.525 |    161s
upd   50 | mg ret   1.48 pi -0.081 v 0.364 H 0.248 | dino ret  15.75 score 139.2 pi +0.018 v 5.493 |    166s
upd   51 | mg ret   0.85 pi -0.049 v 0.131 H 0.273 | dino ret  18.25 score 147.0 pi +0.002 v 5.812 |    171s
upd   52 | mg ret   1.10 pi +0.021 v 0.044 H 0.358 | dino ret  12.23 score 107.9 pi -0.013 v 9.584 |    174s
upd   53 | mg ret   1.31 pi -0.006 v 0.023 H 0.419 | dino ret  14.15 score 121.0 pi +0.034 v 9.447 |    178s
upd   54 | mg ret   1.35 pi +0.006 v 0.026 H 0.401 | dino ret  26.29 score 169.4 pi -0.012 v 6.105 |    182s
upd   55 | mg ret   1.42 pi +0.008 v 0.034 H 0.483 | dino ret  23.55 score 150.9 pi -0.033 v 5.072 |    186s
upd   56 | mg ret   1.43 pi -0.011 v 0.027 H 0.445 | dino ret  18.09 score 125.2 pi -0.004 v 10.225 |    191s
upd   57 | mg ret   1.36 pi -0.016 v 0.014 H 0.346 | dino ret  30.26 score 193.8 pi +0.029 v 6.115 |    194s
upd   58 | mg ret   1.44 pi +0.022 v 0.015 H 0.283 | dino ret  25.15 score 171.7 pi +0.008 v 7.857 |    198s
upd   59 | mg ret   1.43 pi -0.019 v 0.014 H 0.246 | dino ret  21.25 score 132.8 pi -0.005 v 7.819 |    201s
upd   60 | mg ret   1.48 pi +0.001 v 0.011 H 0.237 | dino ret  27.14 score 213.2 pi -0.001 v 7.422 |    206s
upd   61 | mg ret   1.44 pi -0.015 v 0.006 H 0.255 | dino ret  27.47 score 162.2 pi +0.002 v 6.572 |    211s
upd   62 | mg ret   1.48 pi +0.022 v 0.009 H 0.209 | dino ret  16.75 score 139.8 pi +0.017 v 7.386 |    216s
upd   63 | mg ret   1.50 pi -0.023 v 0.009 H 0.231 | dino ret  24.23 score 226.6 pi -0.025 v 7.726 |    221s
upd   64 | mg ret   1.36 pi -0.003 v 0.010 H 0.240 | dino ret  29.73 score 156.0 pi -0.021 v 5.546 |    225s
upd   65 | mg ret   1.45 pi +0.056 v 0.010 H 0.175 | dino ret  32.55 score 223.5 pi +0.005 v 5.578 |    229s
upd   66 | mg ret   1.44 pi -0.007 v 0.008 H 0.176 | dino ret  38.30 score 315.5 pi -0.000 v 5.347 |    234s
upd   67 | mg ret   1.46 pi +0.001 v 0.008 H 0.173 | dino ret  39.26 score 267.6 pi +0.007 v 6.091 |    239s
upd   68 | mg ret   1.43 pi +0.034 v 0.063 H 0.258 | dino ret  30.03 score 194.2 pi -0.034 v 5.099 |    243s
upd   69 | mg ret   1.44 pi -0.045 v 0.028 H 0.285 | dino ret  14.57 score 160.7 pi -0.012 v 3.867 |    247s
upd   70 | mg ret   1.40 pi -0.028 v 0.039 H 0.287 | dino ret  28.18 score 302.5 pi -0.019 v 4.597 |    251s
upd   71 | mg ret   1.42 pi +0.033 v 0.015 H 0.226 | dino ret  30.57 score 200.0 pi -0.020 v 7.294 |    254s
upd   72 | mg ret   1.48 pi -0.094 v 0.019 H 0.245 | dino ret  28.42 score 174.8 pi -0.028 v 8.596 |    258s
upd   73 | mg ret   1.44 pi -0.054 v 0.018 H 0.275 | dino ret  30.55 score 159.2 pi -0.006 v 8.147 |    262s
upd   74 | mg ret   1.19 pi -0.016 v 0.086 H 0.334 | dino ret  14.71 score 115.9 pi -0.069 v 10.676 |    267s
upd   75 | mg ret   1.36 pi +0.004 v 0.048 H 0.285 | dino ret  25.65 score 146.4 pi +0.008 v 6.421 |    274s
upd   76 | mg ret   0.95 pi +0.047 v 0.226 H 0.315 | dino ret  23.59 score 194.0 pi -0.016 v 4.963 |    279s
upd   77 | mg ret   1.35 pi -0.042 v 0.123 H 0.313 | dino ret  28.29 score 187.5 pi +0.001 v 4.880 |    284s
upd   78 | mg ret   1.45 pi -0.050 v 0.145 H 0.204 | dino ret  23.95 score 172.3 pi +0.035 v 9.104 |    289s
upd   79 | mg ret   1.34 pi +0.029 v 0.101 H 0.215 | dino ret  32.20 score 201.5 pi -0.008 v 4.082 |    294s
upd   80 | mg ret   1.32 pi +0.003 v 0.065 H 0.272 | dino ret  25.29 score 172.3 pi +0.014 v 4.756 |    297s
upd   81 | mg ret   1.34 pi +0.004 v 0.055 H 0.234 | dino ret  22.73 score 177.0 pi -0.020 v 6.282 |    299s
upd   82 | mg ret   1.32 pi +0.019 v 0.043 H 0.379 | dino ret  38.91 score 255.5 pi +0.002 v 3.922 |    302s
upd   83 | mg ret   1.39 pi -0.004 v 0.043 H 0.391 | dino ret  32.72 score 231.8 pi -0.005 v 8.355 |    304s
upd   84 | mg ret   1.41 pi +0.025 v 0.023 H 0.298 | dino ret  32.86 score 248.6 pi -0.002 v 3.836 |    306s
upd   85 | mg ret   1.42 pi +0.072 v 0.015 H 0.325 | dino ret  16.64 score 132.0 pi -0.018 v 12.891 |    308s
upd   86 | mg ret   1.45 pi +0.014 v 0.013 H 0.301 | dino ret  30.11 score 194.0 pi -0.005 v 2.956 |    311s
upd   87 | mg ret   1.42 pi -0.002 v 0.012 H 0.376 | dino ret  16.47 score 164.4 pi -0.008 v 14.737 |    314s
upd   88 | mg ret   1.34 pi -0.028 v 0.011 H 0.364 | dino ret  27.95 score 165.0 pi +0.002 v 7.130 |    321s
upd   89 | mg ret   1.28 pi -0.043 v 0.019 H 0.458 | dino ret  26.04 score 165.0 pi +0.000 v 5.704 |    326s
upd   90 | mg ret   0.74 pi -0.064 v 0.029 H 0.459 | dino ret  50.74 score 309.8 pi -0.007 v 3.815 |    331s
upd   91 | mg ret   1.19 pi +0.034 v 0.016 H 0.275 | dino ret  23.66 score 161.1 pi -0.005 v 14.750 |    336s
upd   92 | mg ret   1.33 pi -0.045 v 0.021 H 0.190 | dino ret  27.15 score 167.3 pi -0.011 v 7.066 |    340s
upd   93 | mg ret   1.38 pi -0.008 v 0.017 H 0.162 | dino ret  41.55 score 252.0 pi +0.002 v 3.505 |    343s
upd   94 | mg ret   0.92 pi -0.030 v 0.040 H 0.153 | dino ret  23.24 score 178.4 pi +0.002 v 4.342 |    346s
upd   95 | mg ret   1.34 pi -0.006 v 0.020 H 0.137 | dino ret  19.13 score 184.9 pi -0.000 v 6.027 |    350s
upd   96 | mg ret   1.37 pi +0.023 v 0.017 H 0.163 | dino ret  37.23 score 231.5 pi -0.021 v 5.547 |    353s
upd   97 | mg ret   1.39 pi -0.001 v 0.018 H 0.166 | dino ret  34.68 score 189.7 pi -0.027 v 8.058 |    356s
upd   98 | mg ret   1.48 pi -0.039 v 0.030 H 0.213 | dino ret  22.21 score 158.0 pi +0.043 v 4.882 |    360s
upd   99 | mg ret   1.40 pi -0.141 v 0.021 H 0.162 | dino ret  10.87 score 127.4 pi +0.037 v 14.332 |    365s
upd  100 | mg ret   1.45 pi +0.007 v 0.021 H 0.156 | dino ret  22.89 score 176.0 pi +0.008 v 5.675 |    370s
upd  101 | mg ret   1.37 pi +0.056 v 0.022 H 0.140 | dino ret  28.69 score 161.1 pi -0.065 v 19.733 |    374s
upd  102 | mg ret   1.47 pi +0.049 v 0.013 H 0.137 | dino ret  65.34 score 293.0 pi -0.006 v 5.146 |    377s
upd  103 | mg ret   1.45 pi +0.043 v 0.013 H 0.158 | dino ret  28.78 score 239.2 pi -0.003 v 5.361 |    381s
upd  104 | mg ret   1.40 pi -0.009 v 0.014 H 0.176 | dino ret  38.50 score 288.0 pi -0.001 v 8.686 |    385s
upd  105 | mg ret   1.39 pi -0.013 v 0.013 H 0.178 | dino ret  44.25 score 238.3 pi +0.001 v 7.034 |    388s
upd  106 | mg ret   1.44 pi -0.011 v 0.012 H 0.186 | dino ret  21.84 score 126.0 pi +0.005 v 8.449 |    392s
upd  107 | mg ret   1.42 pi -0.122 v 0.009 H 0.170 | dino ret  14.71 score 180.4 pi +0.017 v 11.585 |    394s
upd  108 | mg ret   1.42 pi +0.013 v 0.011 H 0.132 | dino ret  33.06 score 265.3 pi -0.034 v 6.318 |    397s
upd  109 | mg ret   1.43 pi +0.012 v 0.011 H 0.145 | dino ret  25.26 score 332.5 pi -0.012 v 4.674 |    399s
upd  110 | mg ret   1.48 pi +0.004 v 0.011 H 0.129 | dino ret  30.40 score 231.6 pi +0.006 v 10.068 |    402s
upd  111 | mg ret   1.42 pi -0.033 v 0.014 H 0.149 | dino ret  22.86 score 147.3 pi -0.059 v 11.081 |    404s
upd  112 | mg ret   1.37 pi +0.017 v 0.014 H 0.170 | dino ret  39.06 score 276.3 pi +0.001 v 8.966 |    406s
upd  113 | mg ret   1.26 pi -0.008 v 0.029 H 0.146 | dino ret  11.75 score 177.4 pi +0.028 v 10.513 |    408s
upd  114 | mg ret   1.48 pi -0.039 v 0.015 H 0.111 | dino ret  38.46 score 268.4 pi +0.006 v 8.523 |    410s
upd  115 | mg ret   1.50 pi -0.009 v 0.047 H 0.122 | dino ret  18.83 score 158.9 pi +0.023 v 8.880 |    412s
upd  116 | mg ret   1.49 pi -0.006 v 0.017 H 0.118 | dino ret  32.13 score 222.0 pi +0.020 v 5.634 |    415s
upd  117 | mg ret   1.42 pi -0.004 v 0.012 H 0.112 | dino ret  -1.33 score  55.7 pi -0.003 v 35.904 |    417s
upd  118 | mg ret   1.41 pi +0.005 v 0.009 H 0.141 | dino ret   6.15 score  68.5 pi -0.006 v 18.682 |    421s
upd  119 | mg ret   1.39 pi +0.024 v 0.010 H 0.126 | dino ret  16.47 score 109.4 pi -0.031 v 10.953 |    425s
upd  120 | mg ret   1.48 pi +0.009 v 0.009 H 0.129 | dino ret   5.75 score  69.3 pi -0.020 v 17.813 |    428s
upd  121 | mg ret   1.51 pi +0.001 v 0.010 H 0.117 | dino ret  34.57 score 179.4 pi -0.023 v 3.882 |    432s
upd  122 | mg ret   1.49 pi +0.002 v 0.015 H 0.110 | dino ret  28.28 score 190.0 pi -0.021 v 5.565 |    436s
upd  123 | mg ret   1.47 pi -0.039 v 0.011 H 0.152 | dino ret  20.30 score 221.3 pi +0.009 v 6.885 |    439s
upd  124 | mg ret   1.52 pi -0.007 v 0.012 H 0.136 | dino ret  28.48 score 206.8 pi +0.005 v 5.119 |    442s
upd  125 | mg ret   1.36 pi +0.057 v 0.015 H 0.128 | dino ret  31.39 score 251.0 pi -0.012 v 7.506 |    446s
upd  126 | mg ret   1.47 pi -0.093 v 0.019 H 0.123 | dino ret  27.69 score 204.3 pi +0.021 v 8.394 |    451s
upd  127 | mg ret   1.51 pi +0.064 v 0.011 H 0.103 | dino ret  34.06 score 214.8 pi +0.010 v 9.213 |    454s
upd  128 | mg ret   1.56 pi +0.001 v 0.012 H 0.082 | dino ret  40.63 score 227.2 pi +0.046 v 6.048 |    458s
upd  129 | mg ret   1.36 pi +0.014 v 0.011 H 0.102 | dino ret  30.61 score 176.9 pi +0.005 v 8.227 |    460s
upd  130 | mg ret   1.50 pi +0.018 v 0.013 H 0.151 | dino ret  18.36 score 105.4 pi +0.002 v 11.359 |    464s
upd  131 | mg ret   1.49 pi +0.008 v 0.018 H 0.201 | dino ret  41.14 score 284.0 pi +0.011 v 4.494 |    466s
upd  132 | mg ret   1.43 pi -0.013 v 0.013 H 0.159 | dino ret  40.74 score 340.8 pi +0.028 v 7.740 |    470s
upd  133 | mg ret   1.43 pi -0.009 v 0.022 H 0.262 | dino ret  16.76 score 177.7 pi +0.021 v 5.571 |    472s
upd  134 | mg ret   1.40 pi +0.069 v 0.019 H 0.143 | dino ret  14.89 score 283.2 pi +0.006 v 7.239 |    475s
upd  135 | mg ret   1.46 pi +0.001 v 0.012 H 0.104 | dino ret  23.01 score 216.0 pi -0.009 v 9.987 |    478s
upd  136 | mg ret   1.44 pi +0.002 v 0.017 H 0.109 | dino ret  49.10 score 308.3 pi -0.001 v 6.649 |    483s
upd  137 | mg ret   1.46 pi -0.028 v 0.012 H 0.089 | dino ret  31.37 score 263.0 pi +0.002 v 6.726 |    486s
upd  138 | mg ret   1.47 pi +0.002 v 0.013 H 0.096 | dino ret  58.67 score 377.0 pi -0.015 v 6.616 |    488s
upd  139 | mg ret   1.44 pi -0.003 v 0.010 H 0.073 | dino ret  26.63 score 272.7 pi -0.068 v 4.069 |    492s
upd  140 | mg ret   1.53 pi -0.018 v 0.015 H 0.128 | dino ret  25.62 score 338.0 pi -0.049 v 8.015 |    496s
upd  141 | mg ret   1.47 pi -0.005 v 0.016 H 0.109 | dino ret  13.41 score 196.5 pi +0.003 v 7.975 |    501s
upd  142 | mg ret   1.51 pi -0.040 v 0.010 H 0.119 | dino ret  30.69 score 248.3 pi +0.001 v 9.398 |    506s
upd  143 | mg ret   1.46 pi -0.035 v 0.011 H 0.147 | dino ret  37.11 score 267.7 pi -0.004 v 4.918 |    510s
upd  144 | mg ret   1.35 pi +0.016 v 0.011 H 0.266 | dino ret  27.34 score 267.6 pi -0.001 v 8.074 |    515s
upd  145 | mg ret   1.37 pi -0.005 v 0.011 H 0.174 | dino ret   3.77 score 199.0 pi -0.002 v 6.170 |    520s
upd  146 | mg ret   1.40 pi +0.008 v 0.013 H 0.163 | dino ret  32.37 score 355.0 pi +0.005 v 8.245 |    524s
upd  147 | mg ret   1.49 pi -0.099 v 0.012 H 0.167 | dino ret  36.29 score 250.0 pi +0.002 v 13.206 |    529s
upd  148 | mg ret   1.43 pi -0.064 v 0.011 H 0.135 | dino ret  30.35 score 262.8 pi -0.007 v 9.708 |    533s
upd  149 | mg ret   1.29 pi +0.010 v 0.045 H 0.176 | dino ret  20.01 score 170.6 pi +0.064 v 15.910 |    536s
upd  150 | mg ret   1.34 pi +0.003 v 0.044 H 0.117 | dino ret  31.32 score 234.0 pi +0.076 v 12.161 |    540s
upd  151 | mg ret   1.40 pi -0.056 v 0.014 H 0.101 | dino ret  23.28 score 175.4 pi -0.006 v 9.716 |    544s
upd  152 | mg ret   1.44 pi -0.018 v 0.011 H 0.109 | dino ret   7.03 score 110.2 pi +0.125 v 12.472 |    547s
upd  153 | mg ret   1.49 pi -0.008 v 0.008 H 0.103 | dino ret  26.20 score 312.8 pi -0.012 v 7.445 |    551s
upd  154 | mg ret   1.31 pi -0.030 v 0.013 H 0.172 | dino ret  39.39 score 255.0 pi -0.026 v 7.175 |    555s
upd  155 | mg ret   1.43 pi +0.005 v 0.008 H 0.121 | dino ret  25.22 score 267.3 pi +0.036 v 12.264 |    558s
upd  156 | mg ret   1.24 pi -0.051 v 0.051 H 0.149 | dino ret  10.79 score 141.9 pi +0.000 v 12.972 |    561s
upd  157 | mg ret   1.44 pi -0.002 v 0.010 H 0.102 | dino ret  39.77 score 340.8 pi -0.008 v 7.153 |    564s
upd  158 | mg ret   1.44 pi +0.001 v 0.008 H 0.092 | dino ret   9.22 score 141.0 pi +0.013 v 11.421 |    570s
upd  159 | mg ret   1.46 pi -0.011 v 0.007 H 0.091 | dino ret   5.24 score 337.0 pi +0.001 v 4.903 |    575s
upd  160 | mg ret   1.45 pi -0.042 v 0.254 H 0.158 | dino ret  23.40 score 275.5 pi -0.004 v 8.725 |    579s
upd  161 | mg ret   1.40 pi +0.022 v 0.022 H 0.118 | dino ret  28.52 score 280.7 pi +0.014 v 5.422 |    584s
upd  162 | mg ret   1.52 pi -0.001 v 0.011 H 0.105 | dino ret  26.98 score 312.5 pi -0.042 v 4.971 |    590s
upd  163 | mg ret   1.39 pi -0.062 v 0.009 H 0.115 | dino ret  27.54 score 229.6 pi -0.012 v 11.307 |    594s
upd  164 | mg ret   1.44 pi -0.003 v 0.012 H 0.171 | dino ret  38.15 score 201.9 pi +0.008 v 12.183 |    600s
upd  165 | mg ret   1.47 pi +0.022 v 0.009 H 0.102 | dino ret  17.26 score  98.7 pi +0.014 v 7.956 |    605s
upd  166 | mg ret   1.42 pi +0.015 v 0.008 H 0.128 | dino ret    nan score   nan pi -0.023 v 3.380 |    612s
upd  167 | mg ret   1.43 pi +0.020 v 0.010 H 0.115 | dino ret   6.65 score 321.5 pi +0.024 v 21.115 |    618s
upd  168 | mg ret   1.50 pi -0.009 v 0.010 H 0.098 | dino ret  24.67 score 218.2 pi -0.024 v 8.507 |    622s
upd  169 | mg ret   1.42 pi +0.011 v 0.012 H 0.114 | dino ret  43.67 score 459.0 pi +0.010 v 3.152 |    625s
upd  170 | mg ret   1.45 pi -0.032 v 0.010 H 0.076 | dino ret  50.78 score 394.0 pi +0.023 v 10.283 |    627s
upd  171 | mg ret   1.38 pi -0.021 v 0.010 H 0.075 | dino ret  31.91 score 188.4 pi +0.005 v 7.803 |    629s
upd  172 | mg ret   1.36 pi +0.000 v 0.018 H 0.090 | dino ret  46.00 score 291.5 pi +0.050 v 7.509 |    631s
upd  173 | mg ret   1.51 pi -0.012 v 0.008 H 0.093 | dino ret  43.37 score 298.0 pi -0.003 v 6.368 |    634s
upd  174 | mg ret   1.35 pi +0.024 v 0.011 H 0.124 | dino ret  22.22 score 462.0 pi -0.015 v 4.868 |    636s
upd  175 | mg ret   1.43 pi -0.006 v 0.009 H 0.069 | dino ret  29.92 score 407.4 pi -0.024 v 7.042 |    638s
upd  176 | mg ret   1.40 pi +0.001 v 0.010 H 0.063 | dino ret  27.13 score 195.4 pi +0.035 v 12.135 |    640s
upd  177 | mg ret   1.48 pi +0.016 v 0.009 H 0.075 | dino ret  38.75 score 196.0 pi +0.115 v 8.385 |    643s
upd  178 | mg ret   1.36 pi +0.012 v 0.018 H 0.166 | dino ret  26.35 score 172.3 pi +0.020 v 10.492 |    645s
upd  179 | mg ret   1.50 pi -0.040 v 0.036 H 0.257 | dino ret  11.91 score 127.0 pi -0.021 v 10.220 |    647s
upd  180 | mg ret   1.49 pi +0.059 v 0.021 H 0.197 | dino ret  20.02 score 220.0 pi +0.012 v 10.186 |    649s
upd  181 | mg ret   1.24 pi -0.084 v 0.035 H 0.301 | dino ret  66.11 score 353.2 pi -0.019 v 8.571 |    651s
upd  182 | mg ret   1.50 pi +0.103 v 0.027 H 0.278 | dino ret  20.75 score 135.8 pi +0.004 v 7.955 |    653s
upd  183 | mg ret   1.33 pi +0.049 v 0.022 H 0.130 | dino ret  34.08 score 262.0 pi +0.002 v 7.451 |    655s
upd  184 | mg ret   1.40 pi +0.032 v 0.017 H 0.206 | dino ret  36.29 score 201.0 pi +0.036 v 8.803 |    657s
upd  185 | mg ret   1.33 pi -0.008 v 0.029 H 0.237 | dino ret  23.26 score 136.4 pi +0.004 v 9.269 |    660s
upd  186 | mg ret   1.50 pi +0.016 v 0.018 H 0.223 | dino ret  18.68 score 204.6 pi +0.057 v 14.952 |    662s
upd  187 | mg ret   1.48 pi +0.010 v 0.013 H 0.123 | dino ret  11.65 score 142.2 pi -0.013 v 14.616 |    664s
upd  188 | mg ret   1.44 pi +0.019 v 0.011 H 0.130 | dino ret  16.47 score 200.5 pi +0.070 v 15.301 |    666s
upd  189 | mg ret   1.46 pi +0.007 v 0.008 H 0.117 | dino ret  30.14 score 231.2 pi +0.011 v 8.087 |    668s
upd  190 | mg ret   1.43 pi -0.017 v 0.006 H 0.083 | dino ret   8.04 score 128.8 pi +0.006 v 12.760 |    670s
upd  191 | mg ret   1.45 pi +0.017 v 0.007 H 0.156 | dino ret  18.72 score 171.3 pi +0.004 v 10.315 |    672s
upd  192 | mg ret   1.47 pi -0.030 v 0.093 H 0.268 | dino ret  28.97 score 181.6 pi -0.009 v 8.225 |    674s
upd  193 | mg ret   1.51 pi +0.017 v 0.023 H 0.168 | dino ret  16.73 score 142.2 pi +0.004 v 12.436 |    676s
upd  194 | mg ret   1.44 pi -0.002 v 0.028 H 0.165 | dino ret  32.18 score 242.1 pi -0.044 v 10.635 |    678s
upd  195 | mg ret   1.51 pi -0.044 v 0.026 H 0.178 | dino ret  20.32 score 113.6 pi +0.054 v 14.405 |    680s
upd  196 | mg ret   1.43 pi -0.066 v 0.020 H 0.252 | dino ret  13.41 score 136.2 pi +0.038 v 6.748 |    683s
upd  197 | mg ret   1.46 pi +0.015 v 0.020 H 0.281 | dino ret  13.66 score 131.4 pi -0.066 v 18.017 |    685s
upd  198 | mg ret   1.49 pi +0.011 v 0.021 H 0.137 | dino ret  21.33 score 125.9 pi -0.005 v 10.672 |    687s
upd  199 | mg ret   1.44 pi +0.011 v 0.012 H 0.139 | dino ret  13.19 score 166.8 pi +0.031 v 6.958 |    689s
upd  200 | mg ret   1.43 pi -0.006 v 0.009 H 0.064 | dino ret  23.64 score 286.2 pi +0.002 v 9.015 |    691s
upd  201 | mg ret   1.44 pi -0.051 v 0.009 H 0.081 | dino ret  40.60 score 286.8 pi -0.088 v 5.433 |    693s
upd  202 | mg ret   1.44 pi +0.038 v 0.007 H 0.101 | dino ret  30.70 score 298.2 pi -0.006 v 5.312 |    695s
upd  203 | mg ret   1.50 pi +0.010 v 0.008 H 0.067 | dino ret  33.65 score 246.2 pi +0.010 v 6.671 |    697s
upd  204 | mg ret   1.54 pi -0.085 v 0.011 H 0.099 | dino ret  55.23 score 270.7 pi +0.050 v 4.368 |    700s
upd  205 | mg ret   1.46 pi -0.035 v 0.020 H 0.106 | dino ret  24.92 score 331.7 pi +0.017 v 4.426 |    702s
upd  206 | mg ret   1.41 pi -0.039 v 0.014 H 0.113 | dino ret  35.38 score 284.3 pi -0.053 v 9.887 |    704s
upd  207 | mg ret   1.49 pi +0.007 v 0.012 H 0.104 | dino ret  60.73 score 281.0 pi -0.003 v 8.734 |    706s
upd  208 | mg ret   1.34 pi +0.030 v 0.027 H 0.117 | dino ret  23.30 score 222.0 pi -0.034 v 17.349 |    708s
upd  209 | mg ret   1.41 pi +0.009 v 0.006 H 0.068 | dino ret  16.67 score 124.0 pi +0.065 v 6.138 |    711s
upd  210 | mg ret   1.34 pi +0.120 v 0.010 H 0.088 | dino ret  27.98 score 369.2 pi -0.074 v 7.172 |    713s
upd  211 | mg ret   1.19 pi +0.196 v 0.468 H 0.108 | dino ret  10.96 score 189.0 pi +0.044 v 8.275 |    714s
upd  212 | mg ret   1.39 pi -0.007 v 0.198 H 0.115 | dino ret  31.94 score 361.6 pi -0.021 v 7.694 |    717s
upd  213 | mg ret   1.39 pi +0.163 v 0.209 H 0.174 | dino ret  30.23 score 227.6 pi +0.020 v 10.282 |    719s
upd  214 | mg ret   1.46 pi +0.169 v 0.104 H 0.187 | dino ret  59.52 score 455.0 pi -0.015 v 4.900 |    721s
upd  215 | mg ret   1.37 pi -0.043 v 0.053 H 0.134 | dino ret  44.03 score 378.3 pi -0.026 v 5.184 |    723s
upd  216 | mg ret   1.37 pi +0.025 v 0.076 H 0.193 | dino ret  21.90 score 364.3 pi -0.054 v 3.404 |    725s
upd  217 | mg ret   0.94 pi -0.045 v 0.067 H 0.190 | dino ret  34.88 score 290.7 pi -0.012 v 10.715 |    727s
upd  218 | mg ret   1.42 pi +0.043 v 0.056 H 0.130 | dino ret  31.95 score 181.7 pi -0.017 v 6.332 |    729s
upd  219 | mg ret   1.36 pi +0.003 v 0.044 H 0.107 | dino ret  45.50 score 442.7 pi +0.006 v 6.072 |    731s
upd  220 | mg ret   1.40 pi -0.019 v 0.034 H 0.134 | dino ret  58.51 score 468.0 pi -0.033 v 5.958 |    733s
upd  221 | mg ret   1.45 pi -0.021 v 0.014 H 0.083 | dino ret  48.55 score 441.5 pi +0.008 v 5.026 |    736s
upd  222 | mg ret   1.45 pi +0.016 v 0.010 H 0.097 | dino ret  14.71 score 333.0 pi -0.024 v 6.288 |    738s
upd  223 | mg ret   1.51 pi -0.003 v 0.008 H 0.073 | dino ret  54.19 score 469.3 pi -0.005 v 6.274 |    740s
upd  224 | mg ret   1.55 pi +0.033 v 0.009 H 0.083 | dino ret  13.70 score 207.6 pi -0.006 v 12.378 |    742s
upd  225 | mg ret   1.51 pi -0.082 v 0.010 H 0.083 | dino ret  41.18 score 342.0 pi -0.013 v 8.489 |    744s
upd  226 | mg ret   1.41 pi +0.003 v 0.007 H 0.059 | dino ret  74.18 score 357.0 pi -0.020 v 4.236 |    746s
upd  227 | mg ret   1.44 pi -0.002 v 0.006 H 0.051 | dino ret  25.06 score 346.8 pi -0.026 v 8.811 |    749s
upd  228 | mg ret   1.51 pi +0.010 v 0.004 H 0.055 | dino ret  48.89 score 330.8 pi -0.028 v 8.003 |    751s
upd  229 | mg ret   1.42 pi -0.005 v 0.006 H 0.047 | dino ret  34.27 score 251.0 pi -0.036 v 7.987 |    754s
upd  230 | mg ret   1.44 pi +0.008 v 0.006 H 0.054 | dino ret  30.59 score 302.0 pi -0.004 v 5.598 |    756s
upd  231 | mg ret   1.45 pi +0.000 v 0.004 H 0.058 | dino ret  23.95 score 303.8 pi +0.000 v 7.547 |    759s
upd  232 | mg ret   1.46 pi -0.008 v 0.007 H 0.069 | dino ret  43.34 score 375.7 pi +0.027 v 8.012 |    761s
upd  233 | mg ret   1.46 pi -0.013 v 0.005 H 0.047 | dino ret  29.97 score 270.0 pi -0.065 v 8.689 |    763s
upd  234 | mg ret   1.45 pi +0.006 v 0.006 H 0.037 | dino ret  23.15 score 242.8 pi +0.020 v 10.122 |    766s
upd  235 | mg ret   1.47 pi +0.002 v 0.004 H 0.036 | dino ret  25.57 score 247.5 pi -0.022 v 10.542 |    768s
upd  236 | mg ret   1.47 pi -0.007 v 0.004 H 0.037 | dino ret  12.47 score 181.8 pi +0.116 v 16.571 |    772s
upd  237 | mg ret   1.47 pi +0.006 v 0.007 H 0.041 | dino ret  29.51 score 341.2 pi +0.004 v 7.446 |    775s
upd  238 | mg ret   1.45 pi -0.011 v 0.005 H 0.047 | dino ret  21.79 score 193.5 pi -0.030 v 8.124 |    777s
upd  239 | mg ret   1.43 pi +0.027 v 0.004 H 0.053 | dino ret  36.81 score 330.8 pi -0.035 v 6.549 |    780s
upd  240 | mg ret   1.44 pi +0.003 v 0.006 H 0.041 | dino ret  59.95 score 327.5 pi +0.020 v 3.849 |    783s
upd  241 | mg ret   1.48 pi +0.000 v 0.005 H 0.039 | dino ret  42.43 score 471.7 pi +0.010 v 5.717 |    786s
upd  242 | mg ret   1.48 pi -0.013 v 0.004 H 0.047 | dino ret  24.31 score 252.6 pi -0.017 v 7.365 |    788s
upd  243 | mg ret   1.49 pi -0.006 v 0.005 H 0.048 | dino ret  39.14 score 243.9 pi -0.007 v 11.608 |    792s
upd  244 | mg ret   1.45 pi -0.021 v 0.006 H 0.065 | dino ret  28.63 score 147.5 pi -0.000 v 7.826 |    795s
upd  245 | mg ret   1.45 pi +0.001 v 0.004 H 0.051 | dino ret  31.38 score 260.8 pi +0.010 v 9.373 |    798s
upd  246 | mg ret   1.46 pi -0.038 v 0.005 H 0.060 | dino ret  47.54 score 304.5 pi +0.038 v 8.333 |    800s
upd  247 | mg ret   1.49 pi -0.014 v 0.007 H 0.066 | dino ret  13.51 score 153.8 pi +0.011 v 9.311 |    803s
upd  248 | mg ret   1.44 pi -0.043 v 0.010 H 0.083 | dino ret  22.02 score 409.7 pi -0.012 v 4.731 |    805s
upd  249 | mg ret   1.43 pi +0.010 v 0.008 H 0.067 | dino ret  32.56 score 436.0 pi -0.012 v 6.973 |    807s
upd  250 | mg ret   1.47 pi +0.006 v 0.006 H 0.047 | dino ret  14.06 score 279.2 pi +0.043 v 10.477 |    813s
upd  251 | mg ret   1.42 pi -0.006 v 0.006 H 0.044 | dino ret  73.80 score 457.3 pi +0.015 v 7.536 |    819s
upd  252 | mg ret   1.47 pi +0.002 v 0.006 H 0.044 | dino ret  19.73 score 252.2 pi -0.017 v 6.438 |    822s
upd  253 | mg ret   1.44 pi +0.031 v 0.007 H 0.052 | dino ret  53.21 score 460.3 pi +0.039 v 6.148 |    826s
upd  254 | mg ret   1.47 pi -0.005 v 0.004 H 0.045 | dino ret  70.63 score 388.0 pi +0.024 v 5.499 |    832s
upd  255 | mg ret   1.44 pi -0.003 v 0.005 H 0.034 | dino ret  19.69 score 278.7 pi +0.011 v 4.380 |    837s
upd  256 | mg ret   1.44 pi +0.052 v 0.006 H 0.041 | dino ret  21.19 score 257.5 pi +0.008 v 7.864 |    840s
upd  257 | mg ret   1.45 pi -0.002 v 0.005 H 0.034 | dino ret  75.69 score 520.0 pi -0.041 v 5.561 |    844s
upd  258 | mg ret   1.46 pi -0.001 v 0.005 H 0.028 | dino ret  22.93 score 393.5 pi +0.005 v 5.111 |    848s
upd  259 | mg ret   1.46 pi -0.000 v 0.005 H 0.027 | dino ret  50.05 score 351.8 pi -0.003 v 5.700 |    852s
upd  260 | mg ret   1.51 pi -0.002 v 0.005 H 0.040 | dino ret  55.54 score 345.5 pi -0.037 v 5.574 |    855s
upd  261 | mg ret   1.47 pi -0.046 v 0.006 H 0.077 | dino ret  41.94 score 247.5 pi -0.012 v 5.926 |    858s
upd  262 | mg ret   1.31 pi -0.043 v 0.106 H 0.096 | dino ret  38.08 score 310.3 pi -0.072 v 6.039 |    861s
upd  263 | mg ret   1.26 pi -0.086 v 0.049 H 0.122 | dino ret  20.24 score 323.0 pi -0.025 v 3.614 |    864s
upd  264 | mg ret   0.97 pi -0.065 v 0.054 H 0.096 | dino ret  27.09 score 371.8 pi -0.011 v 6.081 |    868s
upd  265 | mg ret   1.44 pi +0.043 v 0.015 H 0.037 | dino ret  35.45 score 261.4 pi -0.087 v 5.149 |    871s
upd  266 | mg ret   1.49 pi +0.019 v 0.008 H 0.039 | dino ret  58.68 score 348.7 pi -0.001 v 6.961 |    874s
upd  267 | mg ret   1.45 pi +0.002 v 0.006 H 0.049 | dino ret  15.64 score 220.7 pi +0.072 v 10.338 |    878s
upd  268 | mg ret   1.01 pi -0.036 v 0.061 H 0.119 | dino ret  44.35 score 380.2 pi +0.027 v 12.262 |    880s
upd  269 | mg ret   1.47 pi +0.053 v 0.010 H 0.057 | dino ret  46.68 score 287.3 pi +0.074 v 7.253 |    884s
upd  270 | mg ret   1.48 pi +0.021 v 0.006 H 0.041 | dino ret  33.47 score 262.2 pi -0.010 v 9.354 |    887s
upd  271 | mg ret   1.43 pi -0.037 v 0.007 H 0.049 | dino ret  46.62 score 291.5 pi -0.005 v 7.504 |    891s
upd  272 | mg ret   1.47 pi +0.012 v 0.005 H 0.033 | dino ret  18.27 score 214.0 pi +0.005 v 8.365 |    896s
upd  273 | mg ret   1.42 pi -0.052 v 0.006 H 0.067 | dino ret  48.38 score 429.3 pi -0.021 v 5.339 |    900s
upd  274 | mg ret   1.48 pi -0.035 v 0.010 H 0.036 | dino ret  46.66 score 295.5 pi -0.002 v 7.182 |    905s
upd  275 | mg ret   1.41 pi +0.008 v 0.007 H 0.046 | dino ret  33.43 score 308.8 pi +0.005 v 7.410 |    909s
upd  276 | mg ret   1.35 pi -0.126 v 0.013 H 0.070 | dino ret  59.43 score 414.7 pi +0.001 v 7.268 |    913s
upd  277 | mg ret   1.49 pi -0.014 v 0.012 H 0.052 | dino ret  32.81 score 240.8 pi +0.000 v 5.826 |    919s
upd  278 | mg ret   1.47 pi -0.001 v 0.009 H 0.032 | dino ret  35.31 score 319.8 pi -0.022 v 6.210 |    924s
upd  279 | mg ret   1.44 pi +0.046 v 0.007 H 0.038 | dino ret  27.64 score 179.8 pi +0.020 v 10.622 |    930s
upd  280 | mg ret   1.48 pi +0.007 v 0.007 H 0.028 | dino ret  30.53 score 309.2 pi +0.001 v 5.945 |    935s
upd  281 | mg ret   1.44 pi -0.008 v 0.007 H 0.026 | dino ret  12.76 score 180.8 pi +0.012 v 11.112 |    941s
upd  282 | mg ret   1.49 pi -0.002 v 0.005 H 0.028 | dino ret  51.32 score 379.7 pi -0.020 v 6.610 |    945s
upd  283 | mg ret   1.45 pi +0.003 v 0.005 H 0.029 | dino ret  22.62 score 340.3 pi -0.020 v 4.861 |    949s
upd  284 | mg ret   1.45 pi -0.003 v 0.005 H 0.035 | dino ret  21.86 score 248.8 pi +0.002 v 9.878 |    953s
upd  285 | mg ret   1.35 pi -0.013 v 0.126 H 0.036 | dino ret  20.76 score 213.2 pi -0.017 v 11.844 |    957s
upd  286 | mg ret   1.46 pi -0.002 v 0.090 H 0.045 | dino ret   5.09 score  93.3 pi -0.080 v 31.310 |    962s
upd  287 | mg ret   1.45 pi +0.026 v 0.026 H 0.049 | dino ret  -2.11 score  34.7 pi -0.089 v 50.985 |    967s
upd  288 | mg ret   1.49 pi -0.084 v 0.010 H 0.055 | dino ret  -3.84 score  26.6 pi -0.040 v 45.035 |    970s
upd  289 | mg ret   1.52 pi +0.041 v 0.010 H 0.054 | dino ret  -4.60 score  23.0 pi -0.042 v 27.139 |    972s
upd  290 | mg ret   1.43 pi -0.113 v 0.009 H 0.067 | dino ret  -4.26 score  24.3 pi -0.012 v 16.118 |    974s
upd  291 | mg ret   1.46 pi -0.065 v 0.008 H 0.058 | dino ret   4.04 score  51.9 pi -0.023 v 8.599 |    976s
upd  292 | mg ret   1.55 pi -0.000 v 0.008 H 0.061 | dino ret  20.78 score 112.0 pi +0.023 v 7.909 |    979s
upd  293 | mg ret   1.52 pi -0.005 v 0.006 H 0.100 | dino ret  33.87 score 300.5 pi -0.063 v 4.686 |    981s
upd  294 | mg ret   1.46 pi -0.025 v 0.009 H 0.120 | dino ret   4.03 score  64.2 pi +0.009 v 17.890 |    986s
upd  295 | mg ret   1.48 pi +0.024 v 0.005 H 0.050 | dino ret  16.05 score  91.4 pi +0.006 v 8.290 |    991s
upd  296 | mg ret   1.39 pi -0.045 v 0.178 H 0.072 | dino ret  29.04 score 258.0 pi -0.000 v 4.729 |    994s
upd  297 | mg ret   1.43 pi +0.014 v 0.017 H 0.038 | dino ret  10.52 score 154.7 pi -0.018 v 11.694 |    996s
upd  298 | mg ret   1.39 pi -0.071 v 0.015 H 0.044 | dino ret  26.21 score 239.2 pi -0.007 v 4.072 |    998s
upd  299 | mg ret   1.48 pi -0.016 v 0.012 H 0.059 | dino ret  17.96 score 190.1 pi -0.011 v 8.165 |   1001s
upd  300 | mg ret   1.43 pi +0.025 v 0.009 H 0.046 | dino ret  23.63 score 210.6 pi -0.005 v 6.812 |   1004s
upd  301 | mg ret   1.45 pi +0.002 v 0.011 H 0.053 | dino ret  50.68 score 383.0 pi +0.002 v 5.433 |   1007s
upd  302 | mg ret   1.40 pi +0.066 v 0.362 H 0.112 | dino ret  23.21 score 218.5 pi +0.005 v 8.240 |   1009s
upd  303 | mg ret   1.41 pi +0.024 v 0.012 H 0.043 | dino ret  16.73 score 150.1 pi +0.022 v 12.518 |   1012s
upd  304 | mg ret   1.48 pi -0.014 v 0.010 H 0.053 | dino ret  48.58 score 367.5 pi +0.013 v 4.697 |   1015s
upd  305 | mg ret   1.42 pi -0.006 v 0.007 H 0.034 | dino ret  13.83 score 214.8 pi +0.002 v 8.368 |   1018s
upd  306 | mg ret   1.45 pi -0.001 v 0.007 H 0.029 | dino ret  28.81 score 444.3 pi -0.045 v 4.832 |   1022s
upd  307 | mg ret   1.45 pi -0.000 v 0.008 H 0.035 | dino ret   7.57 score 124.1 pi +0.038 v 22.692 |   1027s
upd  308 | mg ret   1.47 pi +0.001 v 0.011 H 0.041 | dino ret  22.14 score 228.4 pi +0.009 v 10.893 |   1030s
upd  309 | mg ret   1.40 pi +0.011 v 0.009 H 0.036 | dino ret  23.02 score 270.8 pi +0.006 v 6.278 |   1037s
upd  310 | mg ret   1.49 pi +0.018 v 0.013 H 0.041 | dino ret  30.30 score 315.0 pi +0.013 v 9.168 |   1041s
upd  311 | mg ret   1.44 pi -0.003 v 0.011 H 0.057 | dino ret  31.57 score 289.0 pi +0.062 v 11.556 |   1043s
upd  312 | mg ret   1.47 pi -0.003 v 0.010 H 0.049 | dino ret  32.62 score 282.2 pi -0.043 v 6.915 |   1045s
upd  313 | mg ret   1.49 pi +0.003 v 0.015 H 0.052 | dino ret   8.41 score 117.1 pi +0.036 v 18.902 |   1047s
upd  314 | mg ret   1.51 pi +0.025 v 0.009 H 0.048 | dino ret  40.93 score 334.0 pi -0.041 v 7.876 |   1051s
upd  315 | mg ret   1.43 pi +0.007 v 0.006 H 0.046 | dino ret  11.13 score 103.4 pi +0.002 v 24.733 |   1054s
upd  316 | mg ret   1.43 pi -0.001 v 0.005 H 0.052 | dino ret  12.32 score 114.1 pi -0.044 v 10.861 |   1057s
upd  317 | mg ret   1.38 pi -0.003 v 0.008 H 0.068 | dino ret  15.31 score 192.6 pi -0.010 v 8.061 |   1059s
upd  318 | mg ret   1.50 pi +0.001 v 0.008 H 0.074 | dino ret  44.92 score 320.8 pi -0.017 v 6.335 |   1061s
upd  319 | mg ret   1.46 pi +0.123 v 0.008 H 0.079 | dino ret  18.17 score 145.2 pi +0.012 v 10.476 |   1063s
upd  320 | mg ret   1.44 pi +0.045 v 0.009 H 0.114 | dino ret  51.04 score 311.6 pi -0.024 v 6.327 |   1065s
upd  321 | mg ret   1.35 pi -0.005 v 0.012 H 0.122 | dino ret  41.58 score 248.0 pi +0.019 v 5.644 |   1067s
upd  322 | mg ret   0.98 pi +0.024 v 0.016 H 0.072 | dino ret  29.52 score 317.7 pi -0.081 v 2.976 |   1069s
upd  323 | mg ret   1.34 pi +0.076 v 0.010 H 0.106 | dino ret  24.66 score 379.8 pi +0.027 v 7.023 |   1072s
upd  324 | mg ret   1.02 pi -0.080 v 0.130 H 0.159 | dino ret  33.45 score 266.5 pi -0.008 v 10.167 |   1074s
upd  325 | mg ret   1.37 pi +0.019 v 0.019 H 0.069 | dino ret  39.88 score 248.7 pi +0.015 v 7.428 |   1076s
upd  326 | mg ret   1.36 pi +0.012 v 0.012 H 0.042 | dino ret  32.07 score 303.5 pi -0.049 v 8.082 |   1079s
upd  327 | mg ret   1.44 pi -0.043 v 0.016 H 0.070 | dino ret  55.35 score 415.7 pi -0.074 v 4.400 |   1081s
upd  328 | mg ret   1.36 pi +0.028 v 0.021 H 0.076 | dino ret  54.11 score 378.7 pi -0.048 v 5.955 |   1083s
upd  329 | mg ret   1.50 pi -0.098 v 0.016 H 0.074 | dino ret  35.48 score 335.7 pi +0.011 v 5.774 |   1085s
upd  330 | mg ret   1.37 pi +0.003 v 0.017 H 0.058 | dino ret  33.57 score 399.7 pi +0.128 v 12.616 |   1087s
upd  331 | mg ret   1.42 pi +0.043 v 0.011 H 0.063 | dino ret  16.07 score 201.1 pi -0.001 v 10.676 |   1089s
upd  332 | mg ret   1.45 pi -0.135 v 0.017 H 0.075 | dino ret  39.63 score 314.0 pi +0.021 v 8.004 |   1091s
upd  333 | mg ret   1.55 pi -0.020 v 0.014 H 0.055 | dino ret  44.33 score 437.0 pi +0.060 v 6.322 |   1093s
upd  334 | mg ret   1.34 pi -0.009 v 0.028 H 0.110 | dino ret  14.22 score 258.6 pi -0.023 v 10.207 |   1095s
upd  335 | mg ret   1.37 pi +0.006 v 0.022 H 0.080 | dino ret  40.84 score 323.0 pi -0.055 v 4.069 |   1098s
upd  336 | mg ret   1.43 pi +0.017 v 0.011 H 0.064 | dino ret   9.05 score 197.4 pi +0.023 v 25.553 |   1100s
upd  337 | mg ret   1.52 pi -0.003 v 0.013 H 0.077 | dino ret   6.86 score  86.5 pi +0.040 v 38.193 |   1102s
upd  338 | mg ret   1.48 pi -0.010 v 0.007 H 0.048 | dino ret   3.98 score  58.7 pi +0.015 v 35.632 |   1104s
upd  339 | mg ret   1.44 pi +0.002 v 0.007 H 0.045 | dino ret   3.92 score  62.9 pi -0.002 v 28.353 |   1106s
upd  340 | mg ret   1.49 pi +0.003 v 0.007 H 0.056 | dino ret   6.83 score  73.8 pi +0.024 v 19.208 |   1109s
upd  341 | mg ret   1.40 pi -0.005 v 0.009 H 0.063 | dino ret   3.98 score  64.3 pi +0.067 v 21.977 |   1111s
upd  342 | mg ret   1.36 pi +0.056 v 0.025 H 0.053 | dino ret  -0.89 score  40.5 pi -0.101 v 23.129 |   1113s
upd  343 | mg ret   1.45 pi +0.010 v 0.008 H 0.052 | dino ret  -0.01 score  40.8 pi -0.044 v 18.810 |   1115s
upd  344 | mg ret   1.43 pi -0.001 v 0.011 H 0.062 | dino ret   1.47 score  44.5 pi +0.090 v 18.032 |   1118s
upd  345 | mg ret   1.43 pi -0.012 v 0.009 H 0.067 | dino ret   5.18 score  57.3 pi +0.038 v 11.890 |   1120s
upd  346 | mg ret   1.37 pi +0.001 v 0.010 H 0.146 | dino ret  13.79 score  92.8 pi -0.012 v 11.116 |   1122s
upd  347 | mg ret   1.43 pi +0.013 v 0.016 H 0.102 | dino ret   4.98 score  62.5 pi +0.083 v 18.069 |   1124s
upd  348 | mg ret   1.43 pi +0.043 v 0.009 H 0.061 | dino ret   4.61 score  62.0 pi +0.024 v 14.577 |   1126s
upd  349 | mg ret   1.45 pi -0.001 v 0.005 H 0.058 | dino ret   4.29 score  56.7 pi +0.021 v 13.845 |   1129s
upd  350 | mg ret   1.47 pi +0.001 v 0.006 H 0.056 | dino ret   2.56 score  49.8 pi +0.018 v 12.322 |   1132s
upd  351 | mg ret   1.50 pi -0.053 v 0.007 H 0.044 | dino ret   3.24 score  56.5 pi -0.042 v 11.832 |   1134s
upd  352 | mg ret   1.45 pi +0.002 v 0.008 H 0.033 | dino ret  -1.35 score  39.5 pi +0.017 v 14.343 |   1136s
upd  353 | mg ret   1.44 pi -0.001 v 0.010 H 0.028 | dino ret  -0.80 score  46.6 pi -0.029 v 10.454 |   1139s
upd  354 | mg ret   1.47 pi -0.002 v 0.008 H 0.046 | dino ret  -2.83 score  31.1 pi +0.082 v 10.686 |   1142s
upd  355 | mg ret   1.48 pi +0.004 v 0.012 H 0.102 | dino ret  -0.62 score  40.9 pi -0.003 v 10.344 |   1144s
upd  356 | mg ret   1.46 pi +0.014 v 0.011 H 0.087 | dino ret  -1.83 score  32.5 pi -0.013 v 8.418 |   1146s
upd  357 | mg ret   1.49 pi +0.017 v 0.007 H 0.063 | dino ret   2.42 score  47.4 pi +0.036 v 6.967 |   1148s
upd  358 | mg ret   1.51 pi -0.099 v 0.014 H 0.104 | dino ret   1.29 score  49.9 pi +0.013 v 7.949 |   1150s
upd  359 | mg ret   1.42 pi +0.041 v 0.026 H 0.135 | dino ret   3.41 score  53.3 pi +0.045 v 8.448 |   1153s
upd  360 | mg ret   1.45 pi -0.012 v 0.033 H 0.132 | dino ret   2.42 score  46.8 pi +0.106 v 11.101 |   1155s
upd  361 | mg ret   1.48 pi -0.007 v 0.015 H 0.180 | dino ret   5.36 score  56.4 pi -0.014 v 10.522 |   1157s
upd  362 | mg ret   1.40 pi -0.072 v 0.019 H 0.219 | dino ret   0.21 score  39.9 pi -0.065 v 9.466 |   1159s
upd  363 | mg ret   1.18 pi -0.047 v 0.013 H 0.200 | dino ret  -2.81 score  29.3 pi -0.014 v 11.069 |   1161s
upd  364 | mg ret   1.34 pi +0.018 v 0.015 H 0.162 | dino ret  -3.80 score  27.0 pi +0.007 v 7.050 |   1163s
upd  365 | mg ret   1.13 pi -0.051 v 0.019 H 0.179 | dino ret  -4.55 score  24.2 pi +0.028 v 5.170 |   1165s
upd  366 | mg ret   1.19 pi -0.005 v 0.019 H 0.097 | dino ret  -4.55 score  23.2 pi -0.043 v 3.410 |   1167s
upd  367 | mg ret   1.17 pi -0.006 v 0.017 H 0.160 | dino ret  -5.11 score  20.9 pi +0.021 v 1.693 |   1169s
upd  368 | mg ret   1.37 pi +0.004 v 0.019 H 0.106 | dino ret  -5.12 score  20.8 pi -0.019 v 1.178 |   1171s
upd  369 | mg ret   1.41 pi +0.044 v 0.018 H 0.076 | dino ret  -4.10 score  24.8 pi -0.024 v 2.410 |   1173s
upd  370 | mg ret   1.43 pi -0.041 v 0.018 H 0.082 | dino ret   4.62 score  56.3 pi +0.196 v 9.260 |   1175s
upd  371 | mg ret   1.50 pi +0.006 v 0.010 H 0.082 | dino ret  20.51 score 122.5 pi +0.056 v 11.700 |   1177s
upd  372 | mg ret   1.49 pi +0.011 v 0.007 H 0.060 | dino ret  28.10 score 172.3 pi -0.013 v 7.645 |   1180s
upd  373 | mg ret   1.50 pi +0.001 v 0.006 H 0.081 | dino ret  18.59 score 145.8 pi -0.015 v 4.973 |   1182s
upd  374 | mg ret   1.48 pi +0.046 v 0.010 H 0.126 | dino ret  43.18 score 285.6 pi +0.038 v 5.464 |   1184s
upd  375 | mg ret   1.41 pi +0.009 v 0.009 H 0.084 | dino ret  10.20 score 125.6 pi -0.008 v 4.604 |   1186s
upd  376 | mg ret   1.40 pi +0.040 v 0.014 H 0.137 | dino ret  11.55 score 159.2 pi -0.037 v 7.441 |   1189s
upd  377 | mg ret   1.49 pi -0.032 v 0.013 H 0.076 | dino ret  43.24 score 273.0 pi +0.019 v 6.215 |   1191s
upd  378 | mg ret   1.48 pi +0.021 v 0.007 H 0.067 | dino ret  30.92 score 214.0 pi +0.009 v 6.088 |   1193s
upd  379 | mg ret   1.33 pi +0.041 v 0.019 H 0.096 | dino ret  53.52 score 363.5 pi -0.130 v 4.289 |   1195s
upd  380 | mg ret   1.38 pi +0.110 v 0.007 H 0.155 | dino ret  22.54 score 267.6 pi -0.016 v 5.884 |   1197s
upd  381 | mg ret   1.47 pi +0.003 v 0.008 H 0.084 | dino ret  23.67 score 215.5 pi -0.016 v 7.548 |   1199s
upd  382 | mg ret   1.37 pi +0.012 v 0.007 H 0.070 | dino ret  39.49 score 262.6 pi +0.032 v 7.554 |   1201s
upd  383 | mg ret   1.43 pi -0.019 v 0.006 H 0.054 | dino ret  46.78 score 277.5 pi -0.007 v 7.410 |   1203s
upd  384 | mg ret   1.43 pi +0.000 v 0.005 H 0.071 | dino ret  51.39 score 315.3 pi -0.008 v 5.527 |   1205s
upd  385 | mg ret   1.47 pi -0.073 v 0.111 H 0.082 | dino ret  40.26 score 462.5 pi +0.034 v 4.000 |   1207s
upd  386 | mg ret   1.43 pi +0.017 v 0.161 H 0.079 | dino ret  24.17 score 311.5 pi +0.153 v 11.591 |   1209s
upd  387 | mg ret   1.49 pi -0.002 v 0.096 H 0.116 | dino ret  25.91 score 322.2 pi +0.036 v 8.072 |   1211s
upd  388 | mg ret   1.47 pi -0.024 v 0.269 H 0.113 | dino ret  26.56 score 220.0 pi +0.019 v 8.084 |   1213s
upd  389 | mg ret   1.44 pi +0.011 v 0.038 H 0.052 | dino ret  26.69 score 218.3 pi +0.015 v 6.396 |   1216s
upd  390 | mg ret   1.47 pi +0.059 v 0.011 H 0.064 | dino ret  19.41 score 202.8 pi -0.012 v 8.249 |   1218s
upd  391 | mg ret   1.46 pi -0.008 v 0.010 H 0.044 | dino ret  50.95 score 308.0 pi +0.008 v 7.637 |   1220s
upd  392 | mg ret   1.33 pi -0.003 v 0.029 H 0.069 | dino ret  14.94 score 282.7 pi +0.017 v 5.914 |   1222s
upd  393 | mg ret   1.42 pi -0.007 v 0.009 H 0.061 | dino ret  31.60 score 292.0 pi -0.049 v 8.656 |   1224s
upd  394 | mg ret   1.41 pi +0.029 v 0.011 H 0.049 | dino ret  35.40 score 197.0 pi -0.003 v 9.851 |   1226s
upd  395 | mg ret   1.44 pi -0.027 v 0.013 H 0.094 | dino ret  52.30 score 237.0 pi +0.078 v 9.852 |   1228s
upd  396 | mg ret   1.39 pi +0.057 v 0.010 H 0.067 | dino ret  33.97 score 203.5 pi -0.012 v 8.126 |   1230s
upd  397 | mg ret   1.50 pi -0.031 v 0.017 H 0.062 | dino ret  44.79 score 223.3 pi +0.008 v 6.338 |   1232s
upd  398 | mg ret   1.47 pi -0.028 v 0.018 H 0.054 | dino ret  40.18 score 360.2 pi +0.002 v 4.994 |   1234s
upd  399 | mg ret   1.28 pi -0.028 v 0.060 H 0.058 | dino ret  23.37 score 200.0 pi +0.041 v 8.265 |   1236s
upd  400 | mg ret   1.47 pi -0.000 v 0.007 H 0.044 | dino ret  35.64 score 324.6 pi -0.074 v 5.695 |   1240s
upd  401 | mg ret   1.47 pi +0.002 v 0.006 H 0.053 | dino ret  40.67 score 221.8 pi -0.004 v 6.914 |   1242s
upd  402 | mg ret   1.46 pi -0.084 v 0.008 H 0.051 | dino ret  36.50 score 347.0 pi +0.028 v 5.827 |   1244s
upd  403 | mg ret   1.50 pi -0.046 v 0.008 H 0.108 | dino ret  22.86 score 250.0 pi +0.057 v 12.969 |   1246s
upd  404 | mg ret   1.38 pi +0.103 v 0.093 H 0.170 | dino ret  50.33 score 299.0 pi -0.060 v 8.579 |   1248s
upd  405 | mg ret   1.46 pi -0.032 v 0.200 H 0.190 | dino ret  20.64 score 227.7 pi +0.007 v 8.640 |   1250s
upd  406 | mg ret   1.51 pi +0.015 v 0.071 H 0.201 | dino ret  43.68 score 400.0 pi -0.078 v 4.455 |   1252s
upd  407 | mg ret   1.45 pi -0.001 v 0.050 H 0.178 | dino ret  11.43 score 176.8 pi +0.003 v 9.647 |   1254s
upd  408 | mg ret   1.26 pi +0.034 v 0.048 H 0.192 | dino ret  24.35 score 271.6 pi -0.002 v 8.231 |   1256s
upd  409 | mg ret   1.57 pi -0.016 v 0.030 H 0.195 | dino ret  26.08 score 206.2 pi -0.004 v 10.330 |   1258s
upd  410 | mg ret   1.42 pi +0.003 v 0.024 H 0.120 | dino ret  15.50 score 211.0 pi +0.028 v 12.102 |   1260s
upd  411 | mg ret   1.37 pi -0.004 v 0.023 H 0.184 | dino ret  27.06 score 233.2 pi +0.001 v 7.777 |   1262s
upd  412 | mg ret   1.42 pi -0.039 v 0.015 H 0.069 | dino ret  16.93 score 232.7 pi -0.052 v 5.538 |   1264s
upd  413 | mg ret   1.49 pi -0.000 v 0.010 H 0.044 | dino ret  10.46 score 189.8 pi -0.025 v 14.465 |   1267s
upd  414 | mg ret   1.55 pi +0.018 v 0.005 H 0.043 | dino ret  12.59 score 254.5 pi +0.036 v 5.123 |   1269s
upd  415 | mg ret   1.41 pi -0.032 v 0.009 H 0.055 | dino ret  21.21 score 305.4 pi +0.095 v 12.483 |   1271s
upd  416 | mg ret   1.40 pi -0.015 v 0.008 H 0.033 | dino ret  11.86 score 352.3 pi -0.030 v 3.435 |   1274s
upd  417 | mg ret   1.46 pi +0.018 v 0.005 H 0.039 | dino ret  25.02 score 356.8 pi -0.061 v 5.154 |   1276s
upd  418 | mg ret   1.45 pi -0.017 v 0.004 H 0.037 | dino ret  23.60 score 214.6 pi +0.044 v 14.899 |   1278s
upd  419 | mg ret   1.45 pi -0.002 v 0.004 H 0.036 | dino ret  19.01 score 183.2 pi -0.029 v 7.152 |   1280s
upd  420 | mg ret   1.48 pi +0.007 v 0.005 H 0.053 | dino ret  25.00 score 232.9 pi +0.008 v 9.887 |   1283s
upd  421 | mg ret   1.50 pi -0.014 v 0.006 H 0.047 | dino ret  29.38 score 188.7 pi +0.042 v 6.523 |   1285s
upd  422 | mg ret   1.45 pi -0.007 v 0.005 H 0.062 | dino ret   9.35 score 258.2 pi -0.020 v 7.700 |   1288s
upd  423 | mg ret   1.41 pi +0.014 v 0.006 H 0.138 | dino ret  25.76 score 296.5 pi +0.068 v 10.603 |   1290s
upd  424 | mg ret   1.39 pi -0.044 v 0.012 H 0.166 | dino ret  22.80 score 227.5 pi +0.096 v 8.743 |   1292s
upd  425 | mg ret   1.43 pi +0.053 v 0.006 H 0.075 | dino ret  39.73 score 340.2 pi +0.080 v 8.361 |   1294s
upd  426 | mg ret   1.45 pi +0.003 v 0.006 H 0.069 | dino ret  36.11 score 312.0 pi +0.013 v 4.722 |   1296s
upd  427 | mg ret   1.45 pi +0.024 v 0.006 H 0.076 | dino ret  45.76 score 371.7 pi -0.030 v 5.872 |   1298s
upd  428 | mg ret   1.47 pi +0.030 v 0.005 H 0.066 | dino ret  19.58 score 201.0 pi -0.028 v 12.882 |   1300s
upd  429 | mg ret   1.44 pi +0.073 v 0.007 H 0.088 | dino ret  29.02 score 242.1 pi -0.006 v 11.391 |   1302s
upd  430 | mg ret   1.00 pi +0.033 v 0.103 H 0.086 | dino ret  22.43 score 130.6 pi -0.025 v 10.442 |   1304s
upd  431 | mg ret   1.33 pi -0.009 v 0.014 H 0.078 | dino ret  48.09 score 488.5 pi -0.018 v 4.084 |   1307s
upd  432 | mg ret   1.38 pi -0.028 v 0.015 H 0.095 | dino ret  40.96 score 460.0 pi +0.014 v 7.193 |   1309s
upd  433 | mg ret   1.45 pi +0.019 v 0.012 H 0.075 | dino ret  29.06 score 356.0 pi -0.041 v 5.766 |   1311s
upd  434 | mg ret   1.42 pi -0.033 v 0.008 H 0.080 | dino ret   3.48 score 263.2 pi +0.018 v 4.406 |   1313s
upd  435 | mg ret   1.50 pi +0.011 v 0.008 H 0.074 | dino ret  34.78 score 336.6 pi -0.030 v 7.374 |   1316s
upd  436 | mg ret   1.47 pi -0.005 v 0.009 H 0.065 | dino ret  17.26 score 146.7 pi -0.009 v 7.500 |   1318s
upd  437 | mg ret   1.50 pi +0.005 v 0.010 H 0.089 | dino ret  21.99 score 396.0 pi +0.017 v 6.037 |   1321s
upd  438 | mg ret   1.50 pi -0.020 v 0.011 H 0.073 | dino ret  53.45 score 328.2 pi -0.007 v 8.107 |   1323s
upd  439 | mg ret   1.43 pi -0.022 v 0.009 H 0.064 | dino ret  12.31 score 203.6 pi -0.005 v 8.265 |   1325s
upd  440 | mg ret   1.47 pi -0.001 v 0.011 H 0.053 | dino ret  42.67 score 310.5 pi -0.010 v 7.075 |   1327s
upd  441 | mg ret   1.44 pi -0.110 v 0.018 H 0.080 | dino ret  26.88 score 277.2 pi -0.024 v 5.847 |   1329s
upd  442 | mg ret   1.23 pi +0.035 v 0.024 H 0.127 | dino ret  26.55 score 290.5 pi -0.015 v 7.237 |   1331s
upd  443 | mg ret   1.47 pi -0.018 v 0.013 H 0.158 | dino ret  39.78 score 345.0 pi +0.004 v 6.401 |   1333s
upd  444 | mg ret   1.48 pi -0.063 v 0.012 H 0.186 | dino ret  24.83 score 180.2 pi -0.029 v 15.284 |   1336s
upd  445 | mg ret   1.45 pi +0.016 v 0.012 H 0.169 | dino ret  78.95 score 365.0 pi +0.013 v 3.482 |   1338s
upd  446 | mg ret   1.36 pi +0.003 v 0.013 H 0.145 | dino ret  23.23 score 368.0 pi +0.006 v 7.699 |   1340s
upd  447 | mg ret   1.48 pi +0.020 v 0.015 H 0.119 | dino ret  23.39 score 218.4 pi +0.012 v 13.108 |   1342s
upd  448 | mg ret   1.26 pi +0.014 v 0.018 H 0.099 | dino ret  16.26 score 148.0 pi -0.011 v 12.386 |   1344s
upd  449 | mg ret   1.17 pi +0.078 v 0.082 H 0.192 | dino ret  42.73 score 349.3 pi +0.041 v 6.465 |   1346s
upd  450 | mg ret   1.45 pi -0.045 v 0.123 H 0.206 | dino ret  14.55 score 224.0 pi -0.036 v 8.599 |   1348s
upd  451 | mg ret   1.34 pi -0.014 v 0.412 H 0.331 | dino ret  45.84 score 347.4 pi -0.013 v 8.286 |   1350s
upd  452 | mg ret   1.21 pi -0.065 v 0.529 H 0.454 | dino ret  66.53 score 330.0 pi +0.025 v 6.418 |   1352s
upd  453 | mg ret   1.35 pi +0.032 v 0.448 H 0.375 | dino ret  35.13 score 267.7 pi -0.044 v 4.438 |   1354s
upd  454 | mg ret   1.00 pi +0.165 v 0.727 H 0.355 | dino ret  34.15 score 305.0 pi -0.058 v 7.255 |   1356s
upd  455 | mg ret   1.05 pi -0.061 v 0.312 H 0.218 | dino ret  42.92 score 281.0 pi -0.058 v 4.113 |   1359s
upd  456 | mg ret   1.49 pi -0.021 v 0.106 H 0.122 | dino ret  38.00 score 348.2 pi +0.006 v 5.941 |   1361s
upd  457 | mg ret   1.42 pi -0.088 v 0.020 H 0.081 | dino ret  59.89 score 349.0 pi -0.062 v 7.852 |   1364s
upd  458 | mg ret   1.46 pi -0.007 v 0.013 H 0.085 | dino ret  29.07 score 300.7 pi +0.048 v 12.137 |   1366s
upd  459 | mg ret   1.40 pi -0.020 v 0.015 H 0.080 | dino ret  30.69 score 228.0 pi -0.001 v 6.916 |   1369s
upd  460 | mg ret   1.34 pi -0.079 v 0.015 H 0.099 | dino ret  49.40 score 320.0 pi -0.046 v 4.755 |   1371s
upd  461 | mg ret   1.51 pi -0.034 v 0.009 H 0.065 | dino ret  29.09 score 180.7 pi -0.034 v 5.323 |   1374s
upd  462 | mg ret   1.45 pi +0.018 v 0.006 H 0.066 | dino ret  31.24 score 298.4 pi +0.007 v 7.707 |   1376s
upd  463 | mg ret   1.44 pi +0.017 v 0.012 H 0.070 | dino ret  34.11 score 212.0 pi +0.035 v 9.063 |   1378s
upd  464 | mg ret   1.48 pi -0.006 v 0.006 H 0.054 | dino ret  23.67 score 264.3 pi +0.022 v 8.244 |   1380s
upd  465 | mg ret   1.42 pi -0.001 v 0.006 H 0.055 | dino ret  22.77 score 259.5 pi +0.035 v 12.046 |   1383s
upd  466 | mg ret   1.47 pi +0.020 v 0.005 H 0.059 | dino ret  17.76 score 221.2 pi +0.042 v 9.081 |   1385s
upd  467 | mg ret   1.49 pi +0.010 v 0.007 H 0.065 | dino ret  21.35 score 214.6 pi +0.041 v 12.705 |   1387s
upd  468 | mg ret   1.49 pi +0.007 v 0.031 H 0.075 | dino ret  33.25 score 240.5 pi +0.052 v 7.329 |   1389s
upd  469 | mg ret   1.49 pi -0.001 v 0.007 H 0.049 | dino ret  40.73 score 364.2 pi +0.046 v 7.838 |   1391s
upd  470 | mg ret   1.46 pi -0.000 v 0.005 H 0.046 | dino ret  46.21 score 294.0 pi +0.009 v 3.337 |   1394s
upd  471 | mg ret   1.43 pi -0.012 v 0.006 H 0.056 | dino ret  19.84 score 274.0 pi -0.041 v 9.502 |   1396s
upd  472 | mg ret   1.44 pi -0.008 v 0.004 H 0.041 | dino ret  25.69 score 211.0 pi -0.006 v 5.604 |   1399s
upd  473 | mg ret   1.52 pi +0.018 v 0.005 H 0.045 | dino ret  30.75 score 280.2 pi +0.012 v 10.005 |   1401s
upd  474 | mg ret   1.40 pi +0.008 v 0.008 H 0.053 | dino ret  31.79 score 251.6 pi +0.051 v 8.922 |   1403s
upd  475 | mg ret   1.49 pi -0.007 v 0.007 H 0.050 | dino ret  47.43 score 421.5 pi +0.001 v 4.974 |   1406s
upd  476 | mg ret   1.49 pi +0.018 v 0.009 H 0.049 | dino ret  45.98 score 351.8 pi -0.051 v 7.952 |   1408s
upd  477 | mg ret   1.48 pi -0.004 v 0.008 H 0.044 | dino ret  35.78 score 264.0 pi -0.013 v 8.047 |   1410s
upd  478 | mg ret   1.50 pi -0.021 v 0.008 H 0.048 | dino ret  56.02 score 317.0 pi +0.047 v 6.991 |   1413s
upd  479 | mg ret   1.43 pi +0.022 v 0.012 H 0.043 | dino ret  21.92 score 176.0 pi +0.007 v 14.160 |   1415s
upd  480 | mg ret   1.45 pi -0.007 v 0.008 H 0.053 | dino ret   9.08 score 238.3 pi -0.030 v 5.340 |   1417s
upd  481 | mg ret   1.44 pi +0.001 v 0.009 H 0.065 | dino ret  10.67 score 231.6 pi -0.038 v 7.930 |   1419s
upd  482 | mg ret   1.40 pi +0.013 v 0.018 H 0.049 | dino ret  29.09 score 330.6 pi -0.030 v 5.231 |   1422s
upd  483 | mg ret   1.49 pi +0.004 v 0.008 H 0.047 | dino ret  59.37 score 350.5 pi -0.051 v 7.320 |   1424s
upd  484 | mg ret   1.40 pi -0.025 v 0.007 H 0.051 | dino ret  36.81 score 212.4 pi +0.038 v 13.572 |   1426s
upd  485 | mg ret   1.40 pi +0.022 v 0.006 H 0.043 | dino ret  24.94 score 200.5 pi -0.015 v 9.446 |   1428s
upd  486 | mg ret   1.50 pi -0.082 v 0.049 H 0.054 | dino ret  20.15 score 205.0 pi -0.062 v 8.696 |   1430s
upd  487 | mg ret   1.28 pi -0.012 v 0.085 H 0.059 | dino ret  35.47 score 277.4 pi -0.004 v 7.897 |   1432s
upd  488 | mg ret   1.47 pi -0.002 v 0.010 H 0.050 | dino ret  29.96 score 212.3 pi -0.042 v 10.617 |   1435s
upd  489 | mg ret   1.44 pi -0.009 v 0.006 H 0.032 | dino ret  40.04 score 250.8 pi -0.056 v 6.478 |   1437s
upd  490 | mg ret   1.42 pi -0.001 v 0.005 H 0.037 | dino ret  -2.39 score 348.0 pi +0.017 v 4.032 |   1439s
upd  491 | mg ret   1.44 pi -0.092 v 0.005 H 0.032 | dino ret  18.77 score 324.3 pi -0.006 v 8.872 |   1441s
upd  492 | mg ret   1.46 pi +0.009 v 0.005 H 0.032 | dino ret  28.57 score 249.5 pi +0.001 v 6.983 |   1444s
upd  493 | mg ret   1.47 pi -0.013 v 0.005 H 0.040 | dino ret  51.31 score 430.7 pi -0.005 v 5.463 |   1446s
upd  494 | mg ret   1.51 pi +0.007 v 0.007 H 0.053 | dino ret  35.69 score 275.8 pi -0.011 v 7.185 |   1448s
upd  495 | mg ret   1.49 pi -0.002 v 0.005 H 0.041 | dino ret  15.10 score 100.0 pi +0.015 v 4.191 |   1450s
upd  496 | mg ret   1.53 pi +0.016 v 0.004 H 0.043 | dino ret  11.33 score 396.0 pi +0.008 v 7.410 |   1452s
upd  497 | mg ret   1.43 pi +0.014 v 0.005 H 0.036 | dino ret  16.10 score 203.3 pi -0.048 v 13.055 |   1455s
upd  498 | mg ret   1.49 pi +0.016 v 0.005 H 0.032 | dino ret  21.89 score 231.8 pi -0.021 v 9.686 |   1457s
upd  499 | mg ret   1.47 pi -0.044 v 0.005 H 0.032 | dino ret  16.79 score 207.3 pi +0.015 v 12.796 |   1459s
upd  500 | mg ret   1.51 pi +0.037 v 0.006 H 0.053 | dino ret  34.21 score 262.8 pi -0.038 v 5.943 |   1461s
