========================================================================
  generalModel-v1 — PARALLEL TRAINING (headless)
  MiniGrid: gymnasium.vector.SyncVectorEnv
  Dino:     multiprocess workers (SDL_VIDEODRIVER=dummy)
========================================================================
[generalModel-v1] MiniGrid obs=980 actions=7 | Dino obs=48 actions=3
[parallel] headless | minigrid_envs=8 | dino_envs=4 (multiprocess)
[rollout] minigrid=128×8=1024 | dino=512×4=2048 (×4 game frames/step)
[resume] loading checkpoints_curriculum/latest.pt
upd    1 | mg ret   1.57 pi +0.062 v 0.016 H 0.753 | dino ret  -3.20 score  27.1 pi -0.005 v 8.608 |      3s
upd    2 | mg ret   1.30 pi -0.008 v 0.015 H 0.637 | dino ret  -3.99 score  25.6 pi -0.004 v 6.084 |      5s
upd    3 | mg ret   1.23 pi -0.015 v 0.016 H 0.709 | dino ret  -1.28 score  35.2 pi -0.001 v 6.845 |      7s
upd    4 | mg ret   1.28 pi +0.050 v 0.016 H 0.656 | dino ret  -0.95 score  37.1 pi -0.002 v 8.128 |      9s
upd    5 | mg ret   1.32 pi +0.089 v 0.010 H 0.633 | dino ret  -3.63 score  27.8 pi -0.006 v 6.052 |     12s
upd    6 | mg ret   1.34 pi -0.037 v 0.015 H 0.609 | dino ret  -1.02 score  35.2 pi -0.001 v 6.054 |     14s
upd    7 | mg ret   1.40 pi +0.008 v 0.017 H 0.576 | dino ret  -1.56 score  35.8 pi -0.004 v 6.458 |     16s
upd    8 | mg ret   1.33 pi +0.042 v 0.022 H 0.563 | dino ret  -1.64 score  35.5 pi -0.002 v 6.399 |     18s
upd    9 | mg ret   1.24 pi -0.018 v 0.019 H 0.507 | dino ret  -2.34 score  31.5 pi -0.004 v 6.187 |     21s
upd   10 | mg ret   1.45 pi +0.017 v 0.014 H 0.500 | dino ret  -0.01 score  41.6 pi -0.002 v 6.493 |     23s
upd   11 | mg ret   1.50 pi +0.045 v 0.016 H 0.505 | dino ret  -1.06 score  36.2 pi -0.004 v 6.673 |     26s
upd   12 | mg ret   1.38 pi +0.007 v 0.017 H 0.499 | dino ret  -2.14 score  33.8 pi -0.003 v 6.163 |     28s
upd   13 | mg ret   1.37 pi +0.089 v 0.017 H 0.523 | dino ret  -2.05 score  33.2 pi +0.001 v 6.292 |     30s
upd   14 | mg ret   1.40 pi +0.003 v 0.019 H 0.486 | dino ret   1.44 score  43.8 pi -0.005 v 6.025 |     32s
upd   15 | mg ret   1.49 pi +0.016 v 0.017 H 0.514 | dino ret  -0.64 score  40.1 pi -0.003 v 6.381 |     34s
upd   16 | mg ret   1.42 pi -0.005 v 0.017 H 0.606 | dino ret   0.63 score  47.6 pi -0.002 v 6.856 |     37s
upd   17 | mg ret   1.38 pi +0.071 v 0.017 H 0.600 | dino ret  -0.02 score  42.5 pi -0.001 v 6.375 |     39s
upd   18 | mg ret   1.23 pi -0.076 v 0.017 H 0.731 | dino ret  -0.15 score  39.3 pi -0.003 v 6.567 |     41s
upd   19 | mg ret   1.15 pi +0.041 v 0.013 H 0.836 | dino ret   0.09 score  42.1 pi -0.003 v 5.881 |     43s
upd   20 | mg ret   1.37 pi +0.015 v 0.019 H 0.782 | dino ret  -1.27 score  34.7 pi -0.003 v 5.719 |     46s
upd   21 | mg ret   1.40 pi +0.007 v 0.020 H 0.719 | dino ret  -1.62 score  34.2 pi -0.002 v 5.375 |     48s
upd   22 | mg ret   1.26 pi +0.054 v 0.014 H 0.699 | dino ret   0.08 score  40.1 pi -0.002 v 5.211 |     51s
upd   23 | mg ret   1.40 pi +0.040 v 0.013 H 0.747 | dino ret  -1.22 score  36.4 pi -0.002 v 5.407 |     54s
upd   24 | mg ret  -0.05 pi +0.037 v 0.011 H 0.874 | dino ret   1.72 score  46.2 pi -0.001 v 5.010 |     57s
upd   25 | mg ret   0.63 pi +0.036 v 0.009 H 1.087 | dino ret   0.89 score  45.8 pi -0.001 v 6.273 |     60s
upd   26 | mg ret   0.81 pi +0.041 v 0.026 H 1.102 | dino ret   1.55 score  49.6 pi -0.003 v 6.953 |     63s
upd   27 | mg ret   1.35 pi -0.033 v 0.025 H 1.065 | dino ret   0.02 score  41.0 pi -0.001 v 6.298 |     66s
upd   28 | mg ret   1.41 pi +0.052 v 0.022 H 0.870 | dino ret   1.87 score  47.7 pi -0.003 v 6.093 |     69s
upd   29 | mg ret   1.44 pi +0.049 v 0.020 H 0.813 | dino ret   2.06 score  51.1 pi -0.003 v 7.299 |     71s
upd   30 | mg ret   1.41 pi -0.043 v 0.016 H 0.955 | dino ret   1.40 score  46.6 pi -0.000 v 6.659 |     73s
upd   31 | mg ret   1.35 pi +0.039 v 0.017 H 1.034 | dino ret  -0.02 score  39.8 pi +0.002 v 6.066 |     75s
upd   32 | mg ret   1.50 pi +0.010 v 0.027 H 1.002 | dino ret   1.38 score  46.0 pi -0.002 v 6.609 |     78s
upd   33 | mg ret   1.42 pi +0.035 v 0.023 H 0.721 | dino ret   1.75 score  45.5 pi -0.000 v 6.410 |     80s
upd   34 | mg ret   1.39 pi -0.015 v 0.022 H 0.674 | dino ret   1.37 score  44.9 pi -0.008 v 6.116 |     82s
upd   35 | mg ret   1.37 pi +0.047 v 0.020 H 0.831 | dino ret   0.04 score  42.7 pi -0.000 v 6.872 |     84s
upd   36 | mg ret   1.37 pi -0.023 v 0.015 H 0.574 | dino ret   1.33 score  47.2 pi -0.002 v 6.627 |     87s
upd   37 | mg ret   1.47 pi +0.010 v 0.018 H 0.474 | dino ret  -0.47 score  39.1 pi -0.001 v 6.249 |     89s
upd   38 | mg ret   1.33 pi -0.008 v 0.015 H 0.584 | dino ret  -0.85 score  37.3 pi -0.002 v 6.468 |     91s
upd   39 | mg ret   1.32 pi -0.003 v 0.017 H 0.989 | dino ret  -0.75 score  41.9 pi +0.001 v 6.424 |     93s
upd   40 | mg ret   1.37 pi +0.026 v 0.016 H 0.796 | dino ret  -0.99 score  36.3 pi -0.005 v 6.801 |     95s
upd   41 | mg ret   1.40 pi +0.016 v 0.014 H 0.704 | dino ret   0.39 score  44.5 pi +0.006 v 6.923 |     97s
upd   42 | mg ret   1.45 pi -0.003 v 0.017 H 0.659 | dino ret   1.26 score  46.4 pi -0.001 v 6.245 |    100s
upd   43 | mg ret   1.42 pi -0.016 v 0.017 H 0.698 | dino ret  -0.49 score  39.3 pi +0.051 v 6.093 |    102s
upd   44 | mg ret   1.51 pi -0.035 v 0.013 H 0.506 | dino ret  -0.08 score  41.7 pi +0.000 v 5.235 |    104s
upd   45 | mg ret   1.48 pi +0.006 v 0.010 H 0.437 | dino ret   3.04 score  59.1 pi +0.001 v 5.670 |    107s
upd   46 | mg ret   1.47 pi +0.006 v 0.017 H 0.620 | dino ret   1.35 score  52.4 pi +0.008 v 6.222 |    109s
upd   47 | mg ret   1.42 pi +0.037 v 0.013 H 0.767 | dino ret   1.17 score  45.6 pi -0.001 v 6.366 |    111s
upd   48 | mg ret   1.46 pi -0.020 v 0.017 H 0.772 | dino ret   0.84 score  47.2 pi -0.001 v 6.296 |    113s
upd   49 | mg ret   1.40 pi +0.022 v 0.011 H 0.596 | dino ret   1.94 score  49.4 pi -0.001 v 7.021 |    115s
upd   50 | mg ret   1.47 pi +0.014 v 0.022 H 0.600 | dino ret   1.79 score  46.0 pi +0.009 v 6.285 |    117s
upd   51 | mg ret   1.44 pi +0.009 v 0.018 H 0.588 | dino ret   0.65 score  43.7 pi -0.000 v 6.052 |    119s
upd   52 | mg ret   1.44 pi +0.017 v 0.015 H 0.510 | dino ret  -0.57 score  38.2 pi -0.006 v 6.439 |    122s
upd   53 | mg ret   1.43 pi -0.011 v 0.014 H 0.428 | dino ret   1.02 score  42.6 pi -0.003 v 6.193 |    124s
upd   54 | mg ret   1.42 pi -0.008 v 0.010 H 0.511 | dino ret   2.50 score  48.0 pi -0.002 v 5.687 |    127s
upd   55 | mg ret   1.45 pi -0.067 v 0.017 H 0.392 | dino ret   3.86 score  58.3 pi -0.001 v 6.387 |    129s
upd   56 | mg ret   1.38 pi +0.030 v 0.017 H 0.364 | dino ret   1.01 score  42.8 pi +0.001 v 5.759 |    131s
upd   57 | mg ret   1.38 pi -0.029 v 0.013 H 0.419 | dino ret  -1.88 score  35.3 pi -0.001 v 6.243 |    134s
upd   58 | mg ret   1.46 pi +0.011 v 0.018 H 0.364 | dino ret   0.94 score  48.0 pi +0.001 v 5.335 |    137s
upd   59 | mg ret   1.44 pi -0.025 v 0.015 H 0.401 | dino ret   1.22 score  45.0 pi -0.010 v 6.908 |    140s
upd   60 | mg ret   1.46 pi +0.095 v 0.011 H 0.330 | dino ret   1.66 score  48.4 pi -0.002 v 6.806 |    144s
upd   61 | mg ret   1.44 pi +0.018 v 0.014 H 0.312 | dino ret   3.61 score  58.1 pi +0.025 v 7.864 |    148s
upd   62 | mg ret   1.51 pi +0.003 v 0.015 H 0.295 | dino ret   2.34 score  52.4 pi +0.001 v 5.789 |    151s
upd   63 | mg ret   1.40 pi +0.124 v 0.016 H 0.459 | dino ret   0.46 score  44.7 pi -0.001 v 7.098 |    153s
upd   64 | mg ret   1.48 pi -0.050 v 0.019 H 0.529 | dino ret   1.45 score  46.4 pi +0.001 v 6.819 |    156s
upd   65 | mg ret   1.39 pi -0.008 v 0.017 H 0.530 | dino ret   0.28 score  41.5 pi -0.020 v 7.741 |    159s
upd   66 | mg ret   1.46 pi +0.000 v 0.015 H 0.501 | dino ret   0.88 score  43.4 pi -0.001 v 7.353 |    163s
upd   67 | mg ret   1.45 pi +0.031 v 0.019 H 0.421 | dino ret   0.67 score  43.5 pi +0.018 v 8.075 |    165s
upd   68 | mg ret   1.47 pi +0.021 v 0.016 H 0.491 | dino ret  -1.05 score  37.2 pi +0.054 v 8.903 |    167s
upd   69 | mg ret   1.53 pi +0.002 v 0.014 H 0.431 | dino ret   2.10 score  47.5 pi +0.004 v 7.621 |    171s
upd   70 | mg ret   1.40 pi -0.012 v 0.014 H 0.479 | dino ret   3.49 score  58.6 pi -0.002 v 9.076 |    173s
upd   71 | mg ret   1.49 pi -0.041 v 0.014 H 0.385 | dino ret  -1.62 score  42.1 pi +0.032 v 9.953 |    178s
upd   72 | mg ret   1.36 pi -0.020 v 0.017 H 0.611 | dino ret   4.95 score  68.0 pi -0.003 v 6.522 |    185s
upd   73 | mg ret   1.42 pi +0.017 v 0.017 H 0.503 | dino ret   1.40 score  45.8 pi -0.010 v 8.206 |    189s
upd   74 | mg ret   1.47 pi +0.009 v 0.016 H 0.368 | dino ret   1.12 score  46.2 pi +0.017 v 8.395 |    192s
upd   75 | mg ret   1.36 pi +0.000 v 0.013 H 0.411 | dino ret   6.69 score  65.6 pi -0.001 v 7.223 |    196s
upd   76 | mg ret   1.39 pi +0.006 v 0.009 H 0.498 | dino ret   4.75 score  59.5 pi -0.056 v 8.505 |    198s
upd   77 | mg ret   1.38 pi +0.002 v 0.011 H 0.501 | dino ret   3.79 score  54.8 pi +0.018 v 6.387 |    200s
upd   78 | mg ret   1.38 pi -0.035 v 0.015 H 0.597 | dino ret   3.14 score  57.5 pi +0.018 v 10.378 |    202s
upd   79 | mg ret   1.51 pi -0.044 v 0.010 H 0.502 | dino ret   4.12 score  55.2 pi +0.004 v 7.652 |    205s
upd   80 | mg ret   1.44 pi -0.015 v 0.010 H 0.487 | dino ret   1.16 score  47.9 pi -0.001 v 7.929 |    208s
upd   81 | mg ret   1.46 pi +0.028 v 0.010 H 0.422 | dino ret   4.13 score  63.6 pi -0.009 v 6.478 |    210s
upd   82 | mg ret   1.37 pi +0.013 v 0.016 H 0.432 | dino ret   7.26 score  69.3 pi -0.034 v 9.395 |    212s
upd   83 | mg ret   1.39 pi +0.016 v 0.013 H 0.435 | dino ret   8.58 score  73.5 pi -0.026 v 7.551 |    214s
upd   84 | mg ret   1.38 pi -0.065 v 0.013 H 0.506 | dino ret   3.70 score  55.0 pi -0.026 v 10.189 |    215s
upd   85 | mg ret   1.46 pi +0.009 v 0.019 H 0.513 | dino ret   4.20 score  58.4 pi +0.001 v 6.842 |    217s
upd   86 | mg ret   1.36 pi +0.004 v 0.012 H 0.598 | dino ret   6.29 score  62.9 pi -0.006 v 9.249 |    219s
upd   87 | mg ret   1.50 pi -0.072 v 0.017 H 0.462 | dino ret   7.33 score  69.5 pi -0.042 v 9.005 |    221s
upd   88 | mg ret   1.44 pi +0.063 v 0.014 H 0.386 | dino ret   7.74 score  79.9 pi -0.000 v 10.536 |    223s
upd   89 | mg ret   1.49 pi -0.010 v 0.011 H 0.304 | dino ret   4.28 score  56.7 pi +0.021 v 11.051 |    225s
upd   90 | mg ret   1.40 pi -0.004 v 0.011 H 0.293 | dino ret   6.27 score  62.2 pi +0.079 v 9.368 |    227s
upd   91 | mg ret   1.42 pi +0.019 v 0.010 H 0.346 | dino ret   4.51 score  64.2 pi +0.001 v 9.370 |    229s
upd   92 | mg ret   1.37 pi -0.005 v 0.011 H 0.420 | dino ret  12.48 score  91.5 pi +0.035 v 7.690 |    230s
upd   93 | mg ret   1.40 pi +0.035 v 0.008 H 0.395 | dino ret  15.29 score 100.0 pi -0.070 v 7.268 |    232s
upd   94 | mg ret   1.44 pi +0.017 v 0.009 H 0.300 | dino ret   5.67 score  67.5 pi +0.044 v 8.782 |    234s
upd   95 | mg ret   1.31 pi +0.023 v 0.013 H 0.374 | dino ret   2.29 score  54.5 pi +0.022 v 8.146 |    236s
upd   96 | mg ret   1.41 pi +0.040 v 0.008 H 0.323 | dino ret   6.09 score  69.4 pi +0.002 v 7.146 |    238s
upd   97 | mg ret   1.46 pi +0.010 v 0.010 H 0.288 | dino ret   8.64 score  69.8 pi +0.001 v 8.049 |    241s
upd   98 | mg ret   1.43 pi +0.006 v 0.009 H 0.285 | dino ret  12.72 score  87.7 pi +0.013 v 6.905 |    242s
upd   99 | mg ret   1.43 pi -0.025 v 0.012 H 0.354 | dino ret   7.61 score  73.9 pi +0.020 v 9.656 |    244s
upd  100 | mg ret   1.37 pi -0.000 v 0.011 H 0.396 | dino ret   7.88 score  70.0 pi +0.010 v 8.265 |    247s
upd  101 | mg ret   1.25 pi +0.000 v 0.010 H 0.431 | dino ret   6.05 score  66.8 pi +0.007 v 7.720 |    249s
upd  102 | mg ret   1.29 pi -0.025 v 0.009 H 0.369 | dino ret   6.34 score  74.5 pi +0.004 v 6.394 |    251s
upd  103 | mg ret   1.37 pi -0.016 v 0.009 H 0.376 | dino ret   7.46 score  80.9 pi -0.110 v 7.097 |    253s
upd  104 | mg ret   1.35 pi +0.005 v 0.008 H 0.293 | dino ret  11.31 score  97.6 pi -0.004 v 8.609 |    255s
upd  105 | mg ret   1.44 pi -0.010 v 0.010 H 0.280 | dino ret   4.42 score  61.8 pi -0.004 v 9.427 |    257s
upd  106 | mg ret   1.36 pi -0.061 v 0.011 H 0.314 | dino ret   4.07 score  59.0 pi -0.024 v 9.746 |    258s
upd  107 | mg ret   1.40 pi -0.009 v 0.014 H 0.401 | dino ret   3.76 score  57.2 pi -0.001 v 10.037 |    260s
upd  108 | mg ret   1.43 pi +0.017 v 0.010 H 0.353 | dino ret   7.08 score  74.3 pi +0.046 v 7.713 |    262s
upd  109 | mg ret   1.31 pi +0.023 v 0.013 H 0.446 | dino ret   8.71 score  80.8 pi +0.005 v 7.860 |    264s
upd  110 | mg ret   1.51 pi +0.016 v 0.015 H 0.425 | dino ret   3.07 score  63.8 pi -0.009 v 9.268 |    266s
upd  111 | mg ret   1.45 pi -0.021 v 0.011 H 0.341 | dino ret   7.00 score  77.0 pi +0.002 v 9.050 |    268s
upd  112 | mg ret   1.38 pi -0.086 v 0.012 H 0.356 | dino ret   4.60 score  57.1 pi -0.012 v 6.835 |    270s
upd  113 | mg ret   1.39 pi -0.112 v 0.010 H 0.387 | dino ret   4.15 score  65.9 pi +0.002 v 8.682 |    272s
upd  114 | mg ret   1.43 pi +0.033 v 0.010 H 0.489 | dino ret   4.39 score  65.1 pi -0.029 v 8.746 |    274s
upd  115 | mg ret   1.42 pi +0.059 v 0.010 H 0.423 | dino ret   6.48 score  70.8 pi +0.014 v 8.238 |    275s
upd  116 | mg ret   1.33 pi -0.012 v 0.013 H 0.388 | dino ret   7.54 score  72.9 pi -0.004 v 8.976 |    278s
upd  117 | mg ret   1.26 pi +0.059 v 0.013 H 0.387 | dino ret   7.22 score  77.2 pi -0.027 v 7.798 |    279s
upd  118 | mg ret   1.46 pi +0.019 v 0.014 H 0.332 | dino ret   6.61 score  71.7 pi -0.072 v 7.475 |    281s
upd  119 | mg ret   1.36 pi +0.010 v 0.012 H 0.328 | dino ret   7.41 score  68.2 pi +0.044 v 9.199 |    283s
upd  120 | mg ret   1.45 pi +0.003 v 0.012 H 0.343 | dino ret   5.16 score  63.2 pi +0.010 v 9.702 |    285s
upd  121 | mg ret   1.39 pi +0.044 v 0.016 H 0.384 | dino ret   4.85 score  60.0 pi +0.014 v 8.667 |    287s
upd  122 | mg ret   1.31 pi -0.127 v 0.013 H 0.329 | dino ret  10.39 score  84.5 pi -0.034 v 7.200 |    289s
upd  123 | mg ret   1.32 pi -0.069 v 0.014 H 0.295 | dino ret   8.17 score  70.2 pi +0.015 v 6.987 |    291s
upd  124 | mg ret   1.37 pi -0.001 v 0.012 H 0.307 | dino ret   7.87 score  73.4 pi +0.035 v 7.499 |    293s
upd  125 | mg ret   1.41 pi -0.001 v 0.012 H 0.373 | dino ret   6.89 score  79.9 pi -0.000 v 7.428 |    295s
upd  126 | mg ret   1.45 pi +0.007 v 0.011 H 0.333 | dino ret   6.89 score  68.2 pi +0.052 v 8.036 |    297s
upd  127 | mg ret   1.46 pi +0.002 v 0.010 H 0.413 | dino ret   7.71 score  75.9 pi -0.031 v 9.051 |    299s
upd  128 | mg ret   1.37 pi +0.028 v 0.010 H 0.426 | dino ret   7.28 score  73.8 pi -0.035 v 7.800 |    301s
upd  129 | mg ret   1.45 pi +0.055 v 0.014 H 0.490 | dino ret   7.22 score  68.2 pi -0.027 v 8.774 |    303s
upd  130 | mg ret   1.41 pi -0.001 v 0.013 H 0.522 | dino ret   5.38 score  61.7 pi +0.080 v 9.034 |    305s
upd  131 | mg ret   1.46 pi +0.025 v 0.012 H 0.465 | dino ret   4.74 score  67.4 pi -0.014 v 7.939 |    307s
upd  132 | mg ret   1.48 pi -0.001 v 0.014 H 0.467 | dino ret   6.22 score  73.9 pi -0.032 v 7.743 |    308s
upd  133 | mg ret   1.39 pi -0.006 v 0.012 H 0.700 | dino ret   4.67 score  59.8 pi +0.001 v 9.093 |    311s
upd  134 | mg ret   1.43 pi +0.018 v 0.013 H 0.578 | dino ret   2.13 score  52.8 pi -0.000 v 11.856 |    313s
upd  135 | mg ret   1.46 pi -0.001 v 0.010 H 0.523 | dino ret   5.47 score  61.2 pi +0.010 v 9.102 |    316s
upd  136 | mg ret   1.43 pi +0.003 v 0.011 H 0.359 | dino ret   5.16 score  71.0 pi +0.010 v 7.244 |    318s
upd  137 | mg ret   1.44 pi +0.013 v 0.009 H 0.346 | dino ret   9.51 score  90.4 pi -0.015 v 8.340 |    321s
upd  138 | mg ret   1.42 pi -0.010 v 0.007 H 0.408 | dino ret   6.77 score  70.9 pi +0.014 v 8.719 |    323s
upd  139 | mg ret   1.51 pi +0.037 v 0.011 H 0.419 | dino ret  12.96 score  92.8 pi -0.022 v 5.783 |    326s
upd  140 | mg ret   1.47 pi -0.000 v 0.013 H 0.431 | dino ret   9.69 score  83.8 pi -0.086 v 6.687 |    329s
upd  141 | mg ret   1.49 pi +0.019 v 0.011 H 0.434 | dino ret   6.76 score  76.8 pi -0.024 v 8.519 |    332s
upd  142 | mg ret   1.43 pi +0.011 v 0.009 H 0.347 | dino ret   7.12 score  73.2 pi -0.001 v 8.450 |    335s
upd  143 | mg ret   1.46 pi +0.017 v 0.009 H 0.362 | dino ret  10.09 score  85.8 pi +0.051 v 9.783 |    337s
upd  144 | mg ret   1.41 pi -0.001 v 0.009 H 0.359 | dino ret   9.02 score  86.4 pi -0.003 v 8.390 |    339s
upd  145 | mg ret   1.39 pi -0.014 v 0.009 H 0.431 | dino ret  11.31 score  82.1 pi -0.016 v 7.800 |    341s
upd  146 | mg ret   1.47 pi +0.034 v 0.010 H 0.382 | dino ret   3.99 score  63.0 pi +0.003 v 8.846 |    343s
upd  147 | mg ret   1.49 pi -0.030 v 0.008 H 0.310 | dino ret   6.27 score  65.1 pi -0.015 v 9.292 |    345s
upd  148 | mg ret   1.44 pi -0.001 v 0.008 H 0.371 | dino ret   7.74 score  80.1 pi -0.005 v 8.795 |    347s
upd  149 | mg ret   1.39 pi +0.075 v 0.009 H 0.324 | dino ret   9.69 score  80.7 pi +0.037 v 7.731 |    349s
upd  150 | mg ret   1.40 pi -0.006 v 0.009 H 0.405 | dino ret   5.91 score  68.4 pi +0.025 v 9.786 |    351s
upd  151 | mg ret   1.49 pi +0.013 v 0.007 H 0.303 | dino ret   6.24 score  72.3 pi -0.000 v 8.415 |    353s
upd  152 | mg ret   1.44 pi +0.015 v 0.008 H 0.259 | dino ret   7.55 score  73.0 pi +0.000 v 9.343 |    355s
upd  153 | mg ret   1.43 pi +0.003 v 0.008 H 0.361 | dino ret   7.57 score  71.9 pi -0.002 v 8.072 |    358s
upd  154 | mg ret   1.48 pi -0.036 v 0.008 H 0.285 | dino ret   8.66 score  68.2 pi -0.037 v 12.489 |    360s
upd  155 | mg ret   1.42 pi +0.038 v 0.008 H 0.244 | dino ret   6.16 score  67.2 pi -0.038 v 7.919 |    362s
upd  156 | mg ret   1.46 pi +0.000 v 0.006 H 0.213 | dino ret   8.53 score  77.1 pi +0.031 v 8.785 |    363s
upd  157 | mg ret   1.48 pi -0.008 v 0.010 H 0.269 | dino ret   7.41 score  69.6 pi -0.116 v 7.598 |    365s
upd  158 | mg ret   1.44 pi -0.002 v 0.006 H 0.218 | dino ret   6.67 score  72.8 pi +0.009 v 8.182 |    368s
upd  159 | mg ret   1.41 pi +0.048 v 0.006 H 0.207 | dino ret   5.75 score  67.9 pi +0.023 v 9.736 |    370s
upd  160 | mg ret   1.47 pi -0.016 v 0.007 H 0.195 | dino ret  12.15 score  84.6 pi +0.010 v 6.329 |    372s
upd  161 | mg ret   1.50 pi +0.014 v 0.008 H 0.231 | dino ret   3.05 score  54.6 pi +0.024 v 8.925 |    374s
upd  162 | mg ret   1.38 pi -0.020 v 0.008 H 0.222 | dino ret   7.57 score  76.6 pi +0.005 v 6.724 |    376s
upd  163 | mg ret   1.43 pi -0.005 v 0.006 H 0.222 | dino ret  15.48 score 106.8 pi +0.034 v 8.687 |    378s
upd  164 | mg ret   1.49 pi -0.007 v 0.008 H 0.280 | dino ret   8.55 score  72.5 pi -0.007 v 8.812 |    380s
upd  165 | mg ret   1.46 pi -0.026 v 0.009 H 0.310 | dino ret  13.79 score  99.1 pi +0.019 v 8.799 |    382s
upd  166 | mg ret   1.43 pi +0.048 v 0.008 H 0.256 | dino ret   4.25 score  63.4 pi -0.016 v 9.241 |    384s
upd  167 | mg ret   1.41 pi -0.038 v 0.006 H 0.198 | dino ret   9.28 score  76.1 pi -0.013 v 8.138 |    386s
upd  168 | mg ret   1.44 pi +0.012 v 0.010 H 0.232 | dino ret  16.19 score  98.0 pi +0.064 v 9.458 |    388s
upd  169 | mg ret   1.42 pi -0.050 v 0.006 H 0.196 | dino ret   2.81 score  58.0 pi +0.036 v 10.449 |    390s
upd  170 | mg ret   1.47 pi +0.026 v 0.007 H 0.254 | dino ret   5.65 score  68.7 pi -0.013 v 12.676 |    392s
upd  171 | mg ret   1.43 pi -0.026 v 0.007 H 0.190 | dino ret   9.14 score  91.2 pi +0.016 v 9.242 |    393s
upd  172 | mg ret   1.44 pi -0.035 v 0.005 H 0.162 | dino ret   4.55 score  56.4 pi -0.008 v 8.819 |    395s
upd  173 | mg ret   1.42 pi +0.003 v 0.007 H 0.177 | dino ret   8.69 score  80.7 pi +0.014 v 7.625 |    397s
upd  174 | mg ret   1.44 pi -0.010 v 0.007 H 0.158 | dino ret  10.52 score  83.2 pi -0.019 v 9.164 |    399s
upd  175 | mg ret   1.45 pi +0.020 v 0.006 H 0.148 | dino ret   6.88 score  65.1 pi -0.001 v 8.840 |    401s
upd  176 | mg ret   1.52 pi -0.008 v 0.008 H 0.143 | dino ret   5.49 score  69.6 pi +0.085 v 9.889 |    403s
upd  177 | mg ret   1.40 pi -0.013 v 0.007 H 0.176 | dino ret   9.50 score  81.2 pi +0.089 v 8.306 |    405s
upd  178 | mg ret   1.41 pi +0.004 v 0.007 H 0.234 | dino ret   9.15 score  90.2 pi +0.006 v 7.071 |    407s
upd  179 | mg ret   1.44 pi +0.005 v 0.004 H 0.147 | dino ret   6.56 score  79.6 pi -0.000 v 9.229 |    410s
upd  180 | mg ret   1.48 pi -0.008 v 0.006 H 0.119 | dino ret   3.42 score  55.8 pi +0.001 v 6.481 |    411s
upd  181 | mg ret   1.44 pi -0.004 v 0.007 H 0.125 | dino ret   8.06 score  74.8 pi -0.011 v 9.830 |    414s
upd  182 | mg ret   1.43 pi +0.083 v 0.005 H 0.136 | dino ret   6.95 score  82.0 pi -0.048 v 8.534 |    415s
upd  183 | mg ret   1.44 pi -0.002 v 0.008 H 0.107 | dino ret  12.42 score  85.3 pi -0.006 v 10.580 |    417s
upd  184 | mg ret   1.45 pi +0.043 v 0.008 H 0.109 | dino ret   4.97 score  61.2 pi +0.017 v 7.083 |    419s
upd  185 | mg ret   1.47 pi +0.014 v 0.010 H 0.134 | dino ret   7.31 score  73.2 pi +0.057 v 7.877 |    421s
upd  186 | mg ret   1.48 pi -0.045 v 0.011 H 0.149 | dino ret   5.80 score  66.1 pi -0.022 v 7.472 |    423s
upd  187 | mg ret   1.44 pi -0.009 v 0.009 H 0.157 | dino ret   6.38 score  68.3 pi +0.046 v 8.290 |    425s
upd  188 | mg ret   1.48 pi +0.014 v 0.014 H 0.169 | dino ret   8.71 score  84.9 pi +0.011 v 6.984 |    427s
upd  189 | mg ret   1.51 pi +0.003 v 0.010 H 0.140 | dino ret   5.47 score  63.1 pi -0.067 v 10.375 |    429s
upd  190 | mg ret   1.43 pi +0.004 v 0.015 H 0.195 | dino ret  10.18 score  74.4 pi -0.005 v 8.134 |    431s
upd  191 | mg ret   1.49 pi +0.012 v 0.008 H 0.176 | dino ret  14.44 score 101.5 pi +0.013 v 8.285 |    433s
upd  192 | mg ret   1.43 pi +0.015 v 0.005 H 0.133 | dino ret   4.04 score  61.5 pi +0.016 v 9.241 |    435s
upd  193 | mg ret   1.44 pi -0.026 v 0.008 H 0.202 | dino ret  10.84 score  84.8 pi -0.045 v 8.905 |    438s
upd  194 | mg ret   1.47 pi +0.001 v 0.009 H 0.253 | dino ret  10.51 score  81.4 pi -0.010 v 7.161 |    440s
upd  195 | mg ret   1.49 pi -0.002 v 0.008 H 0.251 | dino ret   7.37 score  75.0 pi +0.003 v 7.815 |    442s
upd  196 | mg ret   1.53 pi -0.007 v 0.009 H 0.190 | dino ret   4.92 score  62.5 pi +0.032 v 12.517 |    444s
upd  197 | mg ret   1.51 pi -0.004 v 0.006 H 0.136 | dino ret  12.85 score  91.5 pi +0.069 v 7.805 |    446s
upd  198 | mg ret   1.48 pi -0.005 v 0.010 H 0.121 | dino ret  10.23 score  80.1 pi -0.125 v 8.091 |    448s
upd  199 | mg ret   1.48 pi +0.010 v 0.008 H 0.179 | dino ret   9.30 score  77.6 pi +0.039 v 10.575 |    451s
upd  200 | mg ret   1.47 pi +0.020 v 0.009 H 0.187 | dino ret   9.61 score  75.0 pi +0.007 v 8.554 |    453s
upd  201 | mg ret   1.42 pi +0.006 v 0.007 H 0.138 | dino ret   4.44 score  67.4 pi +0.024 v 11.053 |    455s
upd  202 | mg ret   1.42 pi +0.056 v 0.007 H 0.163 | dino ret   9.97 score  76.0 pi +0.010 v 8.278 |    457s
upd  203 | mg ret   1.41 pi +0.008 v 0.012 H 0.142 | dino ret  10.19 score  83.9 pi +0.010 v 7.115 |    459s
upd  204 | mg ret   1.45 pi +0.012 v 0.010 H 0.113 | dino ret   4.47 score  64.4 pi -0.014 v 8.606 |    460s
upd  205 | mg ret   1.50 pi -0.022 v 0.010 H 0.103 | dino ret   5.29 score  66.4 pi +0.003 v 7.166 |    462s
upd  206 | mg ret   1.41 pi -0.029 v 0.011 H 0.145 | dino ret  11.33 score 103.6 pi -0.022 v 7.461 |    464s
upd  207 | mg ret   1.44 pi +0.026 v 0.008 H 0.102 | dino ret  12.22 score  86.8 pi -0.017 v 9.126 |    466s
upd  208 | mg ret   1.49 pi +0.028 v 0.008 H 0.150 | dino ret   9.58 score  78.5 pi +0.024 v 10.343 |    468s
upd  209 | mg ret   1.46 pi -0.025 v 0.007 H 0.177 | dino ret  15.56 score  99.7 pi +0.006 v 7.460 |    470s
upd  210 | mg ret   1.46 pi +0.004 v 0.009 H 0.253 | dino ret  10.44 score  85.4 pi -0.080 v 10.912 |    472s
upd  211 | mg ret   1.42 pi +0.009 v 0.009 H 0.254 | dino ret   5.19 score  62.2 pi -0.043 v 9.042 |    474s
upd  212 | mg ret   1.45 pi +0.011 v 0.009 H 0.269 | dino ret  11.25 score  80.3 pi +0.076 v 12.115 |    476s
upd  213 | mg ret   1.51 pi -0.015 v 0.008 H 0.149 | dino ret   9.31 score  80.9 pi +0.007 v 10.595 |    478s
upd  214 | mg ret   1.41 pi +0.002 v 0.007 H 0.162 | dino ret   7.32 score  76.0 pi +0.026 v 8.125 |    479s
upd  215 | mg ret   1.50 pi -0.000 v 0.009 H 0.194 | dino ret   5.74 score  72.2 pi +0.043 v 13.254 |    481s
upd  216 | mg ret   1.43 pi +0.017 v 0.009 H 0.170 | dino ret   8.40 score  71.2 pi -0.095 v 6.447 |    483s
upd  217 | mg ret   1.44 pi +0.001 v 0.009 H 0.135 | dino ret   7.65 score  81.0 pi -0.092 v 8.208 |    485s
upd  218 | mg ret   1.47 pi -0.024 v 0.009 H 0.130 | dino ret  11.91 score  85.7 pi +0.025 v 9.075 |    487s
upd  219 | mg ret   1.47 pi +0.044 v 0.005 H 0.093 | dino ret   6.93 score  75.5 pi -0.042 v 9.140 |    489s
upd  220 | mg ret   1.44 pi -0.007 v 0.008 H 0.095 | dino ret   6.09 score  74.2 pi +0.038 v 8.521 |    491s
upd  221 | mg ret   1.41 pi +0.001 v 0.005 H 0.114 | dino ret   7.12 score  76.1 pi -0.020 v 7.568 |    493s
upd  222 | mg ret   1.47 pi +0.083 v 0.004 H 0.086 | dino ret   6.36 score  77.0 pi +0.020 v 9.405 |    495s
upd  223 | mg ret   1.47 pi +0.029 v 0.007 H 0.106 | dino ret  10.33 score  99.8 pi +0.036 v 8.938 |    496s
upd  224 | mg ret   1.49 pi +0.025 v 0.006 H 0.096 | dino ret   7.65 score  73.2 pi +0.019 v 8.902 |    499s
upd  225 | mg ret   1.43 pi +0.008 v 0.004 H 0.112 | dino ret   7.34 score  71.5 pi +0.004 v 8.586 |    501s
upd  226 | mg ret   1.42 pi -0.012 v 0.004 H 0.111 | dino ret   6.75 score  74.5 pi +0.087 v 12.153 |    503s
upd  227 | mg ret   1.48 pi +0.003 v 0.006 H 0.109 | dino ret  14.65 score 104.3 pi +0.091 v 8.962 |    505s
upd  228 | mg ret   1.41 pi -0.008 v 0.005 H 0.099 | dino ret  11.97 score  94.5 pi -0.019 v 7.839 |    507s
upd  229 | mg ret   1.45 pi -0.003 v 0.006 H 0.105 | dino ret   5.36 score  63.4 pi -0.001 v 9.966 |    509s
upd  230 | mg ret   1.49 pi +0.002 v 0.006 H 0.130 | dino ret  12.19 score  92.5 pi -0.091 v 8.140 |    511s
upd  231 | mg ret   1.53 pi +0.040 v 0.006 H 0.120 | dino ret   6.50 score  71.6 pi +0.018 v 9.220 |    512s
upd  232 | mg ret   1.43 pi +0.010 v 0.006 H 0.114 | dino ret   5.47 score  64.4 pi +0.075 v 9.839 |    514s
upd  233 | mg ret   1.47 pi +0.023 v 0.006 H 0.105 | dino ret   7.15 score  71.2 pi +0.044 v 9.735 |    517s
upd  234 | mg ret   1.47 pi +0.006 v 0.006 H 0.120 | dino ret   8.09 score  75.5 pi -0.034 v 9.451 |    518s
upd  235 | mg ret   1.44 pi +0.006 v 0.005 H 0.156 | dino ret   3.66 score  56.7 pi -0.005 v 6.835 |    521s
upd  236 | mg ret   1.49 pi +0.006 v 0.006 H 0.197 | dino ret   6.47 score  68.9 pi -0.070 v 5.505 |    523s
upd  237 | mg ret   1.44 pi -0.047 v 0.007 H 0.123 | dino ret   3.61 score  60.1 pi +0.014 v 10.624 |    524s
upd  238 | mg ret   1.44 pi -0.061 v 0.006 H 0.100 | dino ret   7.45 score  77.1 pi +0.107 v 8.952 |    526s
upd  239 | mg ret   1.52 pi -0.007 v 0.005 H 0.101 | dino ret  11.22 score  92.8 pi +0.034 v 7.267 |    528s
upd  240 | mg ret   1.48 pi +0.004 v 0.004 H 0.101 | dino ret   6.43 score  70.1 pi +0.019 v 9.518 |    530s
upd  241 | mg ret   1.45 pi -0.004 v 0.006 H 0.112 | dino ret   7.73 score  77.3 pi +0.004 v 8.934 |    532s
upd  242 | mg ret   1.50 pi -0.022 v 0.008 H 0.122 | dino ret   9.66 score  83.5 pi -0.012 v 8.206 |    534s
upd  243 | mg ret   1.51 pi -0.029 v 0.008 H 0.165 | dino ret   8.84 score  76.6 pi +0.052 v 8.074 |    536s
upd  244 | mg ret   1.49 pi -0.004 v 0.009 H 0.170 | dino ret   5.09 score  75.5 pi +0.049 v 7.990 |    538s
upd  245 | mg ret   1.49 pi -0.011 v 0.008 H 0.124 | dino ret  10.08 score  87.3 pi -0.007 v 7.475 |    540s
upd  246 | mg ret   1.44 pi +0.005 v 0.005 H 0.086 | dino ret   8.12 score  70.0 pi -0.043 v 7.161 |    542s
upd  247 | mg ret   1.43 pi -0.003 v 0.005 H 0.068 | dino ret   8.36 score  73.1 pi +0.044 v 8.347 |    544s
upd  248 | mg ret   1.42 pi -0.002 v 0.005 H 0.087 | dino ret   8.16 score  72.9 pi -0.116 v 7.047 |    548s
upd  249 | mg ret   1.45 pi +0.026 v 0.005 H 0.068 | dino ret   9.86 score  83.0 pi -0.023 v 8.691 |    554s
upd  250 | mg ret   1.47 pi -0.004 v 0.005 H 0.081 | dino ret   6.60 score  65.6 pi -0.054 v 8.564 |    560s
upd  251 | mg ret   1.45 pi +0.003 v 0.005 H 0.094 | dino ret   5.99 score  70.1 pi +0.026 v 9.087 |    566s
upd  252 | mg ret   1.41 pi +0.002 v 0.005 H 0.079 | dino ret   9.65 score  85.9 pi +0.004 v 9.605 |    570s
upd  253 | mg ret   1.45 pi -0.000 v 0.006 H 0.076 | dino ret   6.03 score  64.1 pi +0.003 v 7.114 |    574s
upd  254 | mg ret   1.44 pi +0.031 v 0.007 H 0.136 | dino ret   7.25 score  69.2 pi +0.006 v 7.257 |    577s
upd  255 | mg ret   1.47 pi +0.005 v 0.009 H 0.230 | dino ret  11.00 score  86.7 pi -0.003 v 10.423 |    580s
upd  256 | mg ret   1.39 pi -0.029 v 0.007 H 0.289 | dino ret   7.02 score  68.3 pi -0.041 v 7.467 |    583s
upd  257 | mg ret   1.47 pi -0.016 v 0.009 H 0.148 | dino ret   5.06 score  64.1 pi +0.084 v 10.942 |    586s
upd  258 | mg ret   1.46 pi +0.011 v 0.010 H 0.164 | dino ret   6.09 score  68.9 pi +0.013 v 8.111 |    589s
upd  259 | mg ret   1.42 pi +0.020 v 0.011 H 0.249 | dino ret   6.91 score  78.8 pi -0.012 v 9.496 |    591s
upd  260 | mg ret   1.46 pi -0.005 v 0.009 H 0.319 | dino ret   6.66 score  81.2 pi -0.057 v 8.345 |    594s
upd  261 | mg ret   1.45 pi +0.013 v 0.009 H 0.373 | dino ret   9.45 score  78.7 pi +0.028 v 8.084 |    596s
upd  262 | mg ret   1.39 pi -0.005 v 0.013 H 0.396 | dino ret   7.96 score  72.5 pi +0.028 v 8.644 |    598s
upd  263 | mg ret   1.50 pi +0.028 v 0.009 H 0.166 | dino ret   6.52 score  71.3 pi -0.007 v 7.015 |    600s
upd  264 | mg ret   1.48 pi -0.019 v 0.011 H 0.209 | dino ret   7.08 score  73.4 pi -0.015 v 7.953 |    602s
upd  265 | mg ret   1.43 pi -0.016 v 0.008 H 0.166 | dino ret   9.56 score  77.5 pi -0.002 v 7.891 |    604s
upd  266 | mg ret   1.43 pi +0.026 v 0.006 H 0.266 | dino ret   7.94 score  78.6 pi +0.075 v 8.270 |    607s
upd  267 | mg ret   1.44 pi +0.017 v 0.007 H 0.240 | dino ret   8.77 score  83.8 pi -0.002 v 15.546 |    609s
upd  268 | mg ret   1.46 pi -0.001 v 0.007 H 0.209 | dino ret  10.38 score  85.8 pi +0.020 v 9.795 |    611s
upd  269 | mg ret   1.41 pi -0.013 v 0.005 H 0.154 | dino ret  13.49 score 105.1 pi +0.017 v 9.172 |    613s
upd  270 | mg ret   1.48 pi -0.002 v 0.008 H 0.257 | dino ret  11.23 score  83.8 pi +0.002 v 5.803 |    615s
upd  271 | mg ret   1.44 pi +0.032 v 0.009 H 0.342 | dino ret  12.11 score 104.6 pi +0.026 v 9.958 |    617s
upd  272 | mg ret   1.48 pi -0.001 v 0.011 H 0.269 | dino ret   7.45 score  74.9 pi +0.036 v 9.321 |    619s
upd  273 | mg ret   1.42 pi +0.024 v 0.010 H 0.419 | dino ret  10.84 score  77.3 pi -0.006 v 7.670 |    621s
upd  274 | mg ret   1.46 pi -0.007 v 0.009 H 0.348 | dino ret   8.45 score  86.1 pi +0.004 v 7.703 |    623s
upd  275 | mg ret   1.48 pi -0.001 v 0.011 H 0.318 | dino ret   5.98 score  69.7 pi -0.031 v 8.363 |    625s
upd  276 | mg ret   1.42 pi -0.014 v 0.012 H 0.381 | dino ret  12.54 score  90.8 pi +0.013 v 7.673 |    628s
upd  277 | mg ret   1.51 pi +0.021 v 0.010 H 0.325 | dino ret   9.69 score  84.6 pi -0.021 v 7.589 |    629s
upd  278 | mg ret   1.39 pi +0.061 v 0.015 H 0.212 | dino ret   8.86 score  78.9 pi -0.004 v 8.278 |    631s
upd  279 | mg ret   1.47 pi +0.023 v 0.012 H 0.177 | dino ret   6.11 score  66.6 pi +0.008 v 8.071 |    634s
upd  280 | mg ret   1.44 pi +0.014 v 0.008 H 0.195 | dino ret  10.14 score  84.0 pi +0.026 v 8.220 |    635s
upd  281 | mg ret   1.46 pi +0.047 v 0.007 H 0.184 | dino ret   4.86 score  62.7 pi +0.017 v 9.034 |    637s
upd  282 | mg ret   1.48 pi +0.022 v 0.008 H 0.249 | dino ret   6.59 score  74.8 pi -0.028 v 10.866 |    640s
upd  283 | mg ret   1.36 pi -0.003 v 0.007 H 0.343 | dino ret  10.12 score  87.1 pi +0.002 v 10.243 |    643s
upd  284 | mg ret   1.47 pi -0.045 v 0.014 H 0.320 | dino ret   7.00 score  72.3 pi -0.002 v 8.724 |    645s
upd  285 | mg ret   1.46 pi +0.001 v 0.007 H 0.174 | dino ret  10.75 score  91.5 pi +0.021 v 8.107 |    647s
upd  286 | mg ret   1.42 pi +0.002 v 0.008 H 0.313 | dino ret  10.54 score  88.8 pi +0.094 v 8.854 |    650s
upd  287 | mg ret   1.49 pi -0.031 v 0.009 H 0.192 | dino ret   6.44 score  77.3 pi +0.168 v 8.533 |    652s
upd  288 | mg ret   1.44 pi -0.004 v 0.006 H 0.153 | dino ret  11.59 score  93.2 pi -0.077 v 6.872 |    654s
upd  289 | mg ret   1.37 pi -0.003 v 0.008 H 0.197 | dino ret   5.71 score  65.8 pi -0.037 v 8.745 |    657s
upd  290 | mg ret   1.44 pi +0.003 v 0.010 H 0.249 | dino ret   7.45 score  70.6 pi +0.063 v 8.051 |    659s
upd  291 | mg ret   1.42 pi +0.017 v 0.013 H 0.231 | dino ret  11.47 score  89.6 pi -0.005 v 8.398 |    661s
upd  292 | mg ret   1.29 pi +0.021 v 0.010 H 0.288 | dino ret   8.19 score  80.5 pi -0.009 v 8.224 |    663s
upd  293 | mg ret   1.27 pi -0.009 v 0.012 H 0.292 | dino ret  12.52 score  92.3 pi +0.033 v 11.416 |    665s
upd  294 | mg ret   1.36 pi +0.025 v 0.017 H 0.320 | dino ret  10.12 score 108.3 pi -0.074 v 7.547 |    669s
upd  295 | mg ret   1.25 pi +0.011 v 0.011 H 0.249 | dino ret   8.28 score  86.2 pi -0.002 v 10.653 |    672s
upd  296 | mg ret   1.39 pi -0.019 v 0.016 H 0.208 | dino ret   9.24 score  79.9 pi -0.042 v 8.018 |    674s
upd  297 | mg ret   1.06 pi +0.009 v 0.024 H 0.245 | dino ret   7.62 score  66.8 pi -0.020 v 8.731 |    676s
upd  298 | mg ret   1.21 pi -0.109 v 0.016 H 0.241 | dino ret  10.72 score  83.7 pi -0.032 v 9.155 |    678s
upd  299 | mg ret   1.34 pi +0.014 v 0.017 H 0.344 | dino ret   6.46 score  67.2 pi -0.003 v 10.272 |    679s
upd  300 | mg ret   1.19 pi -0.023 v 0.021 H 0.216 | dino ret   3.18 score  52.2 pi +0.010 v 7.034 |    681s
upd  301 | mg ret   1.19 pi -0.032 v 0.020 H 0.257 | dino ret   9.08 score  77.3 pi -0.001 v 7.562 |    683s
upd  302 | mg ret   1.37 pi -0.045 v 0.018 H 0.326 | dino ret  10.09 score  81.4 pi +0.061 v 11.524 |    685s
upd  303 | mg ret   1.51 pi +0.013 v 0.018 H 0.299 | dino ret   6.81 score  70.4 pi -0.043 v 8.526 |    687s
upd  304 | mg ret   1.26 pi -0.042 v 0.022 H 0.300 | dino ret   7.46 score  76.7 pi +0.002 v 8.453 |    689s
upd  305 | mg ret   1.44 pi +0.026 v 0.014 H 0.413 | dino ret   6.18 score  73.5 pi +0.006 v 10.232 |    691s
upd  306 | mg ret   1.36 pi +0.066 v 0.017 H 0.229 | dino ret   7.15 score  68.7 pi +0.026 v 8.969 |    693s
upd  307 | mg ret   1.48 pi +0.018 v 0.016 H 0.135 | dino ret   4.47 score  57.7 pi +0.029 v 8.468 |    695s
upd  308 | mg ret   1.44 pi +0.011 v 0.014 H 0.156 | dino ret   8.47 score  75.9 pi -0.049 v 9.572 |    697s
upd  309 | mg ret   1.41 pi -0.006 v 0.017 H 0.180 | dino ret  11.78 score  86.3 pi +0.002 v 6.578 |    699s
upd  310 | mg ret   1.43 pi +0.002 v 0.025 H 0.137 | dino ret  11.44 score  97.1 pi +0.000 v 7.414 |    701s
upd  311 | mg ret   1.49 pi -0.006 v 0.023 H 0.155 | dino ret   8.84 score  87.5 pi +0.022 v 8.762 |    703s
upd  312 | mg ret   1.36 pi -0.017 v 0.020 H 0.163 | dino ret   9.28 score  75.3 pi +0.010 v 6.634 |    705s
upd  313 | mg ret   1.38 pi +0.010 v 0.020 H 0.172 | dino ret   8.65 score  75.6 pi +0.030 v 7.840 |    707s
upd  314 | mg ret   1.46 pi +0.020 v 0.015 H 0.194 | dino ret   8.30 score  79.3 pi +0.009 v 7.922 |    710s
upd  315 | mg ret   1.42 pi -0.034 v 0.011 H 0.149 | dino ret   8.46 score  77.4 pi +0.043 v 10.166 |    712s
upd  316 | mg ret   1.43 pi +0.004 v 0.009 H 0.125 | dino ret   8.01 score  70.6 pi -0.038 v 7.055 |    713s
upd  317 | mg ret   1.46 pi +0.005 v 0.008 H 0.125 | dino ret   3.78 score  53.4 pi +0.003 v 9.199 |    716s
upd  318 | mg ret   1.56 pi -0.002 v 0.008 H 0.184 | dino ret  11.76 score  92.8 pi -0.078 v 8.606 |    718s
upd  319 | mg ret   1.45 pi +0.050 v 0.007 H 0.141 | dino ret  13.42 score  95.5 pi +0.034 v 8.925 |    720s
upd  320 | mg ret   1.39 pi -0.029 v 0.009 H 0.122 | dino ret   5.19 score  64.2 pi +0.007 v 7.741 |    721s
upd  321 | mg ret   1.42 pi -0.038 v 0.008 H 0.169 | dino ret   7.51 score  70.4 pi -0.060 v 8.379 |    723s
upd  322 | mg ret   1.39 pi +0.002 v 0.008 H 0.149 | dino ret   6.66 score  70.7 pi +0.066 v 8.610 |    725s
upd  323 | mg ret   1.44 pi -0.029 v 0.006 H 0.112 | dino ret   7.47 score  84.9 pi -0.097 v 5.959 |    727s
upd  324 | mg ret   1.49 pi +0.016 v 0.006 H 0.086 | dino ret   9.21 score  74.6 pi +0.061 v 8.009 |    729s
upd  325 | mg ret   1.48 pi +0.024 v 0.005 H 0.076 | dino ret  10.83 score  78.6 pi -0.001 v 8.302 |    732s
upd  326 | mg ret   1.50 pi -0.003 v 0.005 H 0.088 | dino ret   9.02 score  76.3 pi +0.008 v 8.426 |    733s
upd  327 | mg ret   1.43 pi -0.000 v 0.005 H 0.068 | dino ret  10.15 score  81.4 pi -0.018 v 7.572 |    736s
upd  328 | mg ret   1.48 pi -0.006 v 0.005 H 0.083 | dino ret   8.96 score  77.9 pi -0.047 v 7.826 |    738s
upd  329 | mg ret   1.46 pi +0.059 v 0.006 H 0.073 | dino ret   6.25 score  68.5 pi +0.031 v 8.714 |    739s
upd  330 | mg ret   1.46 pi -0.000 v 0.006 H 0.074 | dino ret  11.42 score  97.6 pi +0.006 v 10.311 |    742s
upd  331 | mg ret   1.42 pi -0.006 v 0.004 H 0.054 | dino ret  11.70 score  89.2 pi -0.039 v 8.236 |    744s
upd  332 | mg ret   1.47 pi +0.002 v 0.006 H 0.057 | dino ret   9.83 score  83.2 pi -0.010 v 8.827 |    746s
upd  333 | mg ret   1.45 pi -0.020 v 0.006 H 0.078 | dino ret  10.26 score  82.8 pi -0.052 v 10.045 |    748s
upd  334 | mg ret   1.46 pi -0.001 v 0.006 H 0.052 | dino ret  10.02 score  77.7 pi -0.011 v 9.935 |    750s
upd  335 | mg ret   1.37 pi -0.027 v 0.006 H 0.086 | dino ret   9.57 score  80.2 pi +0.016 v 8.553 |    752s
upd  336 | mg ret   1.41 pi -0.037 v 0.008 H 0.146 | dino ret   7.28 score  69.2 pi +0.026 v 7.625 |    754s
upd  337 | mg ret   1.46 pi -0.018 v 0.006 H 0.100 | dino ret   8.00 score  70.9 pi +0.010 v 7.729 |    756s
upd  338 | mg ret   1.50 pi +0.015 v 0.007 H 0.118 | dino ret   6.01 score  64.8 pi +0.004 v 7.150 |    758s
upd  339 | mg ret   1.46 pi +0.001 v 0.006 H 0.131 | dino ret   5.44 score  69.0 pi -0.010 v 9.049 |    760s
upd  340 | mg ret   1.49 pi -0.012 v 0.006 H 0.092 | dino ret   5.24 score  63.6 pi -0.016 v 8.627 |    762s
upd  341 | mg ret   1.48 pi -0.033 v 0.006 H 0.112 | dino ret  16.87 score 104.2 pi +0.003 v 6.651 |    764s
upd  342 | mg ret   1.42 pi -0.087 v 0.007 H 0.107 | dino ret   5.38 score  67.6 pi +0.136 v 10.166 |    765s
upd  343 | mg ret   1.41 pi -0.051 v 0.005 H 0.080 | dino ret  12.24 score  92.2 pi +0.046 v 8.581 |    767s
upd  344 | mg ret   1.46 pi +0.075 v 0.005 H 0.072 | dino ret   4.69 score  65.9 pi +0.047 v 10.947 |    769s
upd  345 | mg ret   1.43 pi +0.009 v 0.006 H 0.071 | dino ret   5.80 score  71.2 pi -0.017 v 9.823 |    771s
upd  346 | mg ret   1.44 pi -0.004 v 0.005 H 0.105 | dino ret   6.52 score  87.5 pi -0.007 v 9.232 |    773s
upd  347 | mg ret   1.51 pi +0.045 v 0.007 H 0.076 | dino ret  12.08 score  99.0 pi +0.013 v 7.723 |    775s
upd  348 | mg ret   1.43 pi +0.028 v 0.005 H 0.064 | dino ret   9.29 score  80.1 pi -0.021 v 7.793 |    777s
upd  349 | mg ret   1.45 pi +0.014 v 0.005 H 0.044 | dino ret  10.47 score  95.0 pi -0.012 v 7.480 |    779s
upd  350 | mg ret   1.47 pi -0.019 v 0.005 H 0.046 | dino ret   9.77 score  90.3 pi +0.003 v 7.893 |    781s
upd  351 | mg ret   1.43 pi -0.000 v 0.005 H 0.056 | dino ret   8.12 score  76.4 pi -0.002 v 10.002 |    783s
upd  352 | mg ret   1.48 pi -0.008 v 0.008 H 0.089 | dino ret   5.30 score  65.8 pi -0.030 v 9.102 |    785s
upd  353 | mg ret   1.54 pi +0.006 v 0.006 H 0.080 | dino ret   8.90 score  76.9 pi +0.014 v 9.175 |    787s
upd  354 | mg ret   1.46 pi +0.048 v 0.006 H 0.070 | dino ret   5.39 score  61.6 pi -0.018 v 8.400 |    789s
upd  355 | mg ret   1.47 pi -0.025 v 0.005 H 0.073 | dino ret   8.88 score  90.7 pi +0.060 v 8.757 |    791s
upd  356 | mg ret   1.50 pi +0.003 v 0.006 H 0.070 | dino ret   7.16 score  75.0 pi -0.004 v 7.191 |    793s
upd  357 | mg ret   1.39 pi +0.020 v 0.004 H 0.044 | dino ret   7.80 score  74.4 pi +0.002 v 7.995 |    795s
upd  358 | mg ret   1.36 pi +0.006 v 0.004 H 0.052 | dino ret   8.11 score  72.7 pi -0.026 v 8.733 |    797s
upd  359 | mg ret   1.42 pi +0.056 v 0.005 H 0.058 | dino ret  15.63 score 100.6 pi -0.025 v 10.307 |    799s
upd  360 | mg ret   1.42 pi -0.024 v 0.006 H 0.055 | dino ret  11.57 score  90.7 pi +0.060 v 8.824 |    800s
upd  361 | mg ret   1.48 pi +0.009 v 0.005 H 0.055 | dino ret   8.50 score  76.9 pi -0.009 v 7.612 |    802s
upd  362 | mg ret   1.49 pi -0.001 v 0.005 H 0.044 | dino ret   9.85 score  85.6 pi -0.027 v 8.039 |    804s
upd  363 | mg ret   1.52 pi -0.017 v 0.006 H 0.054 | dino ret   7.00 score  85.4 pi -0.009 v 8.660 |    806s
upd  364 | mg ret   1.43 pi +0.016 v 0.007 H 0.065 | dino ret  11.96 score  94.8 pi +0.027 v 9.743 |    808s
upd  365 | mg ret   1.46 pi +0.014 v 0.009 H 0.146 | dino ret   6.32 score  74.3 pi -0.040 v 13.635 |    810s
upd  366 | mg ret   1.52 pi -0.041 v 0.009 H 0.102 | dino ret  13.89 score  88.3 pi +0.103 v 12.424 |    812s
upd  367 | mg ret   1.48 pi +0.005 v 0.008 H 0.073 | dino ret   7.32 score  75.8 pi -0.008 v 9.790 |    814s
upd  368 | mg ret   1.35 pi +0.015 v 0.013 H 0.064 | dino ret  13.39 score  92.5 pi -0.002 v 8.902 |    815s
upd  369 | mg ret   1.37 pi -0.008 v 0.008 H 0.052 | dino ret   4.49 score  65.4 pi -0.000 v 9.042 |    817s
upd  370 | mg ret   1.39 pi +0.056 v 0.010 H 0.088 | dino ret   8.13 score  74.8 pi +0.001 v 8.843 |    819s
upd  371 | mg ret   1.51 pi +0.007 v 0.009 H 0.077 | dino ret   7.78 score  74.2 pi -0.025 v 8.389 |    821s
upd  372 | mg ret   1.46 pi -0.003 v 0.008 H 0.049 | dino ret   7.27 score  86.9 pi -0.009 v 8.386 |    823s
upd  373 | mg ret   1.46 pi -0.132 v 0.010 H 0.062 | dino ret   5.43 score  65.0 pi +0.009 v 8.831 |    825s
upd  374 | mg ret   1.39 pi +0.027 v 0.009 H 0.073 | dino ret  13.37 score 100.6 pi +0.003 v 9.123 |    827s
upd  375 | mg ret   1.42 pi +0.009 v 0.009 H 0.059 | dino ret   7.73 score  73.4 pi +0.052 v 8.504 |    829s
upd  376 | mg ret   1.43 pi -0.032 v 0.005 H 0.025 | dino ret   8.84 score  72.0 pi +0.102 v 8.871 |    831s
upd  377 | mg ret   1.50 pi +0.008 v 0.007 H 0.033 | dino ret   8.11 score  75.7 pi -0.000 v 8.895 |    833s
upd  378 | mg ret   1.29 pi +0.080 v 0.010 H 0.034 | dino ret  11.53 score  91.2 pi -0.038 v 7.951 |    835s
upd  379 | mg ret   1.35 pi -0.005 v 0.008 H 0.040 | dino ret   9.42 score  80.8 pi +0.030 v 9.334 |    837s
upd  380 | mg ret   1.42 pi +0.004 v 0.008 H 0.041 | dino ret   8.52 score  79.0 pi +0.075 v 11.170 |    839s
upd  381 | mg ret   1.47 pi +0.044 v 0.008 H 0.043 | dino ret   7.90 score  78.6 pi +0.015 v 8.920 |    841s
upd  382 | mg ret   1.46 pi +0.006 v 0.007 H 0.031 | dino ret   6.64 score  63.4 pi +0.040 v 10.334 |    843s
upd  383 | mg ret   1.44 pi -0.011 v 0.008 H 0.035 | dino ret  10.29 score  82.8 pi +0.067 v 9.152 |    845s
upd  384 | mg ret   1.43 pi -0.011 v 0.011 H 0.051 | dino ret   4.35 score  64.7 pi -0.014 v 7.733 |    847s
upd  385 | mg ret   1.43 pi +0.004 v 0.009 H 0.051 | dino ret   7.26 score  76.2 pi -0.020 v 8.450 |    849s
upd  386 | mg ret   1.41 pi -0.017 v 0.011 H 0.046 | dino ret  13.58 score 102.3 pi +0.013 v 8.625 |    851s
upd  387 | mg ret   1.52 pi +0.077 v 0.009 H 0.037 | dino ret   5.16 score  63.3 pi +0.003 v 9.995 |    853s
upd  388 | mg ret   1.45 pi -0.009 v 0.008 H 0.046 | dino ret  10.61 score  82.5 pi -0.016 v 6.647 |    855s
upd  389 | mg ret   1.43 pi -0.003 v 0.011 H 0.050 | dino ret   7.34 score  70.4 pi +0.046 v 7.671 |    857s
upd  390 | mg ret   1.42 pi +0.019 v 0.018 H 0.039 | dino ret   4.62 score  62.8 pi +0.035 v 10.129 |    858s
upd  391 | mg ret   1.39 pi -0.039 v 0.016 H 0.064 | dino ret   7.71 score  83.8 pi -0.034 v 7.494 |    860s
upd  392 | mg ret   1.42 pi -0.042 v 0.008 H 0.052 | dino ret  12.16 score  90.1 pi +0.050 v 7.060 |    862s
upd  393 | mg ret   1.42 pi -0.005 v 0.009 H 0.046 | dino ret  16.43 score 116.3 pi -0.005 v 9.285 |    864s
upd  394 | mg ret   1.50 pi -0.013 v 0.009 H 0.038 | dino ret   6.34 score  77.3 pi +0.051 v 10.095 |    866s
upd  395 | mg ret   1.50 pi -0.013 v 0.007 H 0.047 | dino ret  10.83 score  80.2 pi -0.071 v 7.783 |    868s
upd  396 | mg ret   1.41 pi -0.004 v 0.007 H 0.063 | dino ret   6.84 score  69.5 pi -0.011 v 7.765 |    870s
upd  397 | mg ret   1.40 pi +0.019 v 0.007 H 0.060 | dino ret   7.62 score  79.9 pi -0.020 v 7.884 |    872s
upd  398 | mg ret   1.48 pi -0.025 v 0.005 H 0.078 | dino ret   9.77 score  85.9 pi -0.045 v 6.660 |    874s
upd  399 | mg ret   1.44 pi +0.007 v 0.005 H 0.053 | dino ret   5.16 score  68.2 pi +0.004 v 9.389 |    876s
upd  400 | mg ret   1.45 pi +0.010 v 0.008 H 0.057 | dino ret   5.71 score  66.6 pi -0.003 v 8.727 |    878s
upd  401 | mg ret   1.44 pi +0.062 v 0.009 H 0.063 | dino ret   8.95 score  76.4 pi -0.019 v 7.406 |    880s
upd  402 | mg ret   1.43 pi +0.023 v 0.010 H 0.046 | dino ret   8.96 score  79.2 pi +0.083 v 9.390 |    882s
upd  403 | mg ret   1.45 pi -0.025 v 0.013 H 0.077 | dino ret   4.02 score  66.4 pi +0.006 v 7.999 |    884s
upd  404 | mg ret   1.49 pi -0.016 v 0.014 H 0.043 | dino ret   7.70 score  79.1 pi +0.016 v 7.741 |    886s
upd  405 | mg ret   1.34 pi +0.016 v 0.009 H 0.050 | dino ret   8.48 score  79.6 pi -0.012 v 8.131 |    888s
upd  406 | mg ret   1.39 pi +0.001 v 0.009 H 0.070 | dino ret  11.12 score  82.3 pi +0.027 v 7.959 |    890s
upd  407 | mg ret   1.46 pi -0.065 v 0.014 H 0.053 | dino ret   8.03 score  72.6 pi -0.006 v 7.856 |    892s
upd  408 | mg ret   1.49 pi -0.027 v 0.013 H 0.054 | dino ret   5.93 score  71.8 pi +0.020 v 8.420 |    894s
upd  409 | mg ret   1.46 pi +0.062 v 0.012 H 0.070 | dino ret   5.38 score  62.0 pi -0.085 v 5.894 |    896s
upd  410 | mg ret   1.41 pi +0.084 v 0.008 H 0.055 | dino ret   7.20 score  64.5 pi -0.014 v 6.722 |    898s
upd  411 | mg ret   1.46 pi -0.082 v 0.010 H 0.166 | dino ret  10.80 score  85.0 pi -0.006 v 9.793 |    900s
upd  412 | mg ret   1.28 pi +0.022 v 0.012 H 0.193 | dino ret   9.35 score  78.9 pi -0.071 v 8.678 |    902s
upd  413 | mg ret   1.37 pi +0.072 v 0.015 H 0.089 | dino ret  12.45 score  95.4 pi +0.003 v 9.669 |    904s
upd  414 | mg ret   1.40 pi -0.021 v 0.013 H 0.059 | dino ret   4.97 score  69.2 pi -0.004 v 9.856 |    907s
upd  415 | mg ret   1.42 pi +0.014 v 0.008 H 0.106 | dino ret   1.91 score  47.7 pi -0.021 v 8.042 |    909s
upd  416 | mg ret   1.48 pi +0.073 v 0.010 H 0.119 | dino ret   7.39 score  88.9 pi +0.012 v 6.045 |    911s
upd  417 | mg ret   1.41 pi -0.056 v 0.012 H 0.177 | dino ret  12.66 score 114.3 pi +0.058 v 6.294 |    914s
upd  418 | mg ret   1.39 pi -0.159 v 0.014 H 0.131 | dino ret   6.83 score  73.8 pi -0.038 v 6.563 |    916s
upd  419 | mg ret   1.42 pi +0.052 v 0.012 H 0.106 | dino ret   7.22 score  76.6 pi +0.059 v 13.306 |    918s
upd  420 | mg ret   1.41 pi +0.111 v 0.012 H 0.123 | dino ret   7.92 score  73.2 pi -0.025 v 7.408 |    920s
upd  421 | mg ret   1.22 pi -0.003 v 0.013 H 0.148 | dino ret   8.97 score  89.7 pi -0.012 v 8.626 |    922s
upd  422 | mg ret   1.12 pi +0.008 v 0.013 H 0.130 | dino ret   5.93 score  70.2 pi +0.023 v 12.077 |    924s
upd  423 | mg ret   1.33 pi -0.004 v 0.014 H 0.237 | dino ret  10.53 score  88.4 pi -0.023 v 7.747 |    926s
upd  424 | mg ret   1.33 pi -0.008 v 0.020 H 0.177 | dino ret  10.42 score  94.1 pi +0.048 v 8.838 |    928s
upd  425 | mg ret   1.53 pi -0.068 v 0.014 H 0.154 | dino ret   8.93 score  82.1 pi -0.035 v 6.810 |    930s
upd  426 | mg ret   1.47 pi +0.001 v 0.011 H 0.102 | dino ret   4.92 score  61.5 pi -0.045 v 8.084 |    932s
upd  427 | mg ret   1.48 pi +0.072 v 0.010 H 0.213 | dino ret   8.00 score  74.1 pi -0.074 v 8.189 |    933s
upd  428 | mg ret   1.43 pi +0.001 v 0.010 H 0.221 | dino ret  11.21 score  96.2 pi -0.028 v 5.189 |    935s
upd  429 | mg ret   1.36 pi +0.079 v 0.010 H 0.168 | dino ret  10.49 score  92.7 pi -0.034 v 8.259 |    937s
upd  430 | mg ret   1.42 pi +0.018 v 0.011 H 0.199 | dino ret   8.51 score  81.9 pi +0.006 v 8.727 |    939s
upd  431 | mg ret   1.48 pi -0.029 v 0.007 H 0.157 | dino ret   8.82 score  83.6 pi -0.056 v 7.232 |    941s
upd  432 | mg ret   1.43 pi -0.017 v 0.008 H 0.209 | dino ret   6.87 score  74.5 pi -0.007 v 7.262 |    943s
upd  433 | mg ret   1.46 pi +0.012 v 0.006 H 0.202 | dino ret   6.24 score  69.7 pi -0.047 v 9.769 |    945s
upd  434 | mg ret   1.35 pi +0.015 v 0.007 H 0.242 | dino ret   9.03 score  85.5 pi +0.059 v 10.300 |    947s
upd  435 | mg ret   1.44 pi -0.007 v 0.006 H 0.168 | dino ret   5.65 score  72.9 pi -0.095 v 10.144 |    949s
upd  436 | mg ret   1.44 pi +0.016 v 0.006 H 0.132 | dino ret   9.03 score  80.6 pi -0.138 v 10.430 |    952s
upd  437 | mg ret   1.46 pi -0.003 v 0.006 H 0.110 | dino ret  10.27 score  76.1 pi +0.050 v 7.529 |    954s
upd  438 | mg ret   1.45 pi -0.019 v 0.006 H 0.197 | dino ret  11.93 score  89.8 pi -0.010 v 9.113 |    957s
upd  439 | mg ret   1.41 pi -0.010 v 0.006 H 0.184 | dino ret   6.83 score  74.3 pi +0.049 v 8.459 |    959s
upd  440 | mg ret   1.42 pi -0.008 v 0.005 H 0.143 | dino ret   9.11 score  77.3 pi -0.017 v 6.931 |    961s
upd  441 | mg ret   1.46 pi -0.006 v 0.006 H 0.181 | dino ret  10.54 score  83.4 pi -0.016 v 8.118 |    963s
upd  442 | mg ret   1.48 pi -0.003 v 0.006 H 0.223 | dino ret  10.85 score  90.8 pi +0.030 v 8.599 |    965s
upd  443 | mg ret   1.36 pi -0.008 v 0.010 H 0.262 | dino ret   9.86 score  86.0 pi -0.015 v 9.325 |    967s
upd  444 | mg ret   1.39 pi +0.043 v 0.012 H 0.173 | dino ret   8.10 score  88.5 pi +0.037 v 10.032 |    969s
upd  445 | mg ret   1.31 pi -0.013 v 0.009 H 0.144 | dino ret   6.17 score  77.7 pi -0.001 v 8.670 |    971s
upd  446 | mg ret   1.48 pi -0.014 v 0.008 H 0.137 | dino ret   9.71 score  81.2 pi +0.016 v 8.616 |    973s
upd  447 | mg ret   1.54 pi +0.018 v 0.008 H 0.122 | dino ret   7.81 score  70.3 pi -0.006 v 7.228 |    975s
upd  448 | mg ret   1.42 pi +0.001 v 0.006 H 0.126 | dino ret   7.54 score  74.5 pi +0.001 v 9.019 |    977s
upd  449 | mg ret   1.51 pi -0.014 v 0.007 H 0.134 | dino ret   9.57 score  95.8 pi -0.031 v 7.851 |    979s
upd  450 | mg ret   1.43 pi +0.002 v 0.007 H 0.131 | dino ret   6.91 score  76.5 pi -0.009 v 10.590 |    981s
upd  451 | mg ret   1.45 pi -0.000 v 0.007 H 0.131 | dino ret   9.00 score  80.9 pi +0.004 v 8.207 |    984s
upd  452 | mg ret   1.49 pi -0.007 v 0.006 H 0.103 | dino ret  10.21 score  87.2 pi +0.049 v 9.474 |    986s
upd  453 | mg ret   1.37 pi +0.003 v 0.007 H 0.118 | dino ret   8.20 score  80.5 pi -0.079 v 7.543 |    988s
upd  454 | mg ret   1.43 pi +0.033 v 0.007 H 0.104 | dino ret  11.78 score  91.8 pi -0.034 v 8.670 |    990s
upd  455 | mg ret   1.45 pi +0.086 v 0.008 H 0.139 | dino ret  11.13 score  86.4 pi -0.034 v 8.615 |    992s
upd  456 | mg ret   1.49 pi -0.002 v 0.006 H 0.107 | dino ret   5.49 score  68.2 pi -0.006 v 8.425 |    994s
upd  457 | mg ret   1.44 pi -0.006 v 0.007 H 0.110 | dino ret  10.99 score  95.8 pi -0.010 v 7.687 |    997s
upd  458 | mg ret   1.49 pi -0.063 v 0.009 H 0.107 | dino ret   9.68 score  90.4 pi +0.002 v 8.323 |    999s
upd  459 | mg ret   1.48 pi -0.003 v 0.007 H 0.092 | dino ret   5.54 score  70.2 pi -0.054 v 9.635 |   1002s
upd  460 | mg ret   1.48 pi -0.002 v 0.006 H 0.074 | dino ret   5.71 score  64.1 pi +0.025 v 8.211 |   1004s
upd  461 | mg ret   1.45 pi -0.037 v 0.007 H 0.098 | dino ret   7.39 score  67.6 pi +0.100 v 9.906 |   1006s
upd  462 | mg ret   1.44 pi -0.004 v 0.005 H 0.103 | dino ret  13.41 score  95.9 pi +0.045 v 7.585 |   1009s
upd  463 | mg ret   1.37 pi -0.033 v 0.009 H 0.145 | dino ret   6.75 score  72.1 pi +0.072 v 9.445 |   1011s
upd  464 | mg ret   1.29 pi +0.015 v 0.006 H 0.190 | dino ret   6.06 score  75.5 pi +0.001 v 6.213 |   1013s
upd  465 | mg ret   1.33 pi -0.029 v 0.008 H 0.106 | dino ret   4.92 score  74.4 pi +0.005 v 8.853 |   1016s
upd  466 | mg ret   1.43 pi +0.044 v 0.007 H 0.120 | dino ret  12.20 score  97.0 pi +0.002 v 5.998 |   1018s
upd  467 | mg ret   1.48 pi +0.051 v 0.006 H 0.098 | dino ret  11.97 score  91.2 pi +0.031 v 6.803 |   1020s
upd  468 | mg ret   1.50 pi +0.004 v 0.006 H 0.093 | dino ret   7.91 score  84.2 pi +0.006 v 8.504 |   1022s
upd  469 | mg ret   1.46 pi +0.008 v 0.007 H 0.096 | dino ret   7.63 score  75.9 pi +0.011 v 7.246 |   1024s
upd  470 | mg ret   1.45 pi -0.073 v 0.007 H 0.080 | dino ret  10.62 score  88.4 pi -0.016 v 7.099 |   1026s
upd  471 | mg ret   1.40 pi +0.054 v 0.006 H 0.079 | dino ret   8.76 score  76.9 pi +0.012 v 10.142 |   1028s
upd  472 | mg ret   1.39 pi +0.045 v 0.006 H 0.168 | dino ret   5.97 score  70.0 pi +0.024 v 10.228 |   1029s
upd  473 | mg ret   1.29 pi -0.034 v 0.010 H 0.137 | dino ret  12.27 score  88.4 pi -0.008 v 6.863 |   1031s
upd  474 | mg ret   1.37 pi +0.019 v 0.010 H 0.073 | dino ret   4.00 score  63.9 pi -0.003 v 11.058 |   1033s
upd  475 | mg ret   1.41 pi -0.014 v 0.009 H 0.069 | dino ret   6.17 score  77.3 pi -0.007 v 9.095 |   1035s
upd  476 | mg ret   1.46 pi -0.008 v 0.009 H 0.070 | dino ret   8.45 score  84.2 pi -0.042 v 7.317 |   1038s
upd  477 | mg ret   1.40 pi -0.001 v 0.010 H 0.072 | dino ret   8.64 score  73.1 pi -0.001 v 10.105 |   1040s
upd  478 | mg ret   1.43 pi -0.017 v 0.008 H 0.076 | dino ret  11.19 score  88.3 pi +0.022 v 9.783 |   1042s
upd  479 | mg ret   1.47 pi -0.044 v 0.010 H 0.075 | dino ret   9.15 score  83.8 pi +0.036 v 7.817 |   1044s
upd  480 | mg ret   1.45 pi +0.005 v 0.013 H 0.111 | dino ret   4.60 score  68.5 pi +0.005 v 9.478 |   1046s
upd  481 | mg ret   1.35 pi +0.003 v 0.011 H 0.127 | dino ret   5.42 score  59.1 pi -0.000 v 7.110 |   1048s
upd  482 | mg ret   1.50 pi +0.002 v 0.014 H 0.171 | dino ret  10.07 score  86.0 pi -0.049 v 5.980 |   1050s
upd  483 | mg ret   1.38 pi +0.020 v 0.013 H 0.213 | dino ret   7.46 score  72.4 pi -0.029 v 7.927 |   1052s
upd  484 | mg ret   1.38 pi +0.011 v 0.014 H 0.135 | dino ret   8.50 score  76.6 pi -0.027 v 9.710 |   1054s
upd  485 | mg ret   1.37 pi +0.011 v 0.012 H 0.111 | dino ret   7.06 score  67.4 pi +0.059 v 7.940 |   1056s
upd  486 | mg ret   1.31 pi -0.027 v 0.010 H 0.077 | dino ret   9.75 score  84.2 pi -0.020 v 12.235 |   1058s
upd  487 | mg ret   1.41 pi +0.001 v 0.007 H 0.078 | dino ret   8.51 score  82.6 pi +0.025 v 7.263 |   1060s
upd  488 | mg ret   1.47 pi -0.015 v 0.009 H 0.075 | dino ret   6.72 score  69.9 pi +0.007 v 7.662 |   1062s
upd  489 | mg ret   1.49 pi -0.006 v 0.010 H 0.051 | dino ret  10.06 score  90.9 pi +0.000 v 8.158 |   1064s
upd  490 | mg ret   1.46 pi -0.000 v 0.008 H 0.069 | dino ret   4.17 score  59.3 pi -0.009 v 7.495 |   1066s
upd  491 | mg ret   1.52 pi +0.005 v 0.008 H 0.067 | dino ret   7.13 score  71.8 pi +0.049 v 9.798 |   1068s
upd  492 | mg ret   1.48 pi -0.010 v 0.008 H 0.076 | dino ret  12.22 score  86.8 pi -0.007 v 9.857 |   1071s
upd  493 | mg ret   1.48 pi +0.001 v 0.011 H 0.089 | dino ret   5.82 score  67.9 pi -0.015 v 9.360 |   1073s
upd  494 | mg ret   1.48 pi +0.014 v 0.009 H 0.104 | dino ret   5.37 score  71.5 pi -0.008 v 9.788 |   1075s
upd  495 | mg ret   1.44 pi +0.006 v 0.012 H 0.174 | dino ret  11.14 score  86.5 pi -0.029 v 8.722 |   1077s
upd  496 | mg ret   1.42 pi +0.041 v 0.010 H 0.151 | dino ret   9.83 score  83.6 pi -0.000 v 7.576 |   1078s
upd  497 | mg ret   1.45 pi -0.071 v 0.013 H 0.208 | dino ret   9.76 score  78.2 pi +0.003 v 8.741 |   1080s
upd  498 | mg ret   1.46 pi +0.013 v 0.013 H 0.143 | dino ret   7.93 score  80.4 pi -0.022 v 8.519 |   1082s
upd  499 | mg ret   1.39 pi -0.002 v 0.011 H 0.120 | dino ret  11.74 score  94.9 pi -0.011 v 7.493 |   1084s
upd  500 | mg ret   1.39 pi +0.011 v 0.011 H 0.145 | dino ret   5.83 score  76.6 pi +0.022 v 7.231 |   1086s
